[0.030s] Invoking command in '/home/robot/Desktop/Session09/Johnny-Answers-Session09/build/cpp_turtle': CMAKE_PREFIX_PATH=${CMAKE_PREFIX_PATH}:/opt/ros/humble /usr/bin/cmake --build /home/robot/Desktop/Session09/Johnny-Answers-Session09/build/cpp_turtle -- -j6 -l6
[0.250s] [  8%] Built target cpp_turtle__rosidl_generator_c
[0.270s] [ 10%] Built target cpp_turtle__cpp
[0.302s] [ 14%] Built target initNode
[0.343s] [ 14%] Built target ament_cmake_python_copy_cpp_turtle
[0.383s] [ 23%] Built target cpp_turtle__rosidl_typesupport_fastrtps_c
[0.416s] [ 31%] Built target cpp_turtle__rosidl_typesupport_c
[0.417s] [ 42%] Built target cpp_turtle__rosidl_typesupport_cpp
[0.419s] [ 48%] Built target cpp_turtle__rosidl_typesupport_introspection_c
[0.519s] [ 57%] Built target cpp_turtle__rosidl_typesupport_fastrtps_cpp
[0.568s] [35m[1mConsolidate compiler generated dependencies of target robot_driver[0m
[0.584s] [ 61%] Built target lap_time_action_client
[0.607s] [ 65%] Built target lap_time_action_server
[0.637s] [ 74%] Built target cpp_turtle__rosidl_typesupport_introspection_cpp
[0.666s] [ 76%] [32mBuilding CXX object CMakeFiles/robot_driver.dir/src/robot_driver.cpp.o[0m
[0.761s] [ 76%] Built target cpp_turtle
[0.863s] [ 78%] Built target cpp_turtle__py
[0.973s] [ 85%] Built target cpp_turtle__rosidl_generator_py
[1.133s] [ 89%] Built target cpp_turtle__rosidl_typesupport_c__pyext
[1.145s] [ 93%] Built target cpp_turtle__rosidl_typesupport_introspection_c__pyext
[1.196s] [ 97%] Built target cpp_turtle__rosidl_typesupport_fastrtps_c__pyext
[1.275s] running egg_info
[1.275s] writing cpp_turtle.egg-info/PKG-INFO
[1.276s] writing dependency_links to cpp_turtle.egg-info/dependency_links.txt
[1.276s] writing top-level names to cpp_turtle.egg-info/top_level.txt
[1.281s] reading manifest file 'cpp_turtle.egg-info/SOURCES.txt'
[1.283s] writing manifest file 'cpp_turtle.egg-info/SOURCES.txt'
[1.377s] [ 97%] Built target ament_cmake_python_build_cpp_turtle_egg
[19.531s] [100%] [32m[1mLinking CXX executable robot_driver[0m
[20.599s] [100%] Built target robot_driver
[20.641s] Invoked command in '/home/robot/Desktop/Session09/Johnny-Answers-Session09/build/cpp_turtle' returned '0': CMAKE_PREFIX_PATH=${CMAKE_PREFIX_PATH}:/opt/ros/humble /usr/bin/cmake --build /home/robot/Desktop/Session09/Johnny-Answers-Session09/build/cpp_turtle -- -j6 -l6
[21.269s] Invoking command in '/home/robot/Desktop/Session09/Johnny-Answers-Session09/build/cpp_turtle': CMAKE_PREFIX_PATH=${CMAKE_PREFIX_PATH}:/opt/ros/humble /usr/bin/cmake --install /home/robot/Desktop/Session09/Johnny-Answers-Session09/build/cpp_turtle
[21.296s] -- Install configuration: ""
[21.296s] -- Up-to-date: /home/robot/Desktop/Session09/Johnny-Answers-Session09/install/cpp_turtle/lib/cpp_turtle/initNode
[21.296s] -- Up-to-date: /home/robot/Desktop/Session09/Johnny-Answers-Session09/install/cpp_turtle/share/ament_index/resource_index/rosidl_interfaces/cpp_turtle
[21.296s] -- Up-to-date: /home/robot/Desktop/Session09/Johnny-Answers-Session09/install/cpp_turtle/include/cpp_turtle/cpp_turtle
[21.296s] -- Up-to-date: /home/robot/Desktop/Session09/Johnny-Answers-Session09/install/cpp_turtle/include/cpp_turtle/cpp_turtle/msg
[21.297s] -- Up-to-date: /home/robot/Desktop/Session09/Johnny-Answers-Session09/install/cpp_turtle/include/cpp_turtle/cpp_turtle/msg/rosidl_generator_c__visibility_control.h
[21.297s] -- Up-to-date: /home/robot/Desktop/Session09/Johnny-Answers-Session09/install/cpp_turtle/include/cpp_turtle/cpp_turtle/action
[21.297s] -- Up-to-date: /home/robot/Desktop/Session09/Johnny-Answers-Session09/install/cpp_turtle/include/cpp_turtle/cpp_turtle/action/measure_lap_time.h
[21.297s] -- Up-to-date: /home/robot/Desktop/Session09/Johnny-Answers-Session09/install/cpp_turtle/include/cpp_turtle/cpp_turtle/action/detail
[21.297s] -- Up-to-date: /home/robot/Desktop/Session09/Johnny-Answers-Session09/install/cpp_turtle/include/cpp_turtle/cpp_turtle/action/detail/measure_lap_time__functions.h
[21.298s] -- Up-to-date: /home/robot/Desktop/Session09/Johnny-Answers-Session09/install/cpp_turtle/include/cpp_turtle/cpp_turtle/action/detail/measure_lap_time__struct.h
[21.298s] -- Up-to-date: /home/robot/Desktop/Session09/Johnny-Answers-Session09/install/cpp_turtle/include/cpp_turtle/cpp_turtle/action/detail/measure_lap_time__type_support.h
[21.298s] -- Up-to-date: /home/robot/Desktop/Session09/Johnny-Answers-Session09/install/cpp_turtle/include/cpp_turtle/cpp_turtle/action/detail/measure_lap_time__functions.c
[21.298s] -- Up-to-date: /home/robot/Desktop/Session09/Johnny-Answers-Session09/install/cpp_turtle/include/cpp_turtle/cpp_turtle/srv
[21.298s] -- Up-to-date: /home/robot/Desktop/Session09/Johnny-Answers-Session09/install/cpp_turtle/include/cpp_turtle/cpp_turtle/srv/find_wall.h
[21.299s] -- Up-to-date: /home/robot/Desktop/Session09/Johnny-Answers-Session09/install/cpp_turtle/include/cpp_turtle/cpp_turtle/srv/detail
[21.299s] -- Up-to-date: /home/robot/Desktop/Session09/Johnny-Answers-Session09/install/cpp_turtle/include/cpp_turtle/cpp_turtle/srv/detail/find_wall__functions.c
[21.299s] -- Up-to-date: /home/robot/Desktop/Session09/Johnny-Answers-Session09/install/cpp_turtle/include/cpp_turtle/cpp_turtle/srv/detail/find_wall__type_support.h
[21.299s] -- Up-to-date: /home/robot/Desktop/Session09/Johnny-Answers-Session09/install/cpp_turtle/include/cpp_turtle/cpp_turtle/srv/detail/find_wall__functions.h
[21.299s] -- Up-to-date: /home/robot/Desktop/Session09/Johnny-Answers-Session09/install/cpp_turtle/include/cpp_turtle/cpp_turtle/srv/detail/find_wall__struct.h
[21.299s] -- Up-to-date: /home/robot/Desktop/Session09/Johnny-Answers-Session09/install/cpp_turtle/share/cpp_turtle/environment/library_path.sh
[21.300s] -- Up-to-date: /home/robot/Desktop/Session09/Johnny-Answers-Session09/install/cpp_turtle/share/cpp_turtle/environment/library_path.dsv
[21.300s] -- Up-to-date: /home/robot/Desktop/Session09/Johnny-Answers-Session09/install/cpp_turtle/lib/libcpp_turtle__rosidl_generator_c.so
[21.300s] -- Up-to-date: /home/robot/Desktop/Session09/Johnny-Answers-Session09/install/cpp_turtle/include/cpp_turtle/cpp_turtle
[21.300s] -- Up-to-date: /home/robot/Desktop/Session09/Johnny-Answers-Session09/install/cpp_turtle/include/cpp_turtle/cpp_turtle/msg
[21.300s] -- Up-to-date: /home/robot/Desktop/Session09/Johnny-Answers-Session09/install/cpp_turtle/include/cpp_turtle/cpp_turtle/msg/rosidl_typesupport_fastrtps_c__visibility_control.h
[21.300s] -- Up-to-date: /home/robot/Desktop/Session09/Johnny-Answers-Session09/install/cpp_turtle/include/cpp_turtle/cpp_turtle/action
[21.300s] -- Up-to-date: /home/robot/Desktop/Session09/Johnny-Answers-Session09/install/cpp_turtle/include/cpp_turtle/cpp_turtle/action/detail
[21.301s] -- Up-to-date: /home/robot/Desktop/Session09/Johnny-Answers-Session09/install/cpp_turtle/include/cpp_turtle/cpp_turtle/action/detail/measure_lap_time__rosidl_typesupport_fastrtps_c.h
[21.301s] -- Up-to-date: /home/robot/Desktop/Session09/Johnny-Answers-Session09/install/cpp_turtle/include/cpp_turtle/cpp_turtle/srv
[21.301s] -- Up-to-date: /home/robot/Desktop/Session09/Johnny-Answers-Session09/install/cpp_turtle/include/cpp_turtle/cpp_turtle/srv/detail
[21.301s] -- Up-to-date: /home/robot/Desktop/Session09/Johnny-Answers-Session09/install/cpp_turtle/include/cpp_turtle/cpp_turtle/srv/detail/find_wall__rosidl_typesupport_fastrtps_c.h
[21.301s] -- Up-to-date: /home/robot/Desktop/Session09/Johnny-Answers-Session09/install/cpp_turtle/lib/libcpp_turtle__rosidl_typesupport_fastrtps_c.so
[21.301s] -- Up-to-date: /home/robot/Desktop/Session09/Johnny-Answers-Session09/install/cpp_turtle/include/cpp_turtle/cpp_turtle
[21.301s] -- Up-to-date: /home/robot/Desktop/Session09/Johnny-Answers-Session09/install/cpp_turtle/include/cpp_turtle/cpp_turtle/msg
[21.302s] -- Up-to-date: /home/robot/Desktop/Session09/Johnny-Answers-Session09/install/cpp_turtle/include/cpp_turtle/cpp_turtle/msg/rosidl_typesupport_introspection_c__visibility_control.h
[21.302s] -- Up-to-date: /home/robot/Desktop/Session09/Johnny-Answers-Session09/install/cpp_turtle/include/cpp_turtle/cpp_turtle/action
[21.302s] -- Up-to-date: /home/robot/Desktop/Session09/Johnny-Answers-Session09/install/cpp_turtle/include/cpp_turtle/cpp_turtle/action/detail
[21.302s] -- Up-to-date: /home/robot/Desktop/Session09/Johnny-Answers-Session09/install/cpp_turtle/include/cpp_turtle/cpp_turtle/action/detail/measure_lap_time__type_support.c
[21.302s] -- Up-to-date: /home/robot/Desktop/Session09/Johnny-Answers-Session09/install/cpp_turtle/include/cpp_turtle/cpp_turtle/action/detail/measure_lap_time__rosidl_typesupport_introspection_c.h
[21.302s] -- Up-to-date: /home/robot/Desktop/Session09/Johnny-Answers-Session09/install/cpp_turtle/include/cpp_turtle/cpp_turtle/srv
[21.302s] -- Up-to-date: /home/robot/Desktop/Session09/Johnny-Answers-Session09/install/cpp_turtle/include/cpp_turtle/cpp_turtle/srv/detail
[21.303s] -- Up-to-date: /home/robot/Desktop/Session09/Johnny-Answers-Session09/install/cpp_turtle/include/cpp_turtle/cpp_turtle/srv/detail/find_wall__rosidl_typesupport_introspection_c.h
[21.303s] -- Up-to-date: /home/robot/Desktop/Session09/Johnny-Answers-Session09/install/cpp_turtle/include/cpp_turtle/cpp_turtle/srv/detail/find_wall__type_support.c
[21.303s] -- Up-to-date: /home/robot/Desktop/Session09/Johnny-Answers-Session09/install/cpp_turtle/lib/libcpp_turtle__rosidl_typesupport_introspection_c.so
[21.308s] -- Up-to-date: /home/robot/Desktop/Session09/Johnny-Answers-Session09/install/cpp_turtle/lib/libcpp_turtle__rosidl_typesupport_c.so
[21.308s] -- Up-to-date: /home/robot/Desktop/Session09/Johnny-Answers-Session09/install/cpp_turtle/include/cpp_turtle/cpp_turtle
[21.308s] -- Up-to-date: /home/robot/Desktop/Session09/Johnny-Answers-Session09/install/cpp_turtle/include/cpp_turtle/cpp_turtle/action
[21.309s] -- Up-to-date: /home/robot/Desktop/Session09/Johnny-Answers-Session09/install/cpp_turtle/include/cpp_turtle/cpp_turtle/action/detail
[21.309s] -- Up-to-date: /home/robot/Desktop/Session09/Johnny-Answers-Session09/install/cpp_turtle/include/cpp_turtle/cpp_turtle/action/detail/measure_lap_time__traits.hpp
[21.309s] -- Up-to-date: /home/robot/Desktop/Session09/Johnny-Answers-Session09/install/cpp_turtle/include/cpp_turtle/cpp_turtle/action/detail/measure_lap_time__builder.hpp
[21.309s] -- Up-to-date: /home/robot/Desktop/Session09/Johnny-Answers-Session09/install/cpp_turtle/include/cpp_turtle/cpp_turtle/action/detail/measure_lap_time__struct.hpp
[21.309s] -- Up-to-date: /home/robot/Desktop/Session09/Johnny-Answers-Session09/install/cpp_turtle/include/cpp_turtle/cpp_turtle/action/measure_lap_time.hpp
[21.309s] -- Up-to-date: /home/robot/Desktop/Session09/Johnny-Answers-Session09/install/cpp_turtle/include/cpp_turtle/cpp_turtle/srv
[21.310s] -- Up-to-date: /home/robot/Desktop/Session09/Johnny-Answers-Session09/install/cpp_turtle/include/cpp_turtle/cpp_turtle/srv/detail
[21.310s] -- Up-to-date: /home/robot/Desktop/Session09/Johnny-Answers-Session09/install/cpp_turtle/include/cpp_turtle/cpp_turtle/srv/detail/find_wall__builder.hpp
[21.310s] -- Up-to-date: /home/robot/Desktop/Session09/Johnny-Answers-Session09/install/cpp_turtle/include/cpp_turtle/cpp_turtle/srv/detail/find_wall__struct.hpp
[21.310s] -- Up-to-date: /home/robot/Desktop/Session09/Johnny-Answers-Session09/install/cpp_turtle/include/cpp_turtle/cpp_turtle/srv/detail/find_wall__traits.hpp
[21.310s] -- Up-to-date: /home/robot/Desktop/Session09/Johnny-Answers-Session09/install/cpp_turtle/include/cpp_turtle/cpp_turtle/srv/find_wall.hpp
[21.310s] -- Up-to-date: /home/robot/Desktop/Session09/Johnny-Answers-Session09/install/cpp_turtle/include/cpp_turtle/cpp_turtle
[21.311s] -- Up-to-date: /home/robot/Desktop/Session09/Johnny-Answers-Session09/install/cpp_turtle/include/cpp_turtle/cpp_turtle/msg
[21.311s] -- Up-to-date: /home/robot/Desktop/Session09/Johnny-Answers-Session09/install/cpp_turtle/include/cpp_turtle/cpp_turtle/msg/rosidl_typesupport_fastrtps_cpp__visibility_control.h
[21.311s] -- Up-to-date: /home/robot/Desktop/Session09/Johnny-Answers-Session09/install/cpp_turtle/include/cpp_turtle/cpp_turtle/action
[21.311s] -- Up-to-date: /home/robot/Desktop/Session09/Johnny-Answers-Session09/install/cpp_turtle/include/cpp_turtle/cpp_turtle/action/detail
[21.311s] -- Up-to-date: /home/robot/Desktop/Session09/Johnny-Answers-Session09/install/cpp_turtle/include/cpp_turtle/cpp_turtle/action/detail/measure_lap_time__rosidl_typesupport_fastrtps_cpp.hpp
[21.311s] -- Up-to-date: /home/robot/Desktop/Session09/Johnny-Answers-Session09/install/cpp_turtle/include/cpp_turtle/cpp_turtle/action/detail/dds_fastrtps
[21.311s] -- Up-to-date: /home/robot/Desktop/Session09/Johnny-Answers-Session09/install/cpp_turtle/include/cpp_turtle/cpp_turtle/srv
[21.312s] -- Up-to-date: /home/robot/Desktop/Session09/Johnny-Answers-Session09/install/cpp_turtle/include/cpp_turtle/cpp_turtle/srv/detail
[21.312s] -- Up-to-date: /home/robot/Desktop/Session09/Johnny-Answers-Session09/install/cpp_turtle/include/cpp_turtle/cpp_turtle/srv/detail/find_wall__rosidl_typesupport_fastrtps_cpp.hpp
[21.315s] -- Up-to-date: /home/robot/Desktop/Session09/Johnny-Answers-Session09/install/cpp_turtle/include/cpp_turtle/cpp_turtle/srv/detail/dds_fastrtps
[21.316s] -- Up-to-date: /home/robot/Desktop/Session09/Johnny-Answers-Session09/install/cpp_turtle/lib/libcpp_turtle__rosidl_typesupport_fastrtps_cpp.so
[21.316s] -- Up-to-date: /home/robot/Desktop/Session09/Johnny-Answers-Session09/install/cpp_turtle/include/cpp_turtle/cpp_turtle
[21.316s] -- Up-to-date: /home/robot/Desktop/Session09/Johnny-Answers-Session09/install/cpp_turtle/include/cpp_turtle/cpp_turtle/action
[21.316s] -- Up-to-date: /home/robot/Desktop/Session09/Johnny-Answers-Session09/install/cpp_turtle/include/cpp_turtle/cpp_turtle/action/detail
[21.316s] -- Up-to-date: /home/robot/Desktop/Session09/Johnny-Answers-Session09/install/cpp_turtle/include/cpp_turtle/cpp_turtle/action/detail/measure_lap_time__rosidl_typesupport_introspection_cpp.hpp
[21.317s] -- Up-to-date: /home/robot/Desktop/Session09/Johnny-Answers-Session09/install/cpp_turtle/include/cpp_turtle/cpp_turtle/action/detail/measure_lap_time__type_support.cpp
[21.317s] -- Up-to-date: /home/robot/Desktop/Session09/Johnny-Answers-Session09/install/cpp_turtle/include/cpp_turtle/cpp_turtle/srv
[21.317s] -- Up-to-date: /home/robot/Desktop/Session09/Johnny-Answers-Session09/install/cpp_turtle/include/cpp_turtle/cpp_turtle/srv/detail
[21.317s] -- Up-to-date: /home/robot/Desktop/Session09/Johnny-Answers-Session09/install/cpp_turtle/include/cpp_turtle/cpp_turtle/srv/detail/find_wall__rosidl_typesupport_introspection_cpp.hpp
[21.317s] -- Up-to-date: /home/robot/Desktop/Session09/Johnny-Answers-Session09/install/cpp_turtle/include/cpp_turtle/cpp_turtle/srv/detail/find_wall__type_support.cpp
[21.317s] -- Up-to-date: /home/robot/Desktop/Session09/Johnny-Answers-Session09/install/cpp_turtle/lib/libcpp_turtle__rosidl_typesupport_introspection_cpp.so
[21.318s] -- Up-to-date: /home/robot/Desktop/Session09/Johnny-Answers-Session09/install/cpp_turtle/lib/libcpp_turtle__rosidl_typesupport_cpp.so
[21.318s] -- Up-to-date: /home/robot/Desktop/Session09/Johnny-Answers-Session09/install/cpp_turtle/share/cpp_turtle/environment/pythonpath.sh
[21.318s] -- Up-to-date: /home/robot/Desktop/Session09/Johnny-Answers-Session09/install/cpp_turtle/share/cpp_turtle/environment/pythonpath.dsv
[21.318s] -- Up-to-date: /home/robot/Desktop/Session09/Johnny-Answers-Session09/install/cpp_turtle/local/lib/python3.10/dist-packages/cpp_turtle-0.0.0-py3.10.egg-info
[21.318s] -- Installing: /home/robot/Desktop/Session09/Johnny-Answers-Session09/install/cpp_turtle/local/lib/python3.10/dist-packages/cpp_turtle-0.0.0-py3.10.egg-info/SOURCES.txt
[21.318s] -- Installing: /home/robot/Desktop/Session09/Johnny-Answers-Session09/install/cpp_turtle/local/lib/python3.10/dist-packages/cpp_turtle-0.0.0-py3.10.egg-info/PKG-INFO
[21.319s] -- Installing: /home/robot/Desktop/Session09/Johnny-Answers-Session09/install/cpp_turtle/local/lib/python3.10/dist-packages/cpp_turtle-0.0.0-py3.10.egg-info/dependency_links.txt
[21.319s] -- Installing: /home/robot/Desktop/Session09/Johnny-Answers-Session09/install/cpp_turtle/local/lib/python3.10/dist-packages/cpp_turtle-0.0.0-py3.10.egg-info/top_level.txt
[21.319s] -- Up-to-date: /home/robot/Desktop/Session09/Johnny-Answers-Session09/install/cpp_turtle/local/lib/python3.10/dist-packages/cpp_turtle
[21.331s] -- Up-to-date: /home/robot/Desktop/Session09/Johnny-Answers-Session09/install/cpp_turtle/local/lib/python3.10/dist-packages/cpp_turtle/cpp_turtle_s__rosidl_typesupport_introspection_c.cpython-310-x86_64-linux-gnu.so
[21.331s] -- Up-to-date: /home/robot/Desktop/Session09/Johnny-Answers-Session09/install/cpp_turtle/local/lib/python3.10/dist-packages/cpp_turtle/cpp_turtle_s__rosidl_typesupport_c.cpython-310-x86_64-linux-gnu.so
[21.331s] -- Up-to-date: /home/robot/Desktop/Session09/Johnny-Answers-Session09/install/cpp_turtle/local/lib/python3.10/dist-packages/cpp_turtle/cpp_turtle_s__rosidl_typesupport_fastrtps_c.cpython-310-x86_64-linux-gnu.so
[21.331s] -- Up-to-date: /home/robot/Desktop/Session09/Johnny-Answers-Session09/install/cpp_turtle/local/lib/python3.10/dist-packages/cpp_turtle/_cpp_turtle_s.ep.rosidl_typesupport_fastrtps_c.c
[21.331s] -- Up-to-date: /home/robot/Desktop/Session09/Johnny-Answers-Session09/install/cpp_turtle/local/lib/python3.10/dist-packages/cpp_turtle/libcpp_turtle__rosidl_generator_py.so
[21.331s] -- Up-to-date: /home/robot/Desktop/Session09/Johnny-Answers-Session09/install/cpp_turtle/local/lib/python3.10/dist-packages/cpp_turtle/_cpp_turtle_s.ep.rosidl_typesupport_introspection_c.c
[21.332s] -- Up-to-date: /home/robot/Desktop/Session09/Johnny-Answers-Session09/install/cpp_turtle/local/lib/python3.10/dist-packages/cpp_turtle/action
[21.332s] -- Up-to-date: /home/robot/Desktop/Session09/Johnny-Answers-Session09/install/cpp_turtle/local/lib/python3.10/dist-packages/cpp_turtle/action/_measure_lap_time_s.c
[21.332s] -- Up-to-date: /home/robot/Desktop/Session09/Johnny-Answers-Session09/install/cpp_turtle/local/lib/python3.10/dist-packages/cpp_turtle/action/_measure_lap_time.py
[21.332s] -- Up-to-date: /home/robot/Desktop/Session09/Johnny-Answers-Session09/install/cpp_turtle/local/lib/python3.10/dist-packages/cpp_turtle/action/__init__.py
[21.332s] -- Up-to-date: /home/robot/Desktop/Session09/Johnny-Answers-Session09/install/cpp_turtle/local/lib/python3.10/dist-packages/cpp_turtle/__init__.py
[21.332s] -- Up-to-date: /home/robot/Desktop/Session09/Johnny-Answers-Session09/install/cpp_turtle/local/lib/python3.10/dist-packages/cpp_turtle/srv
[21.332s] -- Up-to-date: /home/robot/Desktop/Session09/Johnny-Answers-Session09/install/cpp_turtle/local/lib/python3.10/dist-packages/cpp_turtle/srv/_find_wall.py
[21.333s] -- Up-to-date: /home/robot/Desktop/Session09/Johnny-Answers-Session09/install/cpp_turtle/local/lib/python3.10/dist-packages/cpp_turtle/srv/_find_wall_s.c
[21.333s] -- Up-to-date: /home/robot/Desktop/Session09/Johnny-Answers-Session09/install/cpp_turtle/local/lib/python3.10/dist-packages/cpp_turtle/srv/__init__.py
[21.334s] -- Up-to-date: /home/robot/Desktop/Session09/Johnny-Answers-Session09/install/cpp_turtle/local/lib/python3.10/dist-packages/cpp_turtle/_cpp_turtle_s.ep.rosidl_typesupport_c.c
[21.385s] Listing '/home/robot/Desktop/Session09/Johnny-Answers-Session09/install/cpp_turtle/local/lib/python3.10/dist-packages/cpp_turtle'...
[21.385s] Listing '/home/robot/Desktop/Session09/Johnny-Answers-Session09/install/cpp_turtle/local/lib/python3.10/dist-packages/cpp_turtle/action'...
[21.386s] Listing '/home/robot/Desktop/Session09/Johnny-Answers-Session09/install/cpp_turtle/local/lib/python3.10/dist-packages/cpp_turtle/srv'...
[21.391s] -- Up-to-date: /home/robot/Desktop/Session09/Johnny-Answers-Session09/install/cpp_turtle/local/lib/python3.10/dist-packages/cpp_turtle/cpp_turtle_s__rosidl_typesupport_fastrtps_c.cpython-310-x86_64-linux-gnu.so
[21.392s] -- Up-to-date: /home/robot/Desktop/Session09/Johnny-Answers-Session09/install/cpp_turtle/local/lib/python3.10/dist-packages/cpp_turtle/cpp_turtle_s__rosidl_typesupport_introspection_c.cpython-310-x86_64-linux-gnu.so
[21.403s] -- Up-to-date: /home/robot/Desktop/Session09/Johnny-Answers-Session09/install/cpp_turtle/local/lib/python3.10/dist-packages/cpp_turtle/cpp_turtle_s__rosidl_typesupport_c.cpython-310-x86_64-linux-gnu.so
[21.403s] -- Up-to-date: /home/robot/Desktop/Session09/Johnny-Answers-Session09/install/cpp_turtle/lib/libcpp_turtle__rosidl_generator_py.so
[21.403s] -- Up-to-date: /home/robot/Desktop/Session09/Johnny-Answers-Session09/install/cpp_turtle/share/cpp_turtle/action/MeasureLapTime.idl
[21.403s] -- Up-to-date: /home/robot/Desktop/Session09/Johnny-Answers-Session09/install/cpp_turtle/share/cpp_turtle/srv/FindWall.idl
[21.403s] -- Up-to-date: /home/robot/Desktop/Session09/Johnny-Answers-Session09/install/cpp_turtle/share/cpp_turtle/action/MeasureLapTime.action
[21.404s] -- Up-to-date: /home/robot/Desktop/Session09/Johnny-Answers-Session09/install/cpp_turtle/share/cpp_turtle/srv/FindWall.srv
[21.404s] -- Up-to-date: /home/robot/Desktop/Session09/Johnny-Answers-Session09/install/cpp_turtle/share/cpp_turtle/srv/FindWall_Request.msg
[21.404s] -- Up-to-date: /home/robot/Desktop/Session09/Johnny-Answers-Session09/install/cpp_turtle/share/cpp_turtle/srv/FindWall_Response.msg
[21.404s] -- Up-to-date: /home/robot/Desktop/Session09/Johnny-Answers-Session09/install/cpp_turtle/lib/cpp_turtle/lap_time_action_client
[21.407s] -- Up-to-date: /home/robot/Desktop/Session09/Johnny-Answers-Session09/install/cpp_turtle/lib/cpp_turtle/lap_time_action_server
[21.407s] -- Installing: /home/robot/Desktop/Session09/Johnny-Answers-Session09/install/cpp_turtle/lib/cpp_turtle/robot_driver
[21.430s] -- Set runtime path of "/home/robot/Desktop/Session09/Johnny-Answers-Session09/install/cpp_turtle/lib/cpp_turtle/robot_driver" to ""
[21.430s] -- Up-to-date: /home/robot/Desktop/Session09/Johnny-Answers-Session09/install/cpp_turtle/share/cpp_turtle/launch
[21.438s] -- Up-to-date: /home/robot/Desktop/Session09/Johnny-Answers-Session09/install/cpp_turtle/share/cpp_turtle/launch/cpp_turtle_launch.py
[21.438s] -- Up-to-date: /home/robot/Desktop/Session09/Johnny-Answers-Session09/install/cpp_turtle/share/ament_index/resource_index/package_run_dependencies/cpp_turtle
[21.439s] -- Up-to-date: /home/robot/Desktop/Session09/Johnny-Answers-Session09/install/cpp_turtle/share/ament_index/resource_index/parent_prefix_path/cpp_turtle
[21.439s] -- Up-to-date: /home/robot/Desktop/Session09/Johnny-Answers-Session09/install/cpp_turtle/share/cpp_turtle/environment/ament_prefix_path.sh
[21.439s] -- Up-to-date: /home/robot/Desktop/Session09/Johnny-Answers-Session09/install/cpp_turtle/share/cpp_turtle/environment/ament_prefix_path.dsv
[21.441s] -- Up-to-date: /home/robot/Desktop/Session09/Johnny-Answers-Session09/install/cpp_turtle/share/cpp_turtle/environment/path.sh
[21.441s] -- Up-to-date: /home/robot/Desktop/Session09/Johnny-Answers-Session09/install/cpp_turtle/share/cpp_turtle/environment/path.dsv
[21.441s] -- Up-to-date: /home/robot/Desktop/Session09/Johnny-Answers-Session09/install/cpp_turtle/share/cpp_turtle/local_setup.bash
[21.442s] -- Up-to-date: /home/robot/Desktop/Session09/Johnny-Answers-Session09/install/cpp_turtle/share/cpp_turtle/local_setup.sh
[21.444s] -- Up-to-date: /home/robot/Desktop/Session09/Johnny-Answers-Session09/install/cpp_turtle/share/cpp_turtle/local_setup.zsh
[21.444s] -- Up-to-date: /home/robot/Desktop/Session09/Johnny-Answers-Session09/install/cpp_turtle/share/cpp_turtle/local_setup.dsv
[21.444s] -- Installing: /home/robot/Desktop/Session09/Johnny-Answers-Session09/install/cpp_turtle/share/cpp_turtle/package.dsv
[21.444s] -- Up-to-date: /home/robot/Desktop/Session09/Johnny-Answers-Session09/install/cpp_turtle/share/ament_index/resource_index/packages/cpp_turtle
[21.444s] -- Up-to-date: /home/robot/Desktop/Session09/Johnny-Answers-Session09/install/cpp_turtle/share/cpp_turtle/cmake/export_cpp_turtle__rosidl_generator_cExport.cmake
[21.444s] -- Up-to-date: /home/robot/Desktop/Session09/Johnny-Answers-Session09/install/cpp_turtle/share/cpp_turtle/cmake/export_cpp_turtle__rosidl_generator_cExport-noconfig.cmake
[21.445s] -- Up-to-date: /home/robot/Desktop/Session09/Johnny-Answers-Session09/install/cpp_turtle/share/cpp_turtle/cmake/export_cpp_turtle__rosidl_typesupport_fastrtps_cExport.cmake
[21.445s] -- Up-to-date: /home/robot/Desktop/Session09/Johnny-Answers-Session09/install/cpp_turtle/share/cpp_turtle/cmake/export_cpp_turtle__rosidl_typesupport_fastrtps_cExport-noconfig.cmake
[21.445s] -- Up-to-date: /home/robot/Desktop/Session09/Johnny-Answers-Session09/install/cpp_turtle/share/cpp_turtle/cmake/cpp_turtle__rosidl_typesupport_introspection_cExport.cmake
[21.445s] -- Up-to-date: /home/robot/Desktop/Session09/Johnny-Answers-Session09/install/cpp_turtle/share/cpp_turtle/cmake/cpp_turtle__rosidl_typesupport_introspection_cExport-noconfig.cmake
[21.445s] -- Up-to-date: /home/robot/Desktop/Session09/Johnny-Answers-Session09/install/cpp_turtle/share/cpp_turtle/cmake/cpp_turtle__rosidl_typesupport_cExport.cmake
[21.445s] -- Up-to-date: /home/robot/Desktop/Session09/Johnny-Answers-Session09/install/cpp_turtle/share/cpp_turtle/cmake/cpp_turtle__rosidl_typesupport_cExport-noconfig.cmake
[21.446s] -- Up-to-date: /home/robot/Desktop/Session09/Johnny-Answers-Session09/install/cpp_turtle/share/cpp_turtle/cmake/export_cpp_turtle__rosidl_generator_cppExport.cmake
[21.446s] -- Up-to-date: /home/robot/Desktop/Session09/Johnny-Answers-Session09/install/cpp_turtle/share/cpp_turtle/cmake/export_cpp_turtle__rosidl_typesupport_fastrtps_cppExport.cmake
[21.446s] -- Up-to-date: /home/robot/Desktop/Session09/Johnny-Answers-Session09/install/cpp_turtle/share/cpp_turtle/cmake/export_cpp_turtle__rosidl_typesupport_fastrtps_cppExport-noconfig.cmake
[21.446s] -- Up-to-date: /home/robot/Desktop/Session09/Johnny-Answers-Session09/install/cpp_turtle/share/cpp_turtle/cmake/cpp_turtle__rosidl_typesupport_introspection_cppExport.cmake
[21.446s] -- Up-to-date: /home/robot/Desktop/Session09/Johnny-Answers-Session09/install/cpp_turtle/share/cpp_turtle/cmake/cpp_turtle__rosidl_typesupport_introspection_cppExport-noconfig.cmake
[21.446s] -- Up-to-date: /home/robot/Desktop/Session09/Johnny-Answers-Session09/install/cpp_turtle/share/cpp_turtle/cmake/cpp_turtle__rosidl_typesupport_cppExport.cmake
[21.446s] -- Up-to-date: /home/robot/Desktop/Session09/Johnny-Answers-Session09/install/cpp_turtle/share/cpp_turtle/cmake/cpp_turtle__rosidl_typesupport_cppExport-noconfig.cmake
[21.447s] -- Up-to-date: /home/robot/Desktop/Session09/Johnny-Answers-Session09/install/cpp_turtle/share/cpp_turtle/cmake/export_cpp_turtle__rosidl_generator_pyExport.cmake
[21.447s] -- Up-to-date: /home/robot/Desktop/Session09/Johnny-Answers-Session09/install/cpp_turtle/share/cpp_turtle/cmake/export_cpp_turtle__rosidl_generator_pyExport-noconfig.cmake
[21.447s] -- Up-to-date: /home/robot/Desktop/Session09/Johnny-Answers-Session09/install/cpp_turtle/share/cpp_turtle/cmake/rosidl_cmake-extras.cmake
[21.447s] -- Up-to-date: /home/robot/Desktop/Session09/Johnny-Answers-Session09/install/cpp_turtle/share/cpp_turtle/cmake/ament_cmake_export_dependencies-extras.cmake
[21.447s] -- Up-to-date: /home/robot/Desktop/Session09/Johnny-Answers-Session09/install/cpp_turtle/share/cpp_turtle/cmake/ament_cmake_export_include_directories-extras.cmake
[21.447s] -- Up-to-date: /home/robot/Desktop/Session09/Johnny-Answers-Session09/install/cpp_turtle/share/cpp_turtle/cmake/ament_cmake_export_libraries-extras.cmake
[21.447s] -- Up-to-date: /home/robot/Desktop/Session09/Johnny-Answers-Session09/install/cpp_turtle/share/cpp_turtle/cmake/ament_cmake_export_targets-extras.cmake
[21.448s] -- Up-to-date: /home/robot/Desktop/Session09/Johnny-Answers-Session09/install/cpp_turtle/share/cpp_turtle/cmake/rosidl_cmake_export_typesupport_targets-extras.cmake
[21.448s] -- Up-to-date: /home/robot/Desktop/Session09/Johnny-Answers-Session09/install/cpp_turtle/share/cpp_turtle/cmake/rosidl_cmake_export_typesupport_libraries-extras.cmake
[21.448s] -- Up-to-date: /home/robot/Desktop/Session09/Johnny-Answers-Session09/install/cpp_turtle/share/cpp_turtle/cmake/cpp_turtleConfig.cmake
[21.448s] -- Up-to-date: /home/robot/Desktop/Session09/Johnny-Answers-Session09/install/cpp_turtle/share/cpp_turtle/cmake/cpp_turtleConfig-version.cmake
[21.448s] -- Up-to-date: /home/robot/Desktop/Session09/Johnny-Answers-Session09/install/cpp_turtle/share/cpp_turtle/package.xml
[21.448s] Invoked command in '/home/robot/Desktop/Session09/Johnny-Answers-Session09/build/cpp_turtle' returned '0': CMAKE_PREFIX_PATH=${CMAKE_PREFIX_PATH}:/opt/ros/humble /usr/bin/cmake --install /home/robot/Desktop/Session09/Johnny-Answers-Session09/build/cpp_turtle
