-- Found ament_cmake: 1.3.9 (/opt/ros/humble/share/ament_cmake/cmake)
-- Found ament_lint_auto: 0.12.11 (/opt/ros/humble/share/ament_lint_auto/cmake)
-- Found rosidl_default_generators: 1.2.0 (/opt/ros/humble/share/rosidl_default_generators/cmake)
-- Using all available rosidl_typesupport_c: rosidl_typesupport_fastrtps_c;rosidl_typesupport_introspection_c
-- Found rosidl_adapter: 3.1.5 (/opt/ros/humble/share/rosidl_adapter/cmake)
-- Using all available rosidl_typesupport_cpp: rosidl_typesupport_fastrtps_cpp;rosidl_typesupport_introspection_cpp
-- Found ament_cmake_ros: 0.10.0 (/opt/ros/humble/share/ament_cmake_ros/cmake)
-- Using all available rosidl_typesupport_c: rosidl_typesupport_fastrtps_c;rosidl_typesupport_introspection_c
-- Using all available rosidl_typesupport_cpp: rosidl_typesupport_fastrtps_cpp;rosidl_typesupport_introspection_cpp
-- Found python_cmake_module: 0.10.0 (/opt/ros/humble/share/python_cmake_module/cmake)
-- Using PYTHON_EXECUTABLE: /usr/bin/python3
-- Using PYTHON_INCLUDE_DIRS: /usr/include/python3.10
-- Using PYTHON_LIBRARIES: /usr/lib/x86_64-linux-gnu/libpython3.10.so
-- Found rclcpp: 16.0.9 (/opt/ros/humble/share/rclcpp/cmake)
-- Found rmw_implementation_cmake: 6.1.2 (/opt/ros/humble/share/rmw_implementation_cmake/cmake)
-- Found rmw_fastrtps_cpp: 6.2.6 (/opt/ros/humble/share/rmw_fastrtps_cpp/cmake)
-- Using RMW implementation 'rmw_fastrtps_cpp' as default
-- Found rclcpp_action: 16.0.9 (/opt/ros/humble/share/rclcpp_action/cmake)
-- Found geometry_msgs: 4.2.4 (/opt/ros/humble/share/geometry_msgs/cmake)
-- Found sensor_msgs: 4.2.4 (/opt/ros/humble/share/sensor_msgs/cmake)
-- Found nav_msgs: 4.2.4 (/opt/ros/humble/share/nav_msgs/cmake)
-- Added test 'cppcheck' to perform static code analysis on C / C++ code
-- Configured cppcheck include dirs: /home/robot/Desktop/Session09/Johnny-Answers-Session09/src/cpp_turtle/include;$<BUILD_INTERFACE:/home/robot/Desktop/Session09/Johnny-Answers-Session09/src/cpp_turtle/include>
-- Configured cppcheck exclude dirs and/or files: 
-- Added test 'flake8' to check Python code syntax and style conventions
-- Added test 'lint_cmake' to check CMake code style
-- Added test 'pep257' to check Python code against some of the docstring style conventions in PEP 257
-- Added test 'uncrustify' to check C / C++ code style
-- Configured uncrustify additional arguments: 
-- Added test 'xmllint' to check XML markup files
-- Configuring done
-- Generating done
-- Build files have been written to: /home/robot/Desktop/Session09/Johnny-Answers-Session09/build/cpp_turtle
[35m[1mConsolidate compiler generated dependencies of target initNode[0m
[35m[1mConsolidate compiler generated dependencies of target cpp_turtle__rosidl_generator_c[0m
[35m[1mConsolidate compiler generated dependencies of target lap_time_action_client[0m
[35m[1mConsolidate compiler generated dependencies of target lap_time_action_server[0m
[  8%] Built target cpp_turtle__rosidl_generator_c
[ 12%] Built target initNode
[ 14%] Built target cpp_turtle__cpp
[35m[1mConsolidate compiler generated dependencies of target robot_driver[0m
[ 14%] Built target ament_cmake_python_copy_cpp_turtle
[35m[1mConsolidate compiler generated dependencies of target cpp_turtle__rosidl_typesupport_cpp[0m
[ 17%] [32m[1mLinking CXX executable lap_time_action_client[0m
[ 19%] [32m[1mLinking CXX executable lap_time_action_server[0m
[35m[1mConsolidate compiler generated dependencies of target cpp_turtle__rosidl_typesupport_fastrtps_c[0m
[ 27%] Built target cpp_turtle__rosidl_typesupport_cpp
[35m[1mConsolidate compiler generated dependencies of target cpp_turtle__rosidl_typesupport_introspection_c[0m
[ 36%] Built target cpp_turtle__rosidl_typesupport_fastrtps_c
[35m[1mConsolidate compiler generated dependencies of target cpp_turtle__rosidl_typesupport_c[0m
[ 38%] [32m[1mLinking CXX executable robot_driver[0m
[35m[1mConsolidate compiler generated dependencies of target cpp_turtle__rosidl_typesupport_fastrtps_cpp[0m
[ 46%] Built target cpp_turtle__rosidl_typesupport_introspection_c
[ 55%] Built target cpp_turtle__rosidl_typesupport_c
[ 63%] Built target cpp_turtle__rosidl_typesupport_fastrtps_cpp
[35m[1mConsolidate compiler generated dependencies of target cpp_turtle__rosidl_typesupport_introspection_cpp[0m
[ 72%] Built target cpp_turtle__rosidl_typesupport_introspection_cpp
[ 72%] Built target cpp_turtle
[ 74%] Built target cpp_turtle__py
[35m[1mConsolidate compiler generated dependencies of target cpp_turtle__rosidl_generator_py[0m
[ 80%] Built target cpp_turtle__rosidl_generator_py
[35m[1mConsolidate compiler generated dependencies of target cpp_turtle__rosidl_typesupport_introspection_c__pyext[0m
[35m[1mConsolidate compiler generated dependencies of target cpp_turtle__rosidl_typesupport_fastrtps_c__pyext[0m
[ 85%] Built target cpp_turtle__rosidl_typesupport_introspection_c__pyext
running egg_info
writing cpp_turtle.egg-info/PKG-INFO
writing dependency_links to cpp_turtle.egg-info/dependency_links.txt
writing top-level names to cpp_turtle.egg-info/top_level.txt
reading manifest file 'cpp_turtle.egg-info/SOURCES.txt'
writing manifest file 'cpp_turtle.egg-info/SOURCES.txt'
[ 89%] Built target cpp_turtle__rosidl_typesupport_fastrtps_c__pyext
[35m[1mConsolidate compiler generated dependencies of target cpp_turtle__rosidl_typesupport_c__pyext[0m
[ 89%] Built target ament_cmake_python_build_cpp_turtle_egg
[ 93%] Built target cpp_turtle__rosidl_typesupport_c__pyext
[ 95%] Built target robot_driver
