[0.209s] DEBUG:colcon:Command line arguments: ['/usr/bin/colcon', 'build']
[0.209s] DEBUG:colcon:Parsed command line arguments: Namespace(log_base=None, log_level=None, verb_name='build', build_base='build', install_base='install', merge_install=False, symlink_install=False, test_result_base=None, continue_on_error=False, executor='parallel', parallel_workers=6, event_handlers=None, ignore_user_meta=False, metas=['./colcon.meta'], base_paths=['.'], packages_ignore=None, packages_ignore_regex=None, paths=None, packages_up_to=None, packages_up_to_regex=None, packages_above=None, packages_above_and_dependencies=None, packages_above_depth=None, packages_select_by_dep=None, packages_skip_by_dep=None, packages_skip_up_to=None, packages_select_build_failed=False, packages_skip_build_finished=False, packages_select_test_failures=False, packages_skip_test_passed=False, packages_select=None, packages_skip=None, packages_select_regex=None, packages_skip_regex=None, packages_start=None, packages_end=None, allow_overriding=[], cmake_args=None, cmake_target=None, cmake_target_skip_unavailable=False, cmake_clean_cache=False, cmake_clean_first=False, cmake_force_configure=False, ament_cmake_args=None, catkin_cmake_args=None, catkin_skip_building_tests=False, verb_parser=<colcon_defaults.argument_parser.defaults.DefaultArgumentsDecorator object at 0x774ff88e0a00>, verb_extension=<colcon_core.verb.build.BuildVerb object at 0x774ff88e0220>, main=<bound method BuildVerb.main of <colcon_core.verb.build.BuildVerb object at 0x774ff88e0220>>)
[0.548s] Level 1:colcon.colcon_core.package_discovery:discover_packages(colcon_meta) check parameters
[0.548s] Level 1:colcon.colcon_core.package_discovery:discover_packages(recursive) check parameters
[0.549s] Level 1:colcon.colcon_core.package_discovery:discover_packages(ignore) check parameters
[0.549s] Level 1:colcon.colcon_core.package_discovery:discover_packages(path) check parameters
[0.549s] Level 1:colcon.colcon_core.package_discovery:discover_packages(colcon_meta) discover
[0.549s] Level 1:colcon.colcon_core.package_discovery:discover_packages(recursive) discover
[0.549s] INFO:colcon.colcon_core.package_discovery:Crawling recursively for packages in '/home/robot/Desktop/Session09/Johnny-Answers-Session09'
[0.549s] Level 1:colcon.colcon_core.package_identification:_identify(.) by extensions ['ignore', 'ignore_ament_install']
[0.550s] Level 1:colcon.colcon_core.package_identification:_identify(.) by extension 'ignore'
[0.550s] Level 1:colcon.colcon_core.package_identification:_identify(.) by extension 'ignore_ament_install'
[0.550s] Level 1:colcon.colcon_core.package_identification:_identify(.) by extensions ['colcon_pkg']
[0.550s] Level 1:colcon.colcon_core.package_identification:_identify(.) by extension 'colcon_pkg'
[0.550s] Level 1:colcon.colcon_core.package_identification:_identify(.) by extensions ['colcon_meta']
[0.550s] Level 1:colcon.colcon_core.package_identification:_identify(.) by extension 'colcon_meta'
[0.550s] Level 1:colcon.colcon_core.package_identification:_identify(.) by extensions ['ros']
[0.550s] Level 1:colcon.colcon_core.package_identification:_identify(.) by extension 'ros'
[0.574s] Level 1:colcon.colcon_core.package_identification:_identify(.) by extensions ['cmake', 'python']
[0.574s] Level 1:colcon.colcon_core.package_identification:_identify(.) by extension 'cmake'
[0.574s] Level 1:colcon.colcon_core.package_identification:_identify(.) by extension 'python'
[0.575s] Level 1:colcon.colcon_core.package_identification:_identify(.) by extensions ['python_setup_py']
[0.575s] Level 1:colcon.colcon_core.package_identification:_identify(.) by extension 'python_setup_py'
[0.575s] Level 1:colcon.colcon_core.package_identification:_identify(build) by extensions ['ignore', 'ignore_ament_install']
[0.575s] Level 1:colcon.colcon_core.package_identification:_identify(build) by extension 'ignore'
[0.575s] Level 1:colcon.colcon_core.package_identification:_identify(build) ignored
[0.576s] Level 1:colcon.colcon_core.package_identification:_identify(install) by extensions ['ignore', 'ignore_ament_install']
[0.576s] Level 1:colcon.colcon_core.package_identification:_identify(install) by extension 'ignore'
[0.576s] Level 1:colcon.colcon_core.package_identification:_identify(install) ignored
[0.576s] Level 1:colcon.colcon_core.package_identification:_identify(log) by extensions ['ignore', 'ignore_ament_install']
[0.576s] Level 1:colcon.colcon_core.package_identification:_identify(log) by extension 'ignore'
[0.577s] Level 1:colcon.colcon_core.package_identification:_identify(log) ignored
[0.577s] Level 1:colcon.colcon_core.package_identification:_identify(src) by extensions ['ignore', 'ignore_ament_install']
[0.577s] Level 1:colcon.colcon_core.package_identification:_identify(src) by extension 'ignore'
[0.577s] Level 1:colcon.colcon_core.package_identification:_identify(src) by extension 'ignore_ament_install'
[0.577s] Level 1:colcon.colcon_core.package_identification:_identify(src) by extensions ['colcon_pkg']
[0.577s] Level 1:colcon.colcon_core.package_identification:_identify(src) by extension 'colcon_pkg'
[0.577s] Level 1:colcon.colcon_core.package_identification:_identify(src) by extensions ['colcon_meta']
[0.577s] Level 1:colcon.colcon_core.package_identification:_identify(src) by extension 'colcon_meta'
[0.577s] Level 1:colcon.colcon_core.package_identification:_identify(src) by extensions ['ros']
[0.578s] Level 1:colcon.colcon_core.package_identification:_identify(src) by extension 'ros'
[0.578s] Level 1:colcon.colcon_core.package_identification:_identify(src) by extensions ['cmake', 'python']
[0.578s] Level 1:colcon.colcon_core.package_identification:_identify(src) by extension 'cmake'
[0.578s] Level 1:colcon.colcon_core.package_identification:_identify(src) by extension 'python'
[0.578s] Level 1:colcon.colcon_core.package_identification:_identify(src) by extensions ['python_setup_py']
[0.578s] Level 1:colcon.colcon_core.package_identification:_identify(src) by extension 'python_setup_py'
[0.578s] Level 1:colcon.colcon_core.package_identification:_identify(src/cpp_turtle) by extensions ['ignore', 'ignore_ament_install']
[0.578s] Level 1:colcon.colcon_core.package_identification:_identify(src/cpp_turtle) by extension 'ignore'
[0.579s] Level 1:colcon.colcon_core.package_identification:_identify(src/cpp_turtle) by extension 'ignore_ament_install'
[0.579s] Level 1:colcon.colcon_core.package_identification:_identify(src/cpp_turtle) by extensions ['colcon_pkg']
[0.579s] Level 1:colcon.colcon_core.package_identification:_identify(src/cpp_turtle) by extension 'colcon_pkg'
[0.579s] Level 1:colcon.colcon_core.package_identification:_identify(src/cpp_turtle) by extensions ['colcon_meta']
[0.579s] Level 1:colcon.colcon_core.package_identification:_identify(src/cpp_turtle) by extension 'colcon_meta'
[0.579s] Level 1:colcon.colcon_core.package_identification:_identify(src/cpp_turtle) by extensions ['ros']
[0.579s] Level 1:colcon.colcon_core.package_identification:_identify(src/cpp_turtle) by extension 'ros'
[0.585s] DEBUG:colcon.colcon_core.package_identification:Package 'src/cpp_turtle' with type 'ros.ament_cmake' and name 'cpp_turtle'
[0.585s] Level 1:colcon.colcon_core.package_discovery:discover_packages(recursive) using defaults
[0.585s] Level 1:colcon.colcon_core.package_discovery:discover_packages(ignore) discover
[0.585s] Level 1:colcon.colcon_core.package_discovery:discover_packages(ignore) using defaults
[0.585s] Level 1:colcon.colcon_core.package_discovery:discover_packages(path) discover
[0.585s] Level 1:colcon.colcon_core.package_discovery:discover_packages(path) using defaults
[0.621s] Level 1:colcon.colcon_core.package_discovery:discover_packages(prefix_path) check parameters
[0.621s] Level 1:colcon.colcon_core.package_discovery:discover_packages(prefix_path) discover
[0.624s] DEBUG:colcon.colcon_installed_package_information.package_discovery:Found 1 installed packages in /home/robot/Desktop/Session09/Johnny-Answers-Session09/install
[0.629s] DEBUG:colcon.colcon_installed_package_information.package_discovery:Found 384 installed packages in /opt/ros/humble
[0.633s] Level 1:colcon.colcon_core.package_discovery:discover_packages(prefix_path) using defaults
[0.754s] Level 5:colcon.colcon_core.verb:set package 'cpp_turtle' build argument 'cmake_args' from command line to 'None'
[0.754s] Level 5:colcon.colcon_core.verb:set package 'cpp_turtle' build argument 'cmake_target' from command line to 'None'
[0.755s] Level 5:colcon.colcon_core.verb:set package 'cpp_turtle' build argument 'cmake_target_skip_unavailable' from command line to 'False'
[0.755s] Level 5:colcon.colcon_core.verb:set package 'cpp_turtle' build argument 'cmake_clean_cache' from command line to 'False'
[0.755s] Level 5:colcon.colcon_core.verb:set package 'cpp_turtle' build argument 'cmake_clean_first' from command line to 'False'
[0.755s] Level 5:colcon.colcon_core.verb:set package 'cpp_turtle' build argument 'cmake_force_configure' from command line to 'False'
[0.755s] Level 5:colcon.colcon_core.verb:set package 'cpp_turtle' build argument 'ament_cmake_args' from command line to 'None'
[0.755s] Level 5:colcon.colcon_core.verb:set package 'cpp_turtle' build argument 'catkin_cmake_args' from command line to 'None'
[0.755s] Level 5:colcon.colcon_core.verb:set package 'cpp_turtle' build argument 'catkin_skip_building_tests' from command line to 'False'
[0.755s] DEBUG:colcon.colcon_core.verb:Building package 'cpp_turtle' with the following arguments: {'ament_cmake_args': None, 'build_base': '/home/robot/Desktop/Session09/Johnny-Answers-Session09/build/cpp_turtle', 'catkin_cmake_args': None, 'catkin_skip_building_tests': False, 'cmake_args': None, 'cmake_clean_cache': False, 'cmake_clean_first': False, 'cmake_force_configure': False, 'cmake_target': None, 'cmake_target_skip_unavailable': False, 'install_base': '/home/robot/Desktop/Session09/Johnny-Answers-Session09/install/cpp_turtle', 'merge_install': False, 'path': '/home/robot/Desktop/Session09/Johnny-Answers-Session09/src/cpp_turtle', 'symlink_install': False, 'test_result_base': None}
[0.755s] INFO:colcon.colcon_core.executor:Executing jobs using 'parallel' executor
[0.757s] DEBUG:colcon.colcon_parallel_executor.executor.parallel:run_until_complete
[0.758s] INFO:colcon.colcon_ros.task.ament_cmake.build:Building ROS package in '/home/robot/Desktop/Session09/Johnny-Answers-Session09/src/cpp_turtle' with build type 'ament_cmake'
[0.758s] INFO:colcon.colcon_cmake.task.cmake.build:Building CMake package in '/home/robot/Desktop/Session09/Johnny-Answers-Session09/src/cpp_turtle'
[0.764s] INFO:colcon.colcon_core.plugin_system:Skipping extension 'colcon_core.shell.bat': Not used on non-Windows systems
[0.764s] INFO:colcon.colcon_core.shell:Skip shell extension 'powershell' for command environment: Not usable outside of PowerShell
[0.764s] DEBUG:colcon.colcon_core.shell:Skip shell extension 'dsv' for command environment
[0.790s] DEBUG:colcon.colcon_core.event_handler.log_command:Invoking command in '/home/robot/Desktop/Session09/Johnny-Answers-Session09/build/cpp_turtle': CMAKE_PREFIX_PATH=${CMAKE_PREFIX_PATH}:/opt/ros/humble /usr/bin/cmake --build /home/robot/Desktop/Session09/Johnny-Answers-Session09/build/cpp_turtle -- -j6 -l6
[20.238s] DEBUG:colcon.colcon_core.event_handler.log_command:Invoked command in '/home/robot/Desktop/Session09/Johnny-Answers-Session09/build/cpp_turtle' returned '0': CMAKE_PREFIX_PATH=${CMAKE_PREFIX_PATH}:/opt/ros/humble /usr/bin/cmake --build /home/robot/Desktop/Session09/Johnny-Answers-Session09/build/cpp_turtle -- -j6 -l6
[20.953s] DEBUG:colcon.colcon_core.event_handler.log_command:Invoking command in '/home/robot/Desktop/Session09/Johnny-Answers-Session09/build/cpp_turtle': CMAKE_PREFIX_PATH=${CMAKE_PREFIX_PATH}:/opt/ros/humble /usr/bin/cmake --install /home/robot/Desktop/Session09/Johnny-Answers-Session09/build/cpp_turtle
[21.131s] Level 1:colcon.colcon_core.environment:create_environment_scripts_only(cpp_turtle)
[21.133s] DEBUG:colcon.colcon_core.event_handler.log_command:Invoked command in '/home/robot/Desktop/Session09/Johnny-Answers-Session09/build/cpp_turtle' returned '0': CMAKE_PREFIX_PATH=${CMAKE_PREFIX_PATH}:/opt/ros/humble /usr/bin/cmake --install /home/robot/Desktop/Session09/Johnny-Answers-Session09/build/cpp_turtle
[21.137s] Level 1:colcon.colcon_core.environment:checking '/home/robot/Desktop/Session09/Johnny-Answers-Session09/install/cpp_turtle' for CMake module files
[21.139s] Level 1:colcon.colcon_core.environment:checking '/home/robot/Desktop/Session09/Johnny-Answers-Session09/install/cpp_turtle' for CMake config files
[21.141s] Level 1:colcon.colcon_core.shell:create_environment_hook('cpp_turtle', 'cmake_prefix_path')
[21.141s] INFO:colcon.colcon_core.shell:Creating environment hook '/home/robot/Desktop/Session09/Johnny-Answers-Session09/install/cpp_turtle/share/cpp_turtle/hook/cmake_prefix_path.ps1'
[21.143s] INFO:colcon.colcon_core.shell:Creating environment descriptor '/home/robot/Desktop/Session09/Johnny-Answers-Session09/install/cpp_turtle/share/cpp_turtle/hook/cmake_prefix_path.dsv'
[21.143s] INFO:colcon.colcon_core.shell:Creating environment hook '/home/robot/Desktop/Session09/Johnny-Answers-Session09/install/cpp_turtle/share/cpp_turtle/hook/cmake_prefix_path.sh'
[21.145s] Level 1:colcon.colcon_core.environment:checking '/home/robot/Desktop/Session09/Johnny-Answers-Session09/install/cpp_turtle/lib'
[21.145s] Level 1:colcon.colcon_core.shell:create_environment_hook('cpp_turtle', 'ld_library_path_lib')
[21.146s] INFO:colcon.colcon_core.shell:Creating environment hook '/home/robot/Desktop/Session09/Johnny-Answers-Session09/install/cpp_turtle/share/cpp_turtle/hook/ld_library_path_lib.ps1'
[21.147s] INFO:colcon.colcon_core.shell:Creating environment descriptor '/home/robot/Desktop/Session09/Johnny-Answers-Session09/install/cpp_turtle/share/cpp_turtle/hook/ld_library_path_lib.dsv'
[21.147s] INFO:colcon.colcon_core.shell:Creating environment hook '/home/robot/Desktop/Session09/Johnny-Answers-Session09/install/cpp_turtle/share/cpp_turtle/hook/ld_library_path_lib.sh'
[21.148s] Level 1:colcon.colcon_core.environment:checking '/home/robot/Desktop/Session09/Johnny-Answers-Session09/install/cpp_turtle/bin'
[21.148s] Level 1:colcon.colcon_core.environment:checking '/home/robot/Desktop/Session09/Johnny-Answers-Session09/install/cpp_turtle/lib/pkgconfig/cpp_turtle.pc'
[21.149s] Level 1:colcon.colcon_core.environment:checking '/home/robot/Desktop/Session09/Johnny-Answers-Session09/install/cpp_turtle/lib/python3.10/site-packages'
[21.150s] Level 1:colcon.colcon_core.environment:checking '/home/robot/Desktop/Session09/Johnny-Answers-Session09/install/cpp_turtle/bin'
[21.151s] INFO:colcon.colcon_core.shell:Creating package script '/home/robot/Desktop/Session09/Johnny-Answers-Session09/install/cpp_turtle/share/cpp_turtle/package.ps1'
[21.153s] INFO:colcon.colcon_core.shell:Creating package descriptor '/home/robot/Desktop/Session09/Johnny-Answers-Session09/install/cpp_turtle/share/cpp_turtle/package.dsv'
[21.154s] INFO:colcon.colcon_core.shell:Creating package script '/home/robot/Desktop/Session09/Johnny-Answers-Session09/install/cpp_turtle/share/cpp_turtle/package.sh'
[21.155s] INFO:colcon.colcon_core.shell:Creating package script '/home/robot/Desktop/Session09/Johnny-Answers-Session09/install/cpp_turtle/share/cpp_turtle/package.bash'
[21.157s] INFO:colcon.colcon_core.shell:Creating package script '/home/robot/Desktop/Session09/Johnny-Answers-Session09/install/cpp_turtle/share/cpp_turtle/package.zsh'
[21.158s] Level 1:colcon.colcon_core.environment:create_file_with_runtime_dependencies(/home/robot/Desktop/Session09/Johnny-Answers-Session09/install/cpp_turtle/share/colcon-core/packages/cpp_turtle)
[21.691s] Level 1:colcon.colcon_core.environment:create_environment_scripts_only(cpp_turtle)
[21.692s] Level 1:colcon.colcon_core.environment:checking '/home/robot/Desktop/Session09/Johnny-Answers-Session09/install/cpp_turtle' for CMake module files
[21.694s] Level 1:colcon.colcon_core.environment:checking '/home/robot/Desktop/Session09/Johnny-Answers-Session09/install/cpp_turtle' for CMake config files
[21.697s] Level 1:colcon.colcon_core.shell:create_environment_hook('cpp_turtle', 'cmake_prefix_path')
[21.697s] INFO:colcon.colcon_core.shell:Creating environment hook '/home/robot/Desktop/Session09/Johnny-Answers-Session09/install/cpp_turtle/share/cpp_turtle/hook/cmake_prefix_path.ps1'
[21.700s] INFO:colcon.colcon_core.shell:Creating environment descriptor '/home/robot/Desktop/Session09/Johnny-Answers-Session09/install/cpp_turtle/share/cpp_turtle/hook/cmake_prefix_path.dsv'
[21.703s] INFO:colcon.colcon_core.shell:Creating environment hook '/home/robot/Desktop/Session09/Johnny-Answers-Session09/install/cpp_turtle/share/cpp_turtle/hook/cmake_prefix_path.sh'
[21.705s] Level 1:colcon.colcon_core.environment:checking '/home/robot/Desktop/Session09/Johnny-Answers-Session09/install/cpp_turtle/lib'
[21.705s] Level 1:colcon.colcon_core.shell:create_environment_hook('cpp_turtle', 'ld_library_path_lib')
[21.705s] INFO:colcon.colcon_core.shell:Creating environment hook '/home/robot/Desktop/Session09/Johnny-Answers-Session09/install/cpp_turtle/share/cpp_turtle/hook/ld_library_path_lib.ps1'
[21.706s] INFO:colcon.colcon_core.shell:Creating environment descriptor '/home/robot/Desktop/Session09/Johnny-Answers-Session09/install/cpp_turtle/share/cpp_turtle/hook/ld_library_path_lib.dsv'
[21.708s] INFO:colcon.colcon_core.shell:Creating environment hook '/home/robot/Desktop/Session09/Johnny-Answers-Session09/install/cpp_turtle/share/cpp_turtle/hook/ld_library_path_lib.sh'
[21.709s] Level 1:colcon.colcon_core.environment:checking '/home/robot/Desktop/Session09/Johnny-Answers-Session09/install/cpp_turtle/bin'
[21.709s] Level 1:colcon.colcon_core.environment:checking '/home/robot/Desktop/Session09/Johnny-Answers-Session09/install/cpp_turtle/lib/pkgconfig/cpp_turtle.pc'
[21.709s] Level 1:colcon.colcon_core.environment:checking '/home/robot/Desktop/Session09/Johnny-Answers-Session09/install/cpp_turtle/lib/python3.10/site-packages'
[21.710s] Level 1:colcon.colcon_core.environment:checking '/home/robot/Desktop/Session09/Johnny-Answers-Session09/install/cpp_turtle/bin'
[21.711s] INFO:colcon.colcon_core.shell:Creating package script '/home/robot/Desktop/Session09/Johnny-Answers-Session09/install/cpp_turtle/share/cpp_turtle/package.ps1'
[21.712s] INFO:colcon.colcon_core.shell:Creating package descriptor '/home/robot/Desktop/Session09/Johnny-Answers-Session09/install/cpp_turtle/share/cpp_turtle/package.dsv'
[21.713s] INFO:colcon.colcon_core.shell:Creating package script '/home/robot/Desktop/Session09/Johnny-Answers-Session09/install/cpp_turtle/share/cpp_turtle/package.sh'
[21.714s] INFO:colcon.colcon_core.shell:Creating package script '/home/robot/Desktop/Session09/Johnny-Answers-Session09/install/cpp_turtle/share/cpp_turtle/package.bash'
[21.715s] INFO:colcon.colcon_core.shell:Creating package script '/home/robot/Desktop/Session09/Johnny-Answers-Session09/install/cpp_turtle/share/cpp_turtle/package.zsh'
[21.716s] Level 1:colcon.colcon_core.environment:create_file_with_runtime_dependencies(/home/robot/Desktop/Session09/Johnny-Answers-Session09/install/cpp_turtle/share/colcon-core/packages/cpp_turtle)
[21.718s] DEBUG:colcon.colcon_parallel_executor.executor.parallel:closing loop
[21.719s] DEBUG:colcon.colcon_parallel_executor.executor.parallel:loop closed
[21.719s] DEBUG:colcon.colcon_parallel_executor.executor.parallel:run_until_complete finished with '0'
[21.719s] DEBUG:colcon.colcon_core.event_reactor:joining thread
[21.732s] INFO:colcon.colcon_core.plugin_system:Skipping extension 'colcon_notification.desktop_notification.terminal_notifier': Not used on non-Darwin systems
[21.733s] INFO:colcon.colcon_core.plugin_system:Skipping extension 'colcon_notification.desktop_notification.win32': Not used on non-Windows systems
[21.733s] INFO:colcon.colcon_notification.desktop_notification:Sending desktop notification using 'notify2'
[21.772s] DEBUG:colcon.colcon_core.event_reactor:joined thread
[21.772s] INFO:colcon.colcon_core.shell:Creating prefix script '/home/robot/Desktop/Session09/Johnny-Answers-Session09/install/local_setup.ps1'
[21.774s] INFO:colcon.colcon_core.shell:Creating prefix util module '/home/robot/Desktop/Session09/Johnny-Answers-Session09/install/_local_setup_util_ps1.py'
[21.777s] INFO:colcon.colcon_core.shell:Creating prefix chain script '/home/robot/Desktop/Session09/Johnny-Answers-Session09/install/setup.ps1'
[21.778s] INFO:colcon.colcon_core.shell:Creating prefix script '/home/robot/Desktop/Session09/Johnny-Answers-Session09/install/local_setup.sh'
[21.780s] INFO:colcon.colcon_core.shell:Creating prefix util module '/home/robot/Desktop/Session09/Johnny-Answers-Session09/install/_local_setup_util_sh.py'
[21.781s] INFO:colcon.colcon_core.shell:Creating prefix chain script '/home/robot/Desktop/Session09/Johnny-Answers-Session09/install/setup.sh'
[21.783s] INFO:colcon.colcon_core.shell:Creating prefix script '/home/robot/Desktop/Session09/Johnny-Answers-Session09/install/local_setup.bash'
[21.784s] INFO:colcon.colcon_core.shell:Creating prefix chain script '/home/robot/Desktop/Session09/Johnny-Answers-Session09/install/setup.bash'
[21.786s] INFO:colcon.colcon_core.shell:Creating prefix script '/home/robot/Desktop/Session09/Johnny-Answers-Session09/install/local_setup.zsh'
[21.787s] INFO:colcon.colcon_core.shell:Creating prefix chain script '/home/robot/Desktop/Session09/Johnny-Answers-Session09/install/setup.zsh'
