-- Found ament_cmake: 1.3.9 (/opt/ros/humble/share/ament_cmake/cmake)
-- Found ament_lint_auto: 0.12.11 (/opt/ros/humble/share/ament_lint_auto/cmake)
-- Found rosidl_default_generators: 1.2.0 (/opt/ros/humble/share/rosidl_default_generators/cmake)
-- Using all available rosidl_typesupport_c: rosidl_typesupport_fastrtps_c;rosidl_typesupport_introspection_c
-- Found rosidl_adapter: 3.1.5 (/opt/ros/humble/share/rosidl_adapter/cmake)
-- Using all available rosidl_typesupport_cpp: rosidl_typesupport_fastrtps_cpp;rosidl_typesupport_introspection_cpp
-- Found ament_cmake_ros: 0.10.0 (/opt/ros/humble/share/ament_cmake_ros/cmake)
-- Using all available rosidl_typesupport_c: rosidl_typesupport_fastrtps_c;rosidl_typesupport_introspection_c
-- Using all available rosidl_typesupport_cpp: rosidl_typesupport_fastrtps_cpp;rosidl_typesupport_introspection_cpp
-- Found python_cmake_module: 0.10.0 (/opt/ros/humble/share/python_cmake_module/cmake)
-- Using PYTHON_EXECUTABLE: /usr/bin/python3
-- Using PYTHON_INCLUDE_DIRS: /usr/include/python3.10
-- Using PYTHON_LIBRARIES: /usr/lib/x86_64-linux-gnu/libpython3.10.so
-- Found rclcpp: 16.0.9 (/opt/ros/humble/share/rclcpp/cmake)
-- Found rmw_implementation_cmake: 6.1.2 (/opt/ros/humble/share/rmw_implementation_cmake/cmake)
-- Found rmw_fastrtps_cpp: 6.2.6 (/opt/ros/humble/share/rmw_fastrtps_cpp/cmake)
-- Using RMW implementation 'rmw_fastrtps_cpp' as default
-- Found rclcpp_action: 16.0.9 (/opt/ros/humble/share/rclcpp_action/cmake)
-- Found geometry_msgs: 4.2.4 (/opt/ros/humble/share/geometry_msgs/cmake)
-- Found sensor_msgs: 4.2.4 (/opt/ros/humble/share/sensor_msgs/cmake)
-- Found nav_msgs: 4.2.4 (/opt/ros/humble/share/nav_msgs/cmake)
-- Added test 'cppcheck' to perform static code analysis on C / C++ code
-- Configured cppcheck include dirs: /home/robot/Desktop/Session09/Johnny-Answers-Session09/src/cpp_turtle/include;$<BUILD_INTERFACE:/home/robot/Desktop/Session09/Johnny-Answers-Session09/src/cpp_turtle/include>
-- Configured cppcheck exclude dirs and/or files: 
-- Added test 'flake8' to check Python code syntax and style conventions
-- Added test 'lint_cmake' to check CMake code style
-- Added test 'pep257' to check Python code against some of the docstring style conventions in PEP 257
-- Added test 'uncrustify' to check C / C++ code style
-- Configured uncrustify additional arguments: 
-- Added test 'xmllint' to check XML markup files
-- Configuring done
-- Generating done
-- Build files have been written to: /home/robot/Desktop/Session09/Johnny-Answers-Session09/build/cpp_turtle
[35m[1mConsolidate compiler generated dependencies of target cpp_turtle__rosidl_generator_c[0m
[35m[1mConsolidate compiler generated dependencies of target initNode[0m
[  2%] [32mBuilding CXX object CMakeFiles/initNode.dir/src/initNode.cpp.o[0m
[  4%] Built target cpp_turtle__cpp
[  6%] [32mBuilding C object CMakeFiles/cpp_turtle__rosidl_generator_c.dir/rosidl_generator_c/cpp_turtle/action/detail/measure_lap_time__functions.c.o[0m
[  8%] [32mBuilding CXX object CMakeFiles/lap_time_action_client.dir/src/lap_time_action_client.cpp.o[0m
[  8%] Built target ament_cmake_python_copy_cpp_turtle
[ 10%] [32mBuilding CXX object CMakeFiles/lap_time_action_server.dir/src/lap_time_action_server.cpp.o[0m
[ 12%] [32mBuilding CXX object CMakeFiles/robot_driver.dir/src/robot_driver.cpp.o[0m
[35m[1mConsolidate compiler generated dependencies of target cpp_turtle__rosidl_typesupport_cpp[0m
[ 14%] [32mBuilding CXX object CMakeFiles/cpp_turtle__rosidl_typesupport_cpp.dir/rosidl_typesupport_cpp/cpp_turtle/action/measure_lap_time__type_support.cpp.o[0m
[ 17%] [32m[1mLinking CXX executable initNode[0m
[ 19%] [32mBuilding C object CMakeFiles/cpp_turtle__rosidl_generator_c.dir/rosidl_generator_c/cpp_turtle/srv/detail/find_wall__functions.c.o[0m
[ 19%] Built target initNode
[35m[1mConsolidate compiler generated dependencies of target cpp_turtle__rosidl_typesupport_fastrtps_cpp[0m
[ 21%] [32mBuilding CXX object CMakeFiles/cpp_turtle__rosidl_typesupport_fastrtps_cpp.dir/rosidl_typesupport_fastrtps_cpp/cpp_turtle/action/detail/dds_fastrtps/measure_lap_time__type_support.cpp.o[0m
[ 23%] [32m[1mLinking C shared library libcpp_turtle__rosidl_generator_c.so[0m
[ 25%] Built target cpp_turtle__rosidl_generator_c
[35m[1mConsolidate compiler generated dependencies of target cpp_turtle__rosidl_typesupport_introspection_cpp[0m
[ 27%] [32mBuilding CXX object CMakeFiles/cpp_turtle__rosidl_typesupport_fastrtps_cpp.dir/rosidl_typesupport_fastrtps_cpp/cpp_turtle/srv/detail/dds_fastrtps/find_wall__type_support.cpp.o[0m
[ 29%] [32mBuilding CXX object CMakeFiles/cpp_turtle__rosidl_typesupport_introspection_cpp.dir/rosidl_typesupport_introspection_cpp/cpp_turtle/action/detail/measure_lap_time__type_support.cpp.o[0m
[ 31%] [32mBuilding CXX object CMakeFiles/cpp_turtle__rosidl_typesupport_cpp.dir/rosidl_typesupport_cpp/cpp_turtle/srv/find_wall__type_support.cpp.o[0m
[ 34%] [32mBuilding CXX object CMakeFiles/cpp_turtle__rosidl_typesupport_introspection_cpp.dir/rosidl_typesupport_introspection_cpp/cpp_turtle/srv/detail/find_wall__type_support.cpp.o[0m
[ 36%] [32m[1mLinking CXX shared library libcpp_turtle__rosidl_typesupport_cpp.so[0m
[ 38%] Built target cpp_turtle__rosidl_typesupport_cpp
[ 40%] [32m[1mLinking CXX shared library libcpp_turtle__rosidl_typesupport_fastrtps_cpp.so[0m
[ 42%] Built target cpp_turtle__rosidl_typesupport_fastrtps_cpp
[ 44%] [32m[1mLinking CXX shared library libcpp_turtle__rosidl_typesupport_introspection_cpp.so[0m
[ 46%] Built target cpp_turtle__rosidl_typesupport_introspection_cpp
