[0.057s] Invoking command in '/home/robot/Desktop/Session09/Johnny-Answers-Session09/build/cpp_turtle': CMAKE_PREFIX_PATH=/opt/ros/humble /usr/bin/cmake --build /home/robot/Desktop/Session09/Johnny-Answers-Session09/build/cpp_turtle -- -j6 -l6
[0.261s] -- Found ament_cmake: 1.3.9 (/opt/ros/humble/share/ament_cmake/cmake)
[0.676s] -- Found ament_lint_auto: 0.12.11 (/opt/ros/humble/share/ament_lint_auto/cmake)
[0.819s] -- Found rosidl_default_generators: 1.2.0 (/opt/ros/humble/share/rosidl_default_generators/cmake)
[0.835s] -- Using all available rosidl_typesupport_c: rosidl_typesupport_fastrtps_c;rosidl_typesupport_introspection_c
[0.854s] -- Found rosidl_adapter: 3.1.5 (/opt/ros/humble/share/rosidl_adapter/cmake)
[0.990s] -- Using all available rosidl_typesupport_cpp: rosidl_typesupport_fastrtps_cpp;rosidl_typesupport_introspection_cpp
[1.132s] -- Found rclcpp: 16.0.9 (/opt/ros/humble/share/rclcpp/cmake)
[1.446s] -- Found rmw_implementation_cmake: 6.1.2 (/opt/ros/humble/share/rmw_implementation_cmake/cmake)
[1.457s] -- Found rmw_fastrtps_cpp: 6.2.6 (/opt/ros/humble/share/rmw_fastrtps_cpp/cmake)
[1.779s] -- Using RMW implementation 'rmw_fastrtps_cpp' as default
[2.253s] -- Found geometry_msgs: 4.2.4 (/opt/ros/humble/share/geometry_msgs/cmake)
[2.386s] -- Found sensor_msgs: 4.2.4 (/opt/ros/humble/share/sensor_msgs/cmake)
[3.206s] -- Found ament_cmake_ros: 0.10.0 (/opt/ros/humble/share/ament_cmake_ros/cmake)
[3.631s] -- Using all available rosidl_typesupport_c: rosidl_typesupport_fastrtps_c;rosidl_typesupport_introspection_c
[4.147s] -- Using all available rosidl_typesupport_cpp: rosidl_typesupport_fastrtps_cpp;rosidl_typesupport_introspection_cpp
[4.202s] -- Found python_cmake_module: 0.10.0 (/opt/ros/humble/share/python_cmake_module/cmake)
[4.253s] -- Using PYTHON_EXECUTABLE: /usr/bin/python3
[4.253s] -- Using PYTHON_INCLUDE_DIRS: /usr/include/python3.10
[4.253s] -- Using PYTHON_LIBRARIES: /usr/lib/x86_64-linux-gnu/libpython3.10.so
[4.305s] [31mCMake Error at /opt/ros/humble/share/ament_cmake_target_dependencies/cmake/ament_target_dependencies.cmake:42 (message):
[4.305s]   ament_target_dependencies() the first argument must be a valid target name
[4.305s] Call Stack (most recent call first):
[4.305s]   CMakeLists.txt:59 (ament_target_dependencies)
[4.305s] 
[4.306s] [0m
[4.306s] -- Configuring incomplete, errors occurred!
[4.306s] See also "/home/robot/Desktop/Session09/Johnny-Answers-Session09/build/cpp_turtle/CMakeFiles/CMakeOutput.log".
[4.320s] gmake: *** [Makefile:1004: cmake_check_build_system] Error 1
[4.325s] Invoked command in '/home/robot/Desktop/Session09/Johnny-Answers-Session09/build/cpp_turtle' returned '2': CMAKE_PREFIX_PATH=/opt/ros/humble /usr/bin/cmake --build /home/robot/Desktop/Session09/Johnny-Answers-Session09/build/cpp_turtle -- -j6 -l6
