[0.030s] Invoking command in '/home/robot/Desktop/Session09/Johnny-Answers-Session09/build/cpp_turtle': CMAKE_PREFIX_PATH=${CMAKE_PREFIX_PATH}:/opt/ros/humble /usr/bin/cmake --build /home/robot/Desktop/Session09/Johnny-Answers-Session09/build/cpp_turtle -- -j6 -l6
[0.205s] [  2%] Built target cpp_turtle__cpp
[0.255s] [ 10%] Built target cpp_turtle__rosidl_generator_c
[0.304s] [ 14%] Built target initNode
[0.318s] [ 14%] Built target ament_cmake_python_copy_cpp_turtle
[0.376s] [ 23%] Built target cpp_turtle__rosidl_typesupport_cpp
[0.376s] [ 31%] Built target cpp_turtle__rosidl_typesupport_fastrtps_cpp
[0.437s] [ 40%] Built target cpp_turtle__rosidl_typesupport_introspection_cpp
[0.509s] [ 48%] Built target cpp_turtle__rosidl_typesupport_introspection_c
[0.511s] [ 53%] Built target lap_time_action_client
[0.541s] [ 61%] Built target cpp_turtle__rosidl_typesupport_fastrtps_c
[0.550s] [35m[1mConsolidate compiler generated dependencies of target robot_driver[0m
[0.556s] [ 70%] Built target cpp_turtle__rosidl_typesupport_c
[0.578s] [ 74%] Built target lap_time_action_server
[0.633s] [ 76%] [32mBuilding CXX object CMakeFiles/robot_driver.dir/src/robot_driver.cpp.o[0m
[0.669s] [ 76%] Built target cpp_turtle
[0.747s] [ 78%] Built target cpp_turtle__py
[0.940s] [ 85%] Built target cpp_turtle__rosidl_generator_py
[1.038s] [ 89%] Built target cpp_turtle__rosidl_typesupport_introspection_c__pyext
[1.046s] [ 93%] Built target cpp_turtle__rosidl_typesupport_fastrtps_c__pyext
[1.202s] running egg_info
[1.202s] writing cpp_turtle.egg-info/PKG-INFO
[1.202s] writing dependency_links to cpp_turtle.egg-info/dependency_links.txt
[1.202s] writing top-level names to cpp_turtle.egg-info/top_level.txt
[1.213s] reading manifest file 'cpp_turtle.egg-info/SOURCES.txt'
[1.214s] writing manifest file 'cpp_turtle.egg-info/SOURCES.txt'
[1.243s] [ 97%] Built target cpp_turtle__rosidl_typesupport_c__pyext
[1.272s] [ 97%] Built target ament_cmake_python_build_cpp_turtle_egg
[18.237s] [100%] [32m[1mLinking CXX executable robot_driver[0m
[19.159s] [100%] Built target robot_driver
[19.186s] Invoked command in '/home/robot/Desktop/Session09/Johnny-Answers-Session09/build/cpp_turtle' returned '0': CMAKE_PREFIX_PATH=${CMAKE_PREFIX_PATH}:/opt/ros/humble /usr/bin/cmake --build /home/robot/Desktop/Session09/Johnny-Answers-Session09/build/cpp_turtle -- -j6 -l6
[19.882s] Invoking command in '/home/robot/Desktop/Session09/Johnny-Answers-Session09/build/cpp_turtle': CMAKE_PREFIX_PATH=${CMAKE_PREFIX_PATH}:/opt/ros/humble /usr/bin/cmake --install /home/robot/Desktop/Session09/Johnny-Answers-Session09/build/cpp_turtle
[19.902s] -- Install configuration: ""
[19.904s] -- Up-to-date: /home/robot/Desktop/Session09/Johnny-Answers-Session09/install/cpp_turtle/lib/cpp_turtle/initNode
[19.904s] -- Up-to-date: /home/robot/Desktop/Session09/Johnny-Answers-Session09/install/cpp_turtle/share/ament_index/resource_index/rosidl_interfaces/cpp_turtle
[19.905s] -- Up-to-date: /home/robot/Desktop/Session09/Johnny-Answers-Session09/install/cpp_turtle/include/cpp_turtle/cpp_turtle
[19.905s] -- Up-to-date: /home/robot/Desktop/Session09/Johnny-Answers-Session09/install/cpp_turtle/include/cpp_turtle/cpp_turtle/msg
[19.906s] -- Up-to-date: /home/robot/Desktop/Session09/Johnny-Answers-Session09/install/cpp_turtle/include/cpp_turtle/cpp_turtle/msg/rosidl_generator_c__visibility_control.h
[19.906s] -- Up-to-date: /home/robot/Desktop/Session09/Johnny-Answers-Session09/install/cpp_turtle/include/cpp_turtle/cpp_turtle/action
[19.906s] -- Up-to-date: /home/robot/Desktop/Session09/Johnny-Answers-Session09/install/cpp_turtle/include/cpp_turtle/cpp_turtle/action/measure_lap_time.h
[19.906s] -- Up-to-date: /home/robot/Desktop/Session09/Johnny-Answers-Session09/install/cpp_turtle/include/cpp_turtle/cpp_turtle/action/detail
[19.908s] -- Up-to-date: /home/robot/Desktop/Session09/Johnny-Answers-Session09/install/cpp_turtle/include/cpp_turtle/cpp_turtle/action/detail/measure_lap_time__functions.h
[19.908s] -- Up-to-date: /home/robot/Desktop/Session09/Johnny-Answers-Session09/install/cpp_turtle/include/cpp_turtle/cpp_turtle/action/detail/measure_lap_time__struct.h
[19.908s] -- Up-to-date: /home/robot/Desktop/Session09/Johnny-Answers-Session09/install/cpp_turtle/include/cpp_turtle/cpp_turtle/action/detail/measure_lap_time__type_support.h
[19.908s] -- Up-to-date: /home/robot/Desktop/Session09/Johnny-Answers-Session09/install/cpp_turtle/include/cpp_turtle/cpp_turtle/action/detail/measure_lap_time__functions.c
[19.908s] -- Up-to-date: /home/robot/Desktop/Session09/Johnny-Answers-Session09/install/cpp_turtle/include/cpp_turtle/cpp_turtle/srv
[19.909s] -- Up-to-date: /home/robot/Desktop/Session09/Johnny-Answers-Session09/install/cpp_turtle/include/cpp_turtle/cpp_turtle/srv/find_wall.h
[19.909s] -- Up-to-date: /home/robot/Desktop/Session09/Johnny-Answers-Session09/install/cpp_turtle/include/cpp_turtle/cpp_turtle/srv/detail
[19.909s] -- Up-to-date: /home/robot/Desktop/Session09/Johnny-Answers-Session09/install/cpp_turtle/include/cpp_turtle/cpp_turtle/srv/detail/find_wall__functions.c
[19.909s] -- Up-to-date: /home/robot/Desktop/Session09/Johnny-Answers-Session09/install/cpp_turtle/include/cpp_turtle/cpp_turtle/srv/detail/find_wall__type_support.h
[19.909s] -- Up-to-date: /home/robot/Desktop/Session09/Johnny-Answers-Session09/install/cpp_turtle/include/cpp_turtle/cpp_turtle/srv/detail/find_wall__functions.h
[19.909s] -- Up-to-date: /home/robot/Desktop/Session09/Johnny-Answers-Session09/install/cpp_turtle/include/cpp_turtle/cpp_turtle/srv/detail/find_wall__struct.h
[19.909s] -- Up-to-date: /home/robot/Desktop/Session09/Johnny-Answers-Session09/install/cpp_turtle/share/cpp_turtle/environment/library_path.sh
[19.910s] -- Up-to-date: /home/robot/Desktop/Session09/Johnny-Answers-Session09/install/cpp_turtle/share/cpp_turtle/environment/library_path.dsv
[19.910s] -- Up-to-date: /home/robot/Desktop/Session09/Johnny-Answers-Session09/install/cpp_turtle/lib/libcpp_turtle__rosidl_generator_c.so
[19.912s] -- Up-to-date: /home/robot/Desktop/Session09/Johnny-Answers-Session09/install/cpp_turtle/include/cpp_turtle/cpp_turtle
[19.912s] -- Up-to-date: /home/robot/Desktop/Session09/Johnny-Answers-Session09/install/cpp_turtle/include/cpp_turtle/cpp_turtle/msg
[19.913s] -- Up-to-date: /home/robot/Desktop/Session09/Johnny-Answers-Session09/install/cpp_turtle/include/cpp_turtle/cpp_turtle/msg/rosidl_typesupport_fastrtps_c__visibility_control.h
[19.913s] -- Up-to-date: /home/robot/Desktop/Session09/Johnny-Answers-Session09/install/cpp_turtle/include/cpp_turtle/cpp_turtle/action
[19.913s] -- Up-to-date: /home/robot/Desktop/Session09/Johnny-Answers-Session09/install/cpp_turtle/include/cpp_turtle/cpp_turtle/action/detail
[19.913s] -- Up-to-date: /home/robot/Desktop/Session09/Johnny-Answers-Session09/install/cpp_turtle/include/cpp_turtle/cpp_turtle/action/detail/measure_lap_time__rosidl_typesupport_fastrtps_c.h
[19.913s] -- Up-to-date: /home/robot/Desktop/Session09/Johnny-Answers-Session09/install/cpp_turtle/include/cpp_turtle/cpp_turtle/srv
[19.913s] -- Up-to-date: /home/robot/Desktop/Session09/Johnny-Answers-Session09/install/cpp_turtle/include/cpp_turtle/cpp_turtle/srv/detail
[19.914s] -- Up-to-date: /home/robot/Desktop/Session09/Johnny-Answers-Session09/install/cpp_turtle/include/cpp_turtle/cpp_turtle/srv/detail/find_wall__rosidl_typesupport_fastrtps_c.h
[19.914s] -- Up-to-date: /home/robot/Desktop/Session09/Johnny-Answers-Session09/install/cpp_turtle/lib/libcpp_turtle__rosidl_typesupport_fastrtps_c.so
[19.914s] -- Up-to-date: /home/robot/Desktop/Session09/Johnny-Answers-Session09/install/cpp_turtle/include/cpp_turtle/cpp_turtle
[19.914s] -- Up-to-date: /home/robot/Desktop/Session09/Johnny-Answers-Session09/install/cpp_turtle/include/cpp_turtle/cpp_turtle/msg
[19.914s] -- Up-to-date: /home/robot/Desktop/Session09/Johnny-Answers-Session09/install/cpp_turtle/include/cpp_turtle/cpp_turtle/msg/rosidl_typesupport_introspection_c__visibility_control.h
[19.914s] -- Up-to-date: /home/robot/Desktop/Session09/Johnny-Answers-Session09/install/cpp_turtle/include/cpp_turtle/cpp_turtle/action
[19.915s] -- Up-to-date: /home/robot/Desktop/Session09/Johnny-Answers-Session09/install/cpp_turtle/include/cpp_turtle/cpp_turtle/action/detail
[19.915s] -- Up-to-date: /home/robot/Desktop/Session09/Johnny-Answers-Session09/install/cpp_turtle/include/cpp_turtle/cpp_turtle/action/detail/measure_lap_time__type_support.c
[19.915s] -- Up-to-date: /home/robot/Desktop/Session09/Johnny-Answers-Session09/install/cpp_turtle/include/cpp_turtle/cpp_turtle/action/detail/measure_lap_time__rosidl_typesupport_introspection_c.h
[19.915s] -- Up-to-date: /home/robot/Desktop/Session09/Johnny-Answers-Session09/install/cpp_turtle/include/cpp_turtle/cpp_turtle/srv
[19.915s] -- Up-to-date: /home/robot/Desktop/Session09/Johnny-Answers-Session09/install/cpp_turtle/include/cpp_turtle/cpp_turtle/srv/detail
[19.915s] -- Up-to-date: /home/robot/Desktop/Session09/Johnny-Answers-Session09/install/cpp_turtle/include/cpp_turtle/cpp_turtle/srv/detail/find_wall__rosidl_typesupport_introspection_c.h
[19.916s] -- Up-to-date: /home/robot/Desktop/Session09/Johnny-Answers-Session09/install/cpp_turtle/include/cpp_turtle/cpp_turtle/srv/detail/find_wall__type_support.c
[19.916s] -- Up-to-date: /home/robot/Desktop/Session09/Johnny-Answers-Session09/install/cpp_turtle/lib/libcpp_turtle__rosidl_typesupport_introspection_c.so
[19.916s] -- Up-to-date: /home/robot/Desktop/Session09/Johnny-Answers-Session09/install/cpp_turtle/lib/libcpp_turtle__rosidl_typesupport_c.so
[19.916s] -- Up-to-date: /home/robot/Desktop/Session09/Johnny-Answers-Session09/install/cpp_turtle/include/cpp_turtle/cpp_turtle
[19.916s] -- Up-to-date: /home/robot/Desktop/Session09/Johnny-Answers-Session09/install/cpp_turtle/include/cpp_turtle/cpp_turtle/action
[19.916s] -- Up-to-date: /home/robot/Desktop/Session09/Johnny-Answers-Session09/install/cpp_turtle/include/cpp_turtle/cpp_turtle/action/detail
[19.917s] -- Up-to-date: /home/robot/Desktop/Session09/Johnny-Answers-Session09/install/cpp_turtle/include/cpp_turtle/cpp_turtle/action/detail/measure_lap_time__traits.hpp
[19.917s] -- Up-to-date: /home/robot/Desktop/Session09/Johnny-Answers-Session09/install/cpp_turtle/include/cpp_turtle/cpp_turtle/action/detail/measure_lap_time__builder.hpp
[19.917s] -- Up-to-date: /home/robot/Desktop/Session09/Johnny-Answers-Session09/install/cpp_turtle/include/cpp_turtle/cpp_turtle/action/detail/measure_lap_time__struct.hpp
[19.917s] -- Up-to-date: /home/robot/Desktop/Session09/Johnny-Answers-Session09/install/cpp_turtle/include/cpp_turtle/cpp_turtle/action/measure_lap_time.hpp
[19.917s] -- Up-to-date: /home/robot/Desktop/Session09/Johnny-Answers-Session09/install/cpp_turtle/include/cpp_turtle/cpp_turtle/srv
[19.917s] -- Up-to-date: /home/robot/Desktop/Session09/Johnny-Answers-Session09/install/cpp_turtle/include/cpp_turtle/cpp_turtle/srv/detail
[19.917s] -- Up-to-date: /home/robot/Desktop/Session09/Johnny-Answers-Session09/install/cpp_turtle/include/cpp_turtle/cpp_turtle/srv/detail/find_wall__builder.hpp
[19.918s] -- Up-to-date: /home/robot/Desktop/Session09/Johnny-Answers-Session09/install/cpp_turtle/include/cpp_turtle/cpp_turtle/srv/detail/find_wall__struct.hpp
[19.918s] -- Up-to-date: /home/robot/Desktop/Session09/Johnny-Answers-Session09/install/cpp_turtle/include/cpp_turtle/cpp_turtle/srv/detail/find_wall__traits.hpp
[19.918s] -- Up-to-date: /home/robot/Desktop/Session09/Johnny-Answers-Session09/install/cpp_turtle/include/cpp_turtle/cpp_turtle/srv/find_wall.hpp
[19.918s] -- Up-to-date: /home/robot/Desktop/Session09/Johnny-Answers-Session09/install/cpp_turtle/include/cpp_turtle/cpp_turtle
[19.918s] -- Up-to-date: /home/robot/Desktop/Session09/Johnny-Answers-Session09/install/cpp_turtle/include/cpp_turtle/cpp_turtle/msg
[19.918s] -- Up-to-date: /home/robot/Desktop/Session09/Johnny-Answers-Session09/install/cpp_turtle/include/cpp_turtle/cpp_turtle/msg/rosidl_typesupport_fastrtps_cpp__visibility_control.h
[19.918s] -- Up-to-date: /home/robot/Desktop/Session09/Johnny-Answers-Session09/install/cpp_turtle/include/cpp_turtle/cpp_turtle/action
[19.920s] -- Up-to-date: /home/robot/Desktop/Session09/Johnny-Answers-Session09/install/cpp_turtle/include/cpp_turtle/cpp_turtle/action/detail
[19.920s] -- Up-to-date: /home/robot/Desktop/Session09/Johnny-Answers-Session09/install/cpp_turtle/include/cpp_turtle/cpp_turtle/action/detail/measure_lap_time__rosidl_typesupport_fastrtps_cpp.hpp
[19.920s] -- Up-to-date: /home/robot/Desktop/Session09/Johnny-Answers-Session09/install/cpp_turtle/include/cpp_turtle/cpp_turtle/action/detail/dds_fastrtps
[19.921s] -- Up-to-date: /home/robot/Desktop/Session09/Johnny-Answers-Session09/install/cpp_turtle/include/cpp_turtle/cpp_turtle/srv
[19.921s] -- Up-to-date: /home/robot/Desktop/Session09/Johnny-Answers-Session09/install/cpp_turtle/include/cpp_turtle/cpp_turtle/srv/detail
[19.921s] -- Up-to-date: /home/robot/Desktop/Session09/Johnny-Answers-Session09/install/cpp_turtle/include/cpp_turtle/cpp_turtle/srv/detail/find_wall__rosidl_typesupport_fastrtps_cpp.hpp
[19.921s] -- Up-to-date: /home/robot/Desktop/Session09/Johnny-Answers-Session09/install/cpp_turtle/include/cpp_turtle/cpp_turtle/srv/detail/dds_fastrtps
[19.921s] -- Up-to-date: /home/robot/Desktop/Session09/Johnny-Answers-Session09/install/cpp_turtle/lib/libcpp_turtle__rosidl_typesupport_fastrtps_cpp.so
[19.921s] -- Up-to-date: /home/robot/Desktop/Session09/Johnny-Answers-Session09/install/cpp_turtle/include/cpp_turtle/cpp_turtle
[19.921s] -- Up-to-date: /home/robot/Desktop/Session09/Johnny-Answers-Session09/install/cpp_turtle/include/cpp_turtle/cpp_turtle/action
[19.928s] -- Up-to-date: /home/robot/Desktop/Session09/Johnny-Answers-Session09/install/cpp_turtle/include/cpp_turtle/cpp_turtle/action/detail
[19.928s] -- Up-to-date: /home/robot/Desktop/Session09/Johnny-Answers-Session09/install/cpp_turtle/include/cpp_turtle/cpp_turtle/action/detail/measure_lap_time__rosidl_typesupport_introspection_cpp.hpp
[19.928s] -- Up-to-date: /home/robot/Desktop/Session09/Johnny-Answers-Session09/install/cpp_turtle/include/cpp_turtle/cpp_turtle/action/detail/measure_lap_time__type_support.cpp
[19.929s] -- Up-to-date: /home/robot/Desktop/Session09/Johnny-Answers-Session09/install/cpp_turtle/include/cpp_turtle/cpp_turtle/srv
[19.929s] -- Up-to-date: /home/robot/Desktop/Session09/Johnny-Answers-Session09/install/cpp_turtle/include/cpp_turtle/cpp_turtle/srv/detail
[19.929s] -- Up-to-date: /home/robot/Desktop/Session09/Johnny-Answers-Session09/install/cpp_turtle/include/cpp_turtle/cpp_turtle/srv/detail/find_wall__rosidl_typesupport_introspection_cpp.hpp
[19.929s] -- Up-to-date: /home/robot/Desktop/Session09/Johnny-Answers-Session09/install/cpp_turtle/include/cpp_turtle/cpp_turtle/srv/detail/find_wall__type_support.cpp
[19.929s] -- Up-to-date: /home/robot/Desktop/Session09/Johnny-Answers-Session09/install/cpp_turtle/lib/libcpp_turtle__rosidl_typesupport_introspection_cpp.so
[19.929s] -- Up-to-date: /home/robot/Desktop/Session09/Johnny-Answers-Session09/install/cpp_turtle/lib/libcpp_turtle__rosidl_typesupport_cpp.so
[19.930s] -- Up-to-date: /home/robot/Desktop/Session09/Johnny-Answers-Session09/install/cpp_turtle/share/cpp_turtle/environment/pythonpath.sh
[19.930s] -- Up-to-date: /home/robot/Desktop/Session09/Johnny-Answers-Session09/install/cpp_turtle/share/cpp_turtle/environment/pythonpath.dsv
[19.930s] -- Up-to-date: /home/robot/Desktop/Session09/Johnny-Answers-Session09/install/cpp_turtle/local/lib/python3.10/dist-packages/cpp_turtle-0.0.0-py3.10.egg-info
[19.930s] -- Installing: /home/robot/Desktop/Session09/Johnny-Answers-Session09/install/cpp_turtle/local/lib/python3.10/dist-packages/cpp_turtle-0.0.0-py3.10.egg-info/SOURCES.txt
[19.930s] -- Installing: /home/robot/Desktop/Session09/Johnny-Answers-Session09/install/cpp_turtle/local/lib/python3.10/dist-packages/cpp_turtle-0.0.0-py3.10.egg-info/PKG-INFO
[19.930s] -- Installing: /home/robot/Desktop/Session09/Johnny-Answers-Session09/install/cpp_turtle/local/lib/python3.10/dist-packages/cpp_turtle-0.0.0-py3.10.egg-info/dependency_links.txt
[19.932s] -- Installing: /home/robot/Desktop/Session09/Johnny-Answers-Session09/install/cpp_turtle/local/lib/python3.10/dist-packages/cpp_turtle-0.0.0-py3.10.egg-info/top_level.txt
[19.932s] -- Up-to-date: /home/robot/Desktop/Session09/Johnny-Answers-Session09/install/cpp_turtle/local/lib/python3.10/dist-packages/cpp_turtle
[19.932s] -- Up-to-date: /home/robot/Desktop/Session09/Johnny-Answers-Session09/install/cpp_turtle/local/lib/python3.10/dist-packages/cpp_turtle/cpp_turtle_s__rosidl_typesupport_introspection_c.cpython-310-x86_64-linux-gnu.so
[19.932s] -- Up-to-date: /home/robot/Desktop/Session09/Johnny-Answers-Session09/install/cpp_turtle/local/lib/python3.10/dist-packages/cpp_turtle/cpp_turtle_s__rosidl_typesupport_c.cpython-310-x86_64-linux-gnu.so
[19.932s] -- Up-to-date: /home/robot/Desktop/Session09/Johnny-Answers-Session09/install/cpp_turtle/local/lib/python3.10/dist-packages/cpp_turtle/cpp_turtle_s__rosidl_typesupport_fastrtps_c.cpython-310-x86_64-linux-gnu.so
[19.932s] -- Up-to-date: /home/robot/Desktop/Session09/Johnny-Answers-Session09/install/cpp_turtle/local/lib/python3.10/dist-packages/cpp_turtle/_cpp_turtle_s.ep.rosidl_typesupport_fastrtps_c.c
[19.933s] -- Up-to-date: /home/robot/Desktop/Session09/Johnny-Answers-Session09/install/cpp_turtle/local/lib/python3.10/dist-packages/cpp_turtle/libcpp_turtle__rosidl_generator_py.so
[19.933s] -- Up-to-date: /home/robot/Desktop/Session09/Johnny-Answers-Session09/install/cpp_turtle/local/lib/python3.10/dist-packages/cpp_turtle/_cpp_turtle_s.ep.rosidl_typesupport_introspection_c.c
[19.933s] -- Up-to-date: /home/robot/Desktop/Session09/Johnny-Answers-Session09/install/cpp_turtle/local/lib/python3.10/dist-packages/cpp_turtle/action
[19.933s] -- Up-to-date: /home/robot/Desktop/Session09/Johnny-Answers-Session09/install/cpp_turtle/local/lib/python3.10/dist-packages/cpp_turtle/action/_measure_lap_time_s.c
[19.933s] -- Up-to-date: /home/robot/Desktop/Session09/Johnny-Answers-Session09/install/cpp_turtle/local/lib/python3.10/dist-packages/cpp_turtle/action/_measure_lap_time.py
[19.933s] -- Up-to-date: /home/robot/Desktop/Session09/Johnny-Answers-Session09/install/cpp_turtle/local/lib/python3.10/dist-packages/cpp_turtle/action/__init__.py
[19.933s] -- Up-to-date: /home/robot/Desktop/Session09/Johnny-Answers-Session09/install/cpp_turtle/local/lib/python3.10/dist-packages/cpp_turtle/__init__.py
[19.934s] -- Up-to-date: /home/robot/Desktop/Session09/Johnny-Answers-Session09/install/cpp_turtle/local/lib/python3.10/dist-packages/cpp_turtle/srv
[19.934s] -- Up-to-date: /home/robot/Desktop/Session09/Johnny-Answers-Session09/install/cpp_turtle/local/lib/python3.10/dist-packages/cpp_turtle/srv/_find_wall.py
[19.934s] -- Up-to-date: /home/robot/Desktop/Session09/Johnny-Answers-Session09/install/cpp_turtle/local/lib/python3.10/dist-packages/cpp_turtle/srv/_find_wall_s.c
[19.934s] -- Up-to-date: /home/robot/Desktop/Session09/Johnny-Answers-Session09/install/cpp_turtle/local/lib/python3.10/dist-packages/cpp_turtle/srv/__init__.py
[19.934s] -- Up-to-date: /home/robot/Desktop/Session09/Johnny-Answers-Session09/install/cpp_turtle/local/lib/python3.10/dist-packages/cpp_turtle/_cpp_turtle_s.ep.rosidl_typesupport_c.c
[20.020s] Listing '/home/robot/Desktop/Session09/Johnny-Answers-Session09/install/cpp_turtle/local/lib/python3.10/dist-packages/cpp_turtle'...
[20.020s] Listing '/home/robot/Desktop/Session09/Johnny-Answers-Session09/install/cpp_turtle/local/lib/python3.10/dist-packages/cpp_turtle/action'...
[20.020s] Listing '/home/robot/Desktop/Session09/Johnny-Answers-Session09/install/cpp_turtle/local/lib/python3.10/dist-packages/cpp_turtle/srv'...
[20.020s] -- Up-to-date: /home/robot/Desktop/Session09/Johnny-Answers-Session09/install/cpp_turtle/local/lib/python3.10/dist-packages/cpp_turtle/cpp_turtle_s__rosidl_typesupport_fastrtps_c.cpython-310-x86_64-linux-gnu.so
[20.021s] -- Up-to-date: /home/robot/Desktop/Session09/Johnny-Answers-Session09/install/cpp_turtle/local/lib/python3.10/dist-packages/cpp_turtle/cpp_turtle_s__rosidl_typesupport_introspection_c.cpython-310-x86_64-linux-gnu.so
[20.021s] -- Up-to-date: /home/robot/Desktop/Session09/Johnny-Answers-Session09/install/cpp_turtle/local/lib/python3.10/dist-packages/cpp_turtle/cpp_turtle_s__rosidl_typesupport_c.cpython-310-x86_64-linux-gnu.so
[20.025s] -- Up-to-date: /home/robot/Desktop/Session09/Johnny-Answers-Session09/install/cpp_turtle/lib/libcpp_turtle__rosidl_generator_py.so
[20.025s] -- Up-to-date: /home/robot/Desktop/Session09/Johnny-Answers-Session09/install/cpp_turtle/share/cpp_turtle/action/MeasureLapTime.idl
[20.025s] -- Up-to-date: /home/robot/Desktop/Session09/Johnny-Answers-Session09/install/cpp_turtle/share/cpp_turtle/srv/FindWall.idl
[20.026s] -- Up-to-date: /home/robot/Desktop/Session09/Johnny-Answers-Session09/install/cpp_turtle/share/cpp_turtle/action/MeasureLapTime.action
[20.026s] -- Up-to-date: /home/robot/Desktop/Session09/Johnny-Answers-Session09/install/cpp_turtle/share/cpp_turtle/srv/FindWall.srv
[20.026s] -- Up-to-date: /home/robot/Desktop/Session09/Johnny-Answers-Session09/install/cpp_turtle/share/cpp_turtle/srv/FindWall_Request.msg
[20.026s] -- Up-to-date: /home/robot/Desktop/Session09/Johnny-Answers-Session09/install/cpp_turtle/share/cpp_turtle/srv/FindWall_Response.msg
[20.038s] -- Up-to-date: /home/robot/Desktop/Session09/Johnny-Answers-Session09/install/cpp_turtle/lib/cpp_turtle/lap_time_action_client
[20.038s] -- Up-to-date: /home/robot/Desktop/Session09/Johnny-Answers-Session09/install/cpp_turtle/lib/cpp_turtle/lap_time_action_server
[20.038s] -- Installing: /home/robot/Desktop/Session09/Johnny-Answers-Session09/install/cpp_turtle/lib/cpp_turtle/robot_driver
[20.041s] -- Set runtime path of "/home/robot/Desktop/Session09/Johnny-Answers-Session09/install/cpp_turtle/lib/cpp_turtle/robot_driver" to ""
[20.041s] -- Up-to-date: /home/robot/Desktop/Session09/Johnny-Answers-Session09/install/cpp_turtle/share/cpp_turtle/launch
[20.041s] -- Up-to-date: /home/robot/Desktop/Session09/Johnny-Answers-Session09/install/cpp_turtle/share/cpp_turtle/launch/cpp_turtle_launch.py
[20.042s] -- Up-to-date: /home/robot/Desktop/Session09/Johnny-Answers-Session09/install/cpp_turtle/share/ament_index/resource_index/package_run_dependencies/cpp_turtle
[20.042s] -- Up-to-date: /home/robot/Desktop/Session09/Johnny-Answers-Session09/install/cpp_turtle/share/ament_index/resource_index/parent_prefix_path/cpp_turtle
[20.042s] -- Up-to-date: /home/robot/Desktop/Session09/Johnny-Answers-Session09/install/cpp_turtle/share/cpp_turtle/environment/ament_prefix_path.sh
[20.042s] -- Up-to-date: /home/robot/Desktop/Session09/Johnny-Answers-Session09/install/cpp_turtle/share/cpp_turtle/environment/ament_prefix_path.dsv
[20.043s] -- Up-to-date: /home/robot/Desktop/Session09/Johnny-Answers-Session09/install/cpp_turtle/share/cpp_turtle/environment/path.sh
[20.043s] -- Up-to-date: /home/robot/Desktop/Session09/Johnny-Answers-Session09/install/cpp_turtle/share/cpp_turtle/environment/path.dsv
[20.043s] -- Up-to-date: /home/robot/Desktop/Session09/Johnny-Answers-Session09/install/cpp_turtle/share/cpp_turtle/local_setup.bash
[20.043s] -- Up-to-date: /home/robot/Desktop/Session09/Johnny-Answers-Session09/install/cpp_turtle/share/cpp_turtle/local_setup.sh
[20.044s] -- Up-to-date: /home/robot/Desktop/Session09/Johnny-Answers-Session09/install/cpp_turtle/share/cpp_turtle/local_setup.zsh
[20.044s] -- Up-to-date: /home/robot/Desktop/Session09/Johnny-Answers-Session09/install/cpp_turtle/share/cpp_turtle/local_setup.dsv
[20.044s] -- Installing: /home/robot/Desktop/Session09/Johnny-Answers-Session09/install/cpp_turtle/share/cpp_turtle/package.dsv
[20.044s] -- Up-to-date: /home/robot/Desktop/Session09/Johnny-Answers-Session09/install/cpp_turtle/share/ament_index/resource_index/packages/cpp_turtle
[20.044s] -- Up-to-date: /home/robot/Desktop/Session09/Johnny-Answers-Session09/install/cpp_turtle/share/cpp_turtle/cmake/export_cpp_turtle__rosidl_generator_cExport.cmake
[20.046s] -- Up-to-date: /home/robot/Desktop/Session09/Johnny-Answers-Session09/install/cpp_turtle/share/cpp_turtle/cmake/export_cpp_turtle__rosidl_generator_cExport-noconfig.cmake
[20.046s] -- Up-to-date: /home/robot/Desktop/Session09/Johnny-Answers-Session09/install/cpp_turtle/share/cpp_turtle/cmake/export_cpp_turtle__rosidl_typesupport_fastrtps_cExport.cmake
[20.046s] -- Up-to-date: /home/robot/Desktop/Session09/Johnny-Answers-Session09/install/cpp_turtle/share/cpp_turtle/cmake/export_cpp_turtle__rosidl_typesupport_fastrtps_cExport-noconfig.cmake
[20.046s] -- Up-to-date: /home/robot/Desktop/Session09/Johnny-Answers-Session09/install/cpp_turtle/share/cpp_turtle/cmake/cpp_turtle__rosidl_typesupport_introspection_cExport.cmake
[20.047s] -- Up-to-date: /home/robot/Desktop/Session09/Johnny-Answers-Session09/install/cpp_turtle/share/cpp_turtle/cmake/cpp_turtle__rosidl_typesupport_introspection_cExport-noconfig.cmake
[20.047s] -- Up-to-date: /home/robot/Desktop/Session09/Johnny-Answers-Session09/install/cpp_turtle/share/cpp_turtle/cmake/cpp_turtle__rosidl_typesupport_cExport.cmake
[20.047s] -- Up-to-date: /home/robot/Desktop/Session09/Johnny-Answers-Session09/install/cpp_turtle/share/cpp_turtle/cmake/cpp_turtle__rosidl_typesupport_cExport-noconfig.cmake
[20.047s] -- Up-to-date: /home/robot/Desktop/Session09/Johnny-Answers-Session09/install/cpp_turtle/share/cpp_turtle/cmake/export_cpp_turtle__rosidl_generator_cppExport.cmake
[20.047s] -- Up-to-date: /home/robot/Desktop/Session09/Johnny-Answers-Session09/install/cpp_turtle/share/cpp_turtle/cmake/export_cpp_turtle__rosidl_typesupport_fastrtps_cppExport.cmake
[20.047s] -- Up-to-date: /home/robot/Desktop/Session09/Johnny-Answers-Session09/install/cpp_turtle/share/cpp_turtle/cmake/export_cpp_turtle__rosidl_typesupport_fastrtps_cppExport-noconfig.cmake
[20.048s] -- Up-to-date: /home/robot/Desktop/Session09/Johnny-Answers-Session09/install/cpp_turtle/share/cpp_turtle/cmake/cpp_turtle__rosidl_typesupport_introspection_cppExport.cmake
[20.048s] -- Up-to-date: /home/robot/Desktop/Session09/Johnny-Answers-Session09/install/cpp_turtle/share/cpp_turtle/cmake/cpp_turtle__rosidl_typesupport_introspection_cppExport-noconfig.cmake
[20.048s] -- Up-to-date: /home/robot/Desktop/Session09/Johnny-Answers-Session09/install/cpp_turtle/share/cpp_turtle/cmake/cpp_turtle__rosidl_typesupport_cppExport.cmake
[20.048s] -- Up-to-date: /home/robot/Desktop/Session09/Johnny-Answers-Session09/install/cpp_turtle/share/cpp_turtle/cmake/cpp_turtle__rosidl_typesupport_cppExport-noconfig.cmake
[20.048s] -- Up-to-date: /home/robot/Desktop/Session09/Johnny-Answers-Session09/install/cpp_turtle/share/cpp_turtle/cmake/export_cpp_turtle__rosidl_generator_pyExport.cmake
[20.048s] -- Up-to-date: /home/robot/Desktop/Session09/Johnny-Answers-Session09/install/cpp_turtle/share/cpp_turtle/cmake/export_cpp_turtle__rosidl_generator_pyExport-noconfig.cmake
[20.049s] -- Up-to-date: /home/robot/Desktop/Session09/Johnny-Answers-Session09/install/cpp_turtle/share/cpp_turtle/cmake/rosidl_cmake-extras.cmake
[20.049s] -- Up-to-date: /home/robot/Desktop/Session09/Johnny-Answers-Session09/install/cpp_turtle/share/cpp_turtle/cmake/ament_cmake_export_dependencies-extras.cmake
[20.054s] -- Up-to-date: /home/robot/Desktop/Session09/Johnny-Answers-Session09/install/cpp_turtle/share/cpp_turtle/cmake/ament_cmake_export_include_directories-extras.cmake
[20.055s] -- Up-to-date: /home/robot/Desktop/Session09/Johnny-Answers-Session09/install/cpp_turtle/share/cpp_turtle/cmake/ament_cmake_export_libraries-extras.cmake
[20.055s] -- Up-to-date: /home/robot/Desktop/Session09/Johnny-Answers-Session09/install/cpp_turtle/share/cpp_turtle/cmake/ament_cmake_export_targets-extras.cmake
[20.055s] -- Up-to-date: /home/robot/Desktop/Session09/Johnny-Answers-Session09/install/cpp_turtle/share/cpp_turtle/cmake/rosidl_cmake_export_typesupport_targets-extras.cmake
[20.055s] -- Up-to-date: /home/robot/Desktop/Session09/Johnny-Answers-Session09/install/cpp_turtle/share/cpp_turtle/cmake/rosidl_cmake_export_typesupport_libraries-extras.cmake
[20.055s] -- Up-to-date: /home/robot/Desktop/Session09/Johnny-Answers-Session09/install/cpp_turtle/share/cpp_turtle/cmake/cpp_turtleConfig.cmake
[20.055s] -- Up-to-date: /home/robot/Desktop/Session09/Johnny-Answers-Session09/install/cpp_turtle/share/cpp_turtle/cmake/cpp_turtleConfig-version.cmake
[20.056s] -- Up-to-date: /home/robot/Desktop/Session09/Johnny-Answers-Session09/install/cpp_turtle/share/cpp_turtle/package.xml
[20.056s] Invoked command in '/home/robot/Desktop/Session09/Johnny-Answers-Session09/build/cpp_turtle' returned '0': CMAKE_PREFIX_PATH=${CMAKE_PREFIX_PATH}:/opt/ros/humble /usr/bin/cmake --install /home/robot/Desktop/Session09/Johnny-Answers-Session09/build/cpp_turtle
