[0.027s] Invoking command in '/home/robot/Desktop/Session09/Johnny-Answers-Session09/build/cpp_turtle': CMAKE_PREFIX_PATH=/opt/ros/humble /usr/bin/cmake --build /home/robot/Desktop/Session09/Johnny-Answers-Session09/build/cpp_turtle -- -j6 -l6
[0.104s] -- Found ament_cmake: 1.3.9 (/opt/ros/humble/share/ament_cmake/cmake)
[0.358s] -- Found ament_lint_auto: 0.12.11 (/opt/ros/humble/share/ament_lint_auto/cmake)
[0.489s] -- Found rosidl_default_generators: 1.2.0 (/opt/ros/humble/share/rosidl_default_generators/cmake)
[0.493s] -- Using all available rosidl_typesupport_c: rosidl_typesupport_fastrtps_c;rosidl_typesupport_introspection_c
[0.500s] -- Found rosidl_adapter: 3.1.5 (/opt/ros/humble/share/rosidl_adapter/cmake)
[0.561s] -- Using all available rosidl_typesupport_cpp: rosidl_typesupport_fastrtps_cpp;rosidl_typesupport_introspection_cpp
[1.170s] -- Found ament_cmake_ros: 0.10.0 (/opt/ros/humble/share/ament_cmake_ros/cmake)
[1.556s] -- Using all available rosidl_typesupport_c: rosidl_typesupport_fastrtps_c;rosidl_typesupport_introspection_c
[2.063s] -- Using all available rosidl_typesupport_cpp: rosidl_typesupport_fastrtps_cpp;rosidl_typesupport_introspection_cpp
[2.110s] -- Found python_cmake_module: 0.10.0 (/opt/ros/humble/share/python_cmake_module/cmake)
[2.161s] -- Using PYTHON_EXECUTABLE: /usr/bin/python3
[2.161s] -- Using PYTHON_INCLUDE_DIRS: /usr/include/python3.10
[2.161s] -- Using PYTHON_LIBRARIES: /usr/lib/x86_64-linux-gnu/libpython3.10.so
[2.198s] -- Found rclcpp: 16.0.9 (/opt/ros/humble/share/rclcpp/cmake)
[2.294s] -- Found rmw_implementation_cmake: 6.1.2 (/opt/ros/humble/share/rmw_implementation_cmake/cmake)
[2.296s] -- Found rmw_fastrtps_cpp: 6.2.6 (/opt/ros/humble/share/rmw_fastrtps_cpp/cmake)
[2.540s] -- Using RMW implementation 'rmw_fastrtps_cpp' as default
[2.868s] -- Found rclcpp_action: 16.0.9 (/opt/ros/humble/share/rclcpp_action/cmake)
[2.922s] -- Found geometry_msgs: 4.2.4 (/opt/ros/humble/share/geometry_msgs/cmake)
[3.021s] -- Found sensor_msgs: 4.2.4 (/opt/ros/humble/share/sensor_msgs/cmake)
[3.185s] -- Found nav_msgs: 4.2.4 (/opt/ros/humble/share/nav_msgs/cmake)
[3.381s] -- Added test 'cppcheck' to perform static code analysis on C / C++ code
[3.400s] -- Configured cppcheck include dirs: /home/robot/Desktop/Session09/Johnny-Answers-Session09/src/cpp_turtle/include;$<BUILD_INTERFACE:/home/robot/Desktop/Session09/Johnny-Answers-Session09/src/cpp_turtle/include>
[3.400s] -- Configured cppcheck exclude dirs and/or files: 
[3.401s] -- Added test 'flake8' to check Python code syntax and style conventions
[3.402s] -- Added test 'lint_cmake' to check CMake code style
[3.403s] -- Added test 'pep257' to check Python code against some of the docstring style conventions in PEP 257
[3.405s] -- Added test 'uncrustify' to check C / C++ code style
[3.406s] -- Configured uncrustify additional arguments: 
[3.406s] -- Added test 'xmllint' to check XML markup files
[3.413s] -- Configuring done
[3.561s] -- Generating done
[3.574s] -- Build files have been written to: /home/robot/Desktop/Session09/Johnny-Answers-Session09/build/cpp_turtle
[3.643s] [35m[1mConsolidate compiler generated dependencies of target initNode[0m
[3.646s] [35m[1mConsolidate compiler generated dependencies of target cpp_turtle__rosidl_generator_c[0m
[3.686s] [  4%] Built target cpp_turtle__cpp
[3.687s] [  6%] Built target initNode
[3.688s] [ 14%] Built target cpp_turtle__rosidl_generator_c
[3.720s] [35m[1mConsolidate compiler generated dependencies of target cpp_turtle__rosidl_typesupport_fastrtps_c[0m
[3.732s] [35m[1mConsolidate compiler generated dependencies of target cpp_turtle__rosidl_typesupport_c[0m
[3.780s] [35m[1mConsolidate compiler generated dependencies of target cpp_turtle__rosidl_typesupport_introspection_c[0m
[3.781s] [35m[1mConsolidate compiler generated dependencies of target cpp_turtle__rosidl_typesupport_introspection_cpp[0m
[3.781s] [ 14%] Built target ament_cmake_python_copy_cpp_turtle
[3.820s] [35m[1mConsolidate compiler generated dependencies of target cpp_turtle__rosidl_typesupport_fastrtps_cpp[0m
[3.821s] [ 23%] Built target cpp_turtle__rosidl_typesupport_c
[3.821s] [ 31%] Built target cpp_turtle__rosidl_typesupport_fastrtps_c
[3.847s] [ 40%] Built target cpp_turtle__rosidl_typesupport_introspection_c
[3.885s] [35m[1mConsolidate compiler generated dependencies of target cpp_turtle__rosidl_typesupport_cpp[0m
[3.898s] [ 55%] Built target cpp_turtle__rosidl_typesupport_introspection_cpp
[3.898s] [ 57%] Built target cpp_turtle__rosidl_typesupport_fastrtps_cpp
[3.953s] [ 65%] Built target cpp_turtle__rosidl_typesupport_cpp
[4.011s] [35m[1mConsolidate compiler generated dependencies of target lap_time_action_server[0m
[4.012s] [35m[1mConsolidate compiler generated dependencies of target lap_time_action_client[0m
[4.037s] [35m[1mConsolidate compiler generated dependencies of target robot_driver[0m
[4.102s] [ 70%] Built target lap_time_action_client
[4.143s] [ 70%] Built target cpp_turtle
[4.144s] [ 74%] Built target lap_time_action_server
[4.210s] [ 78%] Built target robot_driver
[4.239s] [ 80%] Built target cpp_turtle__py
[4.275s] [35m[1mConsolidate compiler generated dependencies of target cpp_turtle__rosidl_generator_py[0m
[4.332s] [ 87%] Built target cpp_turtle__rosidl_generator_py
[4.429s] [35m[1mConsolidate compiler generated dependencies of target cpp_turtle__rosidl_typesupport_introspection_c__pyext[0m
[4.499s] [35m[1mConsolidate compiler generated dependencies of target cpp_turtle__rosidl_typesupport_c__pyext[0m
[4.504s] [35m[1mConsolidate compiler generated dependencies of target cpp_turtle__rosidl_typesupport_fastrtps_c__pyext[0m
[4.566s] [ 91%] Built target cpp_turtle__rosidl_typesupport_introspection_c__pyext
[4.579s] [ 95%] Built target cpp_turtle__rosidl_typesupport_fastrtps_c__pyext
[4.641s] [100%] Built target cpp_turtle__rosidl_typesupport_c__pyext
[4.724s] running egg_info
[4.724s] writing cpp_turtle.egg-info/PKG-INFO
[4.725s] writing dependency_links to cpp_turtle.egg-info/dependency_links.txt
[4.725s] writing top-level names to cpp_turtle.egg-info/top_level.txt
[4.725s] reading manifest file 'cpp_turtle.egg-info/SOURCES.txt'
[4.725s] writing manifest file 'cpp_turtle.egg-info/SOURCES.txt'
[4.781s] [100%] Built target ament_cmake_python_build_cpp_turtle_egg
[4.818s] Invoked command in '/home/robot/Desktop/Session09/Johnny-Answers-Session09/build/cpp_turtle' returned '0': CMAKE_PREFIX_PATH=/opt/ros/humble /usr/bin/cmake --build /home/robot/Desktop/Session09/Johnny-Answers-Session09/build/cpp_turtle -- -j6 -l6
[5.402s] Invoking command in '/home/robot/Desktop/Session09/Johnny-Answers-Session09/build/cpp_turtle': CMAKE_PREFIX_PATH=/opt/ros/humble /usr/bin/cmake --install /home/robot/Desktop/Session09/Johnny-Answers-Session09/build/cpp_turtle
[5.427s] -- Install configuration: ""
[5.427s] -- Up-to-date: /home/robot/Desktop/Session09/Johnny-Answers-Session09/install/cpp_turtle/lib/cpp_turtle/initNode
[5.427s] -- Up-to-date: /home/robot/Desktop/Session09/Johnny-Answers-Session09/install/cpp_turtle/share/ament_index/resource_index/rosidl_interfaces/cpp_turtle
[5.428s] -- Up-to-date: /home/robot/Desktop/Session09/Johnny-Answers-Session09/install/cpp_turtle/include/cpp_turtle/cpp_turtle
[5.428s] -- Up-to-date: /home/robot/Desktop/Session09/Johnny-Answers-Session09/install/cpp_turtle/include/cpp_turtle/cpp_turtle/msg
[5.428s] -- Up-to-date: /home/robot/Desktop/Session09/Johnny-Answers-Session09/install/cpp_turtle/include/cpp_turtle/cpp_turtle/msg/rosidl_generator_c__visibility_control.h
[5.428s] -- Up-to-date: /home/robot/Desktop/Session09/Johnny-Answers-Session09/install/cpp_turtle/include/cpp_turtle/cpp_turtle/action
[5.429s] -- Up-to-date: /home/robot/Desktop/Session09/Johnny-Answers-Session09/install/cpp_turtle/include/cpp_turtle/cpp_turtle/action/measure_lap_time.h
[5.430s] -- Up-to-date: /home/robot/Desktop/Session09/Johnny-Answers-Session09/install/cpp_turtle/include/cpp_turtle/cpp_turtle/action/detail
[5.430s] -- Up-to-date: /home/robot/Desktop/Session09/Johnny-Answers-Session09/install/cpp_turtle/include/cpp_turtle/cpp_turtle/action/detail/measure_lap_time__functions.h
[5.430s] -- Up-to-date: /home/robot/Desktop/Session09/Johnny-Answers-Session09/install/cpp_turtle/include/cpp_turtle/cpp_turtle/action/detail/measure_lap_time__struct.h
[5.430s] -- Up-to-date: /home/robot/Desktop/Session09/Johnny-Answers-Session09/install/cpp_turtle/include/cpp_turtle/cpp_turtle/action/detail/measure_lap_time__type_support.h
[5.430s] -- Up-to-date: /home/robot/Desktop/Session09/Johnny-Answers-Session09/install/cpp_turtle/include/cpp_turtle/cpp_turtle/action/detail/measure_lap_time__functions.c
[5.431s] -- Up-to-date: /home/robot/Desktop/Session09/Johnny-Answers-Session09/install/cpp_turtle/include/cpp_turtle/cpp_turtle/srv
[5.431s] -- Up-to-date: /home/robot/Desktop/Session09/Johnny-Answers-Session09/install/cpp_turtle/include/cpp_turtle/cpp_turtle/srv/find_wall.h
[5.431s] -- Up-to-date: /home/robot/Desktop/Session09/Johnny-Answers-Session09/install/cpp_turtle/include/cpp_turtle/cpp_turtle/srv/detail
[5.431s] -- Up-to-date: /home/robot/Desktop/Session09/Johnny-Answers-Session09/install/cpp_turtle/include/cpp_turtle/cpp_turtle/srv/detail/find_wall__functions.c
[5.431s] -- Up-to-date: /home/robot/Desktop/Session09/Johnny-Answers-Session09/install/cpp_turtle/include/cpp_turtle/cpp_turtle/srv/detail/find_wall__type_support.h
[5.431s] -- Up-to-date: /home/robot/Desktop/Session09/Johnny-Answers-Session09/install/cpp_turtle/include/cpp_turtle/cpp_turtle/srv/detail/find_wall__functions.h
[5.434s] -- Up-to-date: /home/robot/Desktop/Session09/Johnny-Answers-Session09/install/cpp_turtle/include/cpp_turtle/cpp_turtle/srv/detail/find_wall__struct.h
[5.436s] -- Up-to-date: /home/robot/Desktop/Session09/Johnny-Answers-Session09/install/cpp_turtle/share/cpp_turtle/environment/library_path.sh
[5.436s] -- Installing: /home/robot/Desktop/Session09/Johnny-Answers-Session09/install/cpp_turtle/share/cpp_turtle/environment/library_path.dsv
[5.436s] -- Up-to-date: /home/robot/Desktop/Session09/Johnny-Answers-Session09/install/cpp_turtle/lib/libcpp_turtle__rosidl_generator_c.so
[5.436s] -- Up-to-date: /home/robot/Desktop/Session09/Johnny-Answers-Session09/install/cpp_turtle/include/cpp_turtle/cpp_turtle
[5.441s] -- Up-to-date: /home/robot/Desktop/Session09/Johnny-Answers-Session09/install/cpp_turtle/include/cpp_turtle/cpp_turtle/msg
[5.441s] -- Up-to-date: /home/robot/Desktop/Session09/Johnny-Answers-Session09/install/cpp_turtle/include/cpp_turtle/cpp_turtle/msg/rosidl_typesupport_fastrtps_c__visibility_control.h
[5.441s] -- Up-to-date: /home/robot/Desktop/Session09/Johnny-Answers-Session09/install/cpp_turtle/include/cpp_turtle/cpp_turtle/action
[5.441s] -- Up-to-date: /home/robot/Desktop/Session09/Johnny-Answers-Session09/install/cpp_turtle/include/cpp_turtle/cpp_turtle/action/detail
[5.441s] -- Up-to-date: /home/robot/Desktop/Session09/Johnny-Answers-Session09/install/cpp_turtle/include/cpp_turtle/cpp_turtle/action/detail/measure_lap_time__rosidl_typesupport_fastrtps_c.h
[5.442s] -- Up-to-date: /home/robot/Desktop/Session09/Johnny-Answers-Session09/install/cpp_turtle/include/cpp_turtle/cpp_turtle/srv
[5.442s] -- Up-to-date: /home/robot/Desktop/Session09/Johnny-Answers-Session09/install/cpp_turtle/include/cpp_turtle/cpp_turtle/srv/detail
[5.442s] -- Up-to-date: /home/robot/Desktop/Session09/Johnny-Answers-Session09/install/cpp_turtle/include/cpp_turtle/cpp_turtle/srv/detail/find_wall__rosidl_typesupport_fastrtps_c.h
[5.442s] -- Up-to-date: /home/robot/Desktop/Session09/Johnny-Answers-Session09/install/cpp_turtle/lib/libcpp_turtle__rosidl_typesupport_fastrtps_c.so
[5.442s] -- Up-to-date: /home/robot/Desktop/Session09/Johnny-Answers-Session09/install/cpp_turtle/include/cpp_turtle/cpp_turtle
[5.442s] -- Up-to-date: /home/robot/Desktop/Session09/Johnny-Answers-Session09/install/cpp_turtle/include/cpp_turtle/cpp_turtle/msg
[5.443s] -- Up-to-date: /home/robot/Desktop/Session09/Johnny-Answers-Session09/install/cpp_turtle/include/cpp_turtle/cpp_turtle/msg/rosidl_typesupport_introspection_c__visibility_control.h
[5.443s] -- Up-to-date: /home/robot/Desktop/Session09/Johnny-Answers-Session09/install/cpp_turtle/include/cpp_turtle/cpp_turtle/action
[5.443s] -- Up-to-date: /home/robot/Desktop/Session09/Johnny-Answers-Session09/install/cpp_turtle/include/cpp_turtle/cpp_turtle/action/detail
[5.443s] -- Up-to-date: /home/robot/Desktop/Session09/Johnny-Answers-Session09/install/cpp_turtle/include/cpp_turtle/cpp_turtle/action/detail/measure_lap_time__type_support.c
[5.443s] -- Up-to-date: /home/robot/Desktop/Session09/Johnny-Answers-Session09/install/cpp_turtle/include/cpp_turtle/cpp_turtle/action/detail/measure_lap_time__rosidl_typesupport_introspection_c.h
[5.444s] -- Up-to-date: /home/robot/Desktop/Session09/Johnny-Answers-Session09/install/cpp_turtle/include/cpp_turtle/cpp_turtle/srv
[5.444s] -- Up-to-date: /home/robot/Desktop/Session09/Johnny-Answers-Session09/install/cpp_turtle/include/cpp_turtle/cpp_turtle/srv/detail
[5.444s] -- Up-to-date: /home/robot/Desktop/Session09/Johnny-Answers-Session09/install/cpp_turtle/include/cpp_turtle/cpp_turtle/srv/detail/find_wall__rosidl_typesupport_introspection_c.h
[5.444s] -- Up-to-date: /home/robot/Desktop/Session09/Johnny-Answers-Session09/install/cpp_turtle/include/cpp_turtle/cpp_turtle/srv/detail/find_wall__type_support.c
[5.448s] -- Up-to-date: /home/robot/Desktop/Session09/Johnny-Answers-Session09/install/cpp_turtle/lib/libcpp_turtle__rosidl_typesupport_introspection_c.so
[5.448s] -- Up-to-date: /home/robot/Desktop/Session09/Johnny-Answers-Session09/install/cpp_turtle/lib/libcpp_turtle__rosidl_typesupport_c.so
[5.448s] -- Up-to-date: /home/robot/Desktop/Session09/Johnny-Answers-Session09/install/cpp_turtle/include/cpp_turtle/cpp_turtle
[5.449s] -- Up-to-date: /home/robot/Desktop/Session09/Johnny-Answers-Session09/install/cpp_turtle/include/cpp_turtle/cpp_turtle/action
[5.449s] -- Up-to-date: /home/robot/Desktop/Session09/Johnny-Answers-Session09/install/cpp_turtle/include/cpp_turtle/cpp_turtle/action/detail
[5.450s] -- Up-to-date: /home/robot/Desktop/Session09/Johnny-Answers-Session09/install/cpp_turtle/include/cpp_turtle/cpp_turtle/action/detail/measure_lap_time__traits.hpp
[5.450s] -- Up-to-date: /home/robot/Desktop/Session09/Johnny-Answers-Session09/install/cpp_turtle/include/cpp_turtle/cpp_turtle/action/detail/measure_lap_time__builder.hpp
[5.455s] -- Up-to-date: /home/robot/Desktop/Session09/Johnny-Answers-Session09/install/cpp_turtle/include/cpp_turtle/cpp_turtle/action/detail/measure_lap_time__struct.hpp
[5.455s] -- Up-to-date: /home/robot/Desktop/Session09/Johnny-Answers-Session09/install/cpp_turtle/include/cpp_turtle/cpp_turtle/action/measure_lap_time.hpp
[5.456s] -- Up-to-date: /home/robot/Desktop/Session09/Johnny-Answers-Session09/install/cpp_turtle/include/cpp_turtle/cpp_turtle/srv
[5.456s] -- Up-to-date: /home/robot/Desktop/Session09/Johnny-Answers-Session09/install/cpp_turtle/include/cpp_turtle/cpp_turtle/srv/detail
[5.456s] -- Up-to-date: /home/robot/Desktop/Session09/Johnny-Answers-Session09/install/cpp_turtle/include/cpp_turtle/cpp_turtle/srv/detail/find_wall__builder.hpp
[5.456s] -- Up-to-date: /home/robot/Desktop/Session09/Johnny-Answers-Session09/install/cpp_turtle/include/cpp_turtle/cpp_turtle/srv/detail/find_wall__struct.hpp
[5.456s] -- Up-to-date: /home/robot/Desktop/Session09/Johnny-Answers-Session09/install/cpp_turtle/include/cpp_turtle/cpp_turtle/srv/detail/find_wall__traits.hpp
[5.456s] -- Up-to-date: /home/robot/Desktop/Session09/Johnny-Answers-Session09/install/cpp_turtle/include/cpp_turtle/cpp_turtle/srv/find_wall.hpp
[5.457s] -- Up-to-date: /home/robot/Desktop/Session09/Johnny-Answers-Session09/install/cpp_turtle/include/cpp_turtle/cpp_turtle
[5.457s] -- Up-to-date: /home/robot/Desktop/Session09/Johnny-Answers-Session09/install/cpp_turtle/include/cpp_turtle/cpp_turtle/msg
[5.457s] -- Up-to-date: /home/robot/Desktop/Session09/Johnny-Answers-Session09/install/cpp_turtle/include/cpp_turtle/cpp_turtle/msg/rosidl_typesupport_fastrtps_cpp__visibility_control.h
[5.457s] -- Up-to-date: /home/robot/Desktop/Session09/Johnny-Answers-Session09/install/cpp_turtle/include/cpp_turtle/cpp_turtle/action
[5.457s] -- Up-to-date: /home/robot/Desktop/Session09/Johnny-Answers-Session09/install/cpp_turtle/include/cpp_turtle/cpp_turtle/action/detail
[5.457s] -- Up-to-date: /home/robot/Desktop/Session09/Johnny-Answers-Session09/install/cpp_turtle/include/cpp_turtle/cpp_turtle/action/detail/measure_lap_time__rosidl_typesupport_fastrtps_cpp.hpp
[5.458s] -- Up-to-date: /home/robot/Desktop/Session09/Johnny-Answers-Session09/install/cpp_turtle/include/cpp_turtle/cpp_turtle/action/detail/dds_fastrtps
[5.458s] -- Up-to-date: /home/robot/Desktop/Session09/Johnny-Answers-Session09/install/cpp_turtle/include/cpp_turtle/cpp_turtle/srv
[5.458s] -- Up-to-date: /home/robot/Desktop/Session09/Johnny-Answers-Session09/install/cpp_turtle/include/cpp_turtle/cpp_turtle/srv/detail
[5.458s] -- Up-to-date: /home/robot/Desktop/Session09/Johnny-Answers-Session09/install/cpp_turtle/include/cpp_turtle/cpp_turtle/srv/detail/find_wall__rosidl_typesupport_fastrtps_cpp.hpp
[5.458s] -- Up-to-date: /home/robot/Desktop/Session09/Johnny-Answers-Session09/install/cpp_turtle/include/cpp_turtle/cpp_turtle/srv/detail/dds_fastrtps
[5.458s] -- Up-to-date: /home/robot/Desktop/Session09/Johnny-Answers-Session09/install/cpp_turtle/lib/libcpp_turtle__rosidl_typesupport_fastrtps_cpp.so
[5.458s] -- Up-to-date: /home/robot/Desktop/Session09/Johnny-Answers-Session09/install/cpp_turtle/include/cpp_turtle/cpp_turtle
[5.459s] -- Up-to-date: /home/robot/Desktop/Session09/Johnny-Answers-Session09/install/cpp_turtle/include/cpp_turtle/cpp_turtle/action
[5.459s] -- Up-to-date: /home/robot/Desktop/Session09/Johnny-Answers-Session09/install/cpp_turtle/include/cpp_turtle/cpp_turtle/action/detail
[5.459s] -- Up-to-date: /home/robot/Desktop/Session09/Johnny-Answers-Session09/install/cpp_turtle/include/cpp_turtle/cpp_turtle/action/detail/measure_lap_time__rosidl_typesupport_introspection_cpp.hpp
[5.459s] -- Up-to-date: /home/robot/Desktop/Session09/Johnny-Answers-Session09/install/cpp_turtle/include/cpp_turtle/cpp_turtle/action/detail/measure_lap_time__type_support.cpp
[5.459s] -- Up-to-date: /home/robot/Desktop/Session09/Johnny-Answers-Session09/install/cpp_turtle/include/cpp_turtle/cpp_turtle/srv
[5.459s] -- Up-to-date: /home/robot/Desktop/Session09/Johnny-Answers-Session09/install/cpp_turtle/include/cpp_turtle/cpp_turtle/srv/detail
[5.460s] -- Up-to-date: /home/robot/Desktop/Session09/Johnny-Answers-Session09/install/cpp_turtle/include/cpp_turtle/cpp_turtle/srv/detail/find_wall__rosidl_typesupport_introspection_cpp.hpp
[5.460s] -- Up-to-date: /home/robot/Desktop/Session09/Johnny-Answers-Session09/install/cpp_turtle/include/cpp_turtle/cpp_turtle/srv/detail/find_wall__type_support.cpp
[5.460s] -- Up-to-date: /home/robot/Desktop/Session09/Johnny-Answers-Session09/install/cpp_turtle/lib/libcpp_turtle__rosidl_typesupport_introspection_cpp.so
[5.460s] -- Up-to-date: /home/robot/Desktop/Session09/Johnny-Answers-Session09/install/cpp_turtle/lib/libcpp_turtle__rosidl_typesupport_cpp.so
[5.460s] -- Up-to-date: /home/robot/Desktop/Session09/Johnny-Answers-Session09/install/cpp_turtle/share/cpp_turtle/environment/pythonpath.sh
[5.460s] -- Installing: /home/robot/Desktop/Session09/Johnny-Answers-Session09/install/cpp_turtle/share/cpp_turtle/environment/pythonpath.dsv
[5.461s] -- Up-to-date: /home/robot/Desktop/Session09/Johnny-Answers-Session09/install/cpp_turtle/local/lib/python3.10/dist-packages/cpp_turtle-0.0.0-py3.10.egg-info
[5.461s] -- Installing: /home/robot/Desktop/Session09/Johnny-Answers-Session09/install/cpp_turtle/local/lib/python3.10/dist-packages/cpp_turtle-0.0.0-py3.10.egg-info/SOURCES.txt
[5.461s] -- Installing: /home/robot/Desktop/Session09/Johnny-Answers-Session09/install/cpp_turtle/local/lib/python3.10/dist-packages/cpp_turtle-0.0.0-py3.10.egg-info/PKG-INFO
[5.462s] -- Installing: /home/robot/Desktop/Session09/Johnny-Answers-Session09/install/cpp_turtle/local/lib/python3.10/dist-packages/cpp_turtle-0.0.0-py3.10.egg-info/dependency_links.txt
[5.462s] -- Installing: /home/robot/Desktop/Session09/Johnny-Answers-Session09/install/cpp_turtle/local/lib/python3.10/dist-packages/cpp_turtle-0.0.0-py3.10.egg-info/top_level.txt
[5.462s] -- Up-to-date: /home/robot/Desktop/Session09/Johnny-Answers-Session09/install/cpp_turtle/local/lib/python3.10/dist-packages/cpp_turtle
[5.462s] -- Up-to-date: /home/robot/Desktop/Session09/Johnny-Answers-Session09/install/cpp_turtle/local/lib/python3.10/dist-packages/cpp_turtle/cpp_turtle_s__rosidl_typesupport_introspection_c.cpython-310-x86_64-linux-gnu.so
[5.462s] -- Up-to-date: /home/robot/Desktop/Session09/Johnny-Answers-Session09/install/cpp_turtle/local/lib/python3.10/dist-packages/cpp_turtle/cpp_turtle_s__rosidl_typesupport_c.cpython-310-x86_64-linux-gnu.so
[5.462s] -- Up-to-date: /home/robot/Desktop/Session09/Johnny-Answers-Session09/install/cpp_turtle/local/lib/python3.10/dist-packages/cpp_turtle/cpp_turtle_s__rosidl_typesupport_fastrtps_c.cpython-310-x86_64-linux-gnu.so
[5.463s] -- Up-to-date: /home/robot/Desktop/Session09/Johnny-Answers-Session09/install/cpp_turtle/local/lib/python3.10/dist-packages/cpp_turtle/_cpp_turtle_s.ep.rosidl_typesupport_fastrtps_c.c
[5.463s] -- Up-to-date: /home/robot/Desktop/Session09/Johnny-Answers-Session09/install/cpp_turtle/local/lib/python3.10/dist-packages/cpp_turtle/libcpp_turtle__rosidl_generator_py.so
[5.463s] -- Up-to-date: /home/robot/Desktop/Session09/Johnny-Answers-Session09/install/cpp_turtle/local/lib/python3.10/dist-packages/cpp_turtle/_cpp_turtle_s.ep.rosidl_typesupport_introspection_c.c
[5.463s] -- Up-to-date: /home/robot/Desktop/Session09/Johnny-Answers-Session09/install/cpp_turtle/local/lib/python3.10/dist-packages/cpp_turtle/action
[5.463s] -- Up-to-date: /home/robot/Desktop/Session09/Johnny-Answers-Session09/install/cpp_turtle/local/lib/python3.10/dist-packages/cpp_turtle/action/_measure_lap_time_s.c
[5.463s] -- Up-to-date: /home/robot/Desktop/Session09/Johnny-Answers-Session09/install/cpp_turtle/local/lib/python3.10/dist-packages/cpp_turtle/action/_measure_lap_time.py
[5.463s] -- Up-to-date: /home/robot/Desktop/Session09/Johnny-Answers-Session09/install/cpp_turtle/local/lib/python3.10/dist-packages/cpp_turtle/action/__init__.py
[5.464s] -- Installing: /home/robot/Desktop/Session09/Johnny-Answers-Session09/install/cpp_turtle/local/lib/python3.10/dist-packages/cpp_turtle/__init__.py
[5.464s] -- Up-to-date: /home/robot/Desktop/Session09/Johnny-Answers-Session09/install/cpp_turtle/local/lib/python3.10/dist-packages/cpp_turtle/srv
[5.464s] -- Up-to-date: /home/robot/Desktop/Session09/Johnny-Answers-Session09/install/cpp_turtle/local/lib/python3.10/dist-packages/cpp_turtle/srv/_find_wall.py
[5.464s] -- Up-to-date: /home/robot/Desktop/Session09/Johnny-Answers-Session09/install/cpp_turtle/local/lib/python3.10/dist-packages/cpp_turtle/srv/_find_wall_s.c
[5.464s] -- Up-to-date: /home/robot/Desktop/Session09/Johnny-Answers-Session09/install/cpp_turtle/local/lib/python3.10/dist-packages/cpp_turtle/srv/__init__.py
[5.464s] -- Up-to-date: /home/robot/Desktop/Session09/Johnny-Answers-Session09/install/cpp_turtle/local/lib/python3.10/dist-packages/cpp_turtle/_cpp_turtle_s.ep.rosidl_typesupport_c.c
[5.525s] Listing '/home/robot/Desktop/Session09/Johnny-Answers-Session09/install/cpp_turtle/local/lib/python3.10/dist-packages/cpp_turtle'...
[5.526s] Compiling '/home/robot/Desktop/Session09/Johnny-Answers-Session09/install/cpp_turtle/local/lib/python3.10/dist-packages/cpp_turtle/__init__.py'...
[5.526s] Listing '/home/robot/Desktop/Session09/Johnny-Answers-Session09/install/cpp_turtle/local/lib/python3.10/dist-packages/cpp_turtle/action'...
[5.526s] Listing '/home/robot/Desktop/Session09/Johnny-Answers-Session09/install/cpp_turtle/local/lib/python3.10/dist-packages/cpp_turtle/srv'...
[5.528s] -- Up-to-date: /home/robot/Desktop/Session09/Johnny-Answers-Session09/install/cpp_turtle/local/lib/python3.10/dist-packages/cpp_turtle/cpp_turtle_s__rosidl_typesupport_fastrtps_c.cpython-310-x86_64-linux-gnu.so
[5.530s] -- Up-to-date: /home/robot/Desktop/Session09/Johnny-Answers-Session09/install/cpp_turtle/local/lib/python3.10/dist-packages/cpp_turtle/cpp_turtle_s__rosidl_typesupport_introspection_c.cpython-310-x86_64-linux-gnu.so
[5.544s] -- Up-to-date: /home/robot/Desktop/Session09/Johnny-Answers-Session09/install/cpp_turtle/local/lib/python3.10/dist-packages/cpp_turtle/cpp_turtle_s__rosidl_typesupport_c.cpython-310-x86_64-linux-gnu.so
[5.551s] -- Up-to-date: /home/robot/Desktop/Session09/Johnny-Answers-Session09/install/cpp_turtle/lib/libcpp_turtle__rosidl_generator_py.so
[5.552s] -- Up-to-date: /home/robot/Desktop/Session09/Johnny-Answers-Session09/install/cpp_turtle/share/cpp_turtle/action/MeasureLapTime.idl
[5.552s] -- Up-to-date: /home/robot/Desktop/Session09/Johnny-Answers-Session09/install/cpp_turtle/share/cpp_turtle/srv/FindWall.idl
[5.552s] -- Up-to-date: /home/robot/Desktop/Session09/Johnny-Answers-Session09/install/cpp_turtle/share/cpp_turtle/action/MeasureLapTime.action
[5.552s] -- Up-to-date: /home/robot/Desktop/Session09/Johnny-Answers-Session09/install/cpp_turtle/share/cpp_turtle/srv/FindWall.srv
[5.552s] -- Up-to-date: /home/robot/Desktop/Session09/Johnny-Answers-Session09/install/cpp_turtle/share/cpp_turtle/srv/FindWall_Request.msg
[5.553s] -- Up-to-date: /home/robot/Desktop/Session09/Johnny-Answers-Session09/install/cpp_turtle/share/cpp_turtle/srv/FindWall_Response.msg
[5.555s] -- Up-to-date: /home/robot/Desktop/Session09/Johnny-Answers-Session09/install/cpp_turtle/lib/cpp_turtle/lap_time_action_client
[5.556s] -- Up-to-date: /home/robot/Desktop/Session09/Johnny-Answers-Session09/install/cpp_turtle/lib/cpp_turtle/lap_time_action_server
[5.556s] -- Up-to-date: /home/robot/Desktop/Session09/Johnny-Answers-Session09/install/cpp_turtle/lib/cpp_turtle/robot_driver
[5.558s] -- Up-to-date: /home/robot/Desktop/Session09/Johnny-Answers-Session09/install/cpp_turtle/share/cpp_turtle/launch
[5.559s] -- Up-to-date: /home/robot/Desktop/Session09/Johnny-Answers-Session09/install/cpp_turtle/share/cpp_turtle/launch/cpp_turtle_launch.py
[5.574s] -- Up-to-date: /home/robot/Desktop/Session09/Johnny-Answers-Session09/install/cpp_turtle/share/ament_index/resource_index/package_run_dependencies/cpp_turtle
[5.574s] -- Up-to-date: /home/robot/Desktop/Session09/Johnny-Answers-Session09/install/cpp_turtle/share/ament_index/resource_index/parent_prefix_path/cpp_turtle
[5.574s] -- Up-to-date: /home/robot/Desktop/Session09/Johnny-Answers-Session09/install/cpp_turtle/share/cpp_turtle/environment/ament_prefix_path.sh
[5.575s] -- Installing: /home/robot/Desktop/Session09/Johnny-Answers-Session09/install/cpp_turtle/share/cpp_turtle/environment/ament_prefix_path.dsv
[5.575s] -- Up-to-date: /home/robot/Desktop/Session09/Johnny-Answers-Session09/install/cpp_turtle/share/cpp_turtle/environment/path.sh
[5.578s] -- Installing: /home/robot/Desktop/Session09/Johnny-Answers-Session09/install/cpp_turtle/share/cpp_turtle/environment/path.dsv
[5.578s] -- Up-to-date: /home/robot/Desktop/Session09/Johnny-Answers-Session09/install/cpp_turtle/share/cpp_turtle/local_setup.bash
[5.578s] -- Up-to-date: /home/robot/Desktop/Session09/Johnny-Answers-Session09/install/cpp_turtle/share/cpp_turtle/local_setup.sh
[5.578s] -- Up-to-date: /home/robot/Desktop/Session09/Johnny-Answers-Session09/install/cpp_turtle/share/cpp_turtle/local_setup.zsh
[5.578s] -- Installing: /home/robot/Desktop/Session09/Johnny-Answers-Session09/install/cpp_turtle/share/cpp_turtle/local_setup.dsv
[5.579s] -- Installing: /home/robot/Desktop/Session09/Johnny-Answers-Session09/install/cpp_turtle/share/cpp_turtle/package.dsv
[5.579s] -- Up-to-date: /home/robot/Desktop/Session09/Johnny-Answers-Session09/install/cpp_turtle/share/ament_index/resource_index/packages/cpp_turtle
[5.579s] -- Up-to-date: /home/robot/Desktop/Session09/Johnny-Answers-Session09/install/cpp_turtle/share/cpp_turtle/cmake/export_cpp_turtle__rosidl_generator_cExport.cmake
[5.579s] -- Up-to-date: /home/robot/Desktop/Session09/Johnny-Answers-Session09/install/cpp_turtle/share/cpp_turtle/cmake/export_cpp_turtle__rosidl_generator_cExport-noconfig.cmake
[5.579s] -- Up-to-date: /home/robot/Desktop/Session09/Johnny-Answers-Session09/install/cpp_turtle/share/cpp_turtle/cmake/export_cpp_turtle__rosidl_typesupport_fastrtps_cExport.cmake
[5.579s] -- Up-to-date: /home/robot/Desktop/Session09/Johnny-Answers-Session09/install/cpp_turtle/share/cpp_turtle/cmake/export_cpp_turtle__rosidl_typesupport_fastrtps_cExport-noconfig.cmake
[5.580s] -- Up-to-date: /home/robot/Desktop/Session09/Johnny-Answers-Session09/install/cpp_turtle/share/cpp_turtle/cmake/cpp_turtle__rosidl_typesupport_introspection_cExport.cmake
[5.580s] -- Up-to-date: /home/robot/Desktop/Session09/Johnny-Answers-Session09/install/cpp_turtle/share/cpp_turtle/cmake/cpp_turtle__rosidl_typesupport_introspection_cExport-noconfig.cmake
[5.582s] -- Up-to-date: /home/robot/Desktop/Session09/Johnny-Answers-Session09/install/cpp_turtle/share/cpp_turtle/cmake/cpp_turtle__rosidl_typesupport_cExport.cmake
[5.582s] -- Up-to-date: /home/robot/Desktop/Session09/Johnny-Answers-Session09/install/cpp_turtle/share/cpp_turtle/cmake/cpp_turtle__rosidl_typesupport_cExport-noconfig.cmake
[5.582s] -- Up-to-date: /home/robot/Desktop/Session09/Johnny-Answers-Session09/install/cpp_turtle/share/cpp_turtle/cmake/export_cpp_turtle__rosidl_generator_cppExport.cmake
[5.582s] -- Up-to-date: /home/robot/Desktop/Session09/Johnny-Answers-Session09/install/cpp_turtle/share/cpp_turtle/cmake/export_cpp_turtle__rosidl_typesupport_fastrtps_cppExport.cmake
[5.582s] -- Up-to-date: /home/robot/Desktop/Session09/Johnny-Answers-Session09/install/cpp_turtle/share/cpp_turtle/cmake/export_cpp_turtle__rosidl_typesupport_fastrtps_cppExport-noconfig.cmake
[5.582s] -- Up-to-date: /home/robot/Desktop/Session09/Johnny-Answers-Session09/install/cpp_turtle/share/cpp_turtle/cmake/cpp_turtle__rosidl_typesupport_introspection_cppExport.cmake
[5.583s] -- Up-to-date: /home/robot/Desktop/Session09/Johnny-Answers-Session09/install/cpp_turtle/share/cpp_turtle/cmake/cpp_turtle__rosidl_typesupport_introspection_cppExport-noconfig.cmake
[5.583s] -- Up-to-date: /home/robot/Desktop/Session09/Johnny-Answers-Session09/install/cpp_turtle/share/cpp_turtle/cmake/cpp_turtle__rosidl_typesupport_cppExport.cmake
[5.583s] -- Up-to-date: /home/robot/Desktop/Session09/Johnny-Answers-Session09/install/cpp_turtle/share/cpp_turtle/cmake/cpp_turtle__rosidl_typesupport_cppExport-noconfig.cmake
[5.583s] -- Up-to-date: /home/robot/Desktop/Session09/Johnny-Answers-Session09/install/cpp_turtle/share/cpp_turtle/cmake/export_cpp_turtle__rosidl_generator_pyExport.cmake
[5.583s] -- Up-to-date: /home/robot/Desktop/Session09/Johnny-Answers-Session09/install/cpp_turtle/share/cpp_turtle/cmake/export_cpp_turtle__rosidl_generator_pyExport-noconfig.cmake
[5.583s] -- Up-to-date: /home/robot/Desktop/Session09/Johnny-Answers-Session09/install/cpp_turtle/share/cpp_turtle/cmake/rosidl_cmake-extras.cmake
[5.584s] -- Up-to-date: /home/robot/Desktop/Session09/Johnny-Answers-Session09/install/cpp_turtle/share/cpp_turtle/cmake/ament_cmake_export_dependencies-extras.cmake
[5.584s] -- Up-to-date: /home/robot/Desktop/Session09/Johnny-Answers-Session09/install/cpp_turtle/share/cpp_turtle/cmake/ament_cmake_export_include_directories-extras.cmake
[5.584s] -- Up-to-date: /home/robot/Desktop/Session09/Johnny-Answers-Session09/install/cpp_turtle/share/cpp_turtle/cmake/ament_cmake_export_libraries-extras.cmake
[5.584s] -- Up-to-date: /home/robot/Desktop/Session09/Johnny-Answers-Session09/install/cpp_turtle/share/cpp_turtle/cmake/ament_cmake_export_targets-extras.cmake
[5.584s] -- Up-to-date: /home/robot/Desktop/Session09/Johnny-Answers-Session09/install/cpp_turtle/share/cpp_turtle/cmake/rosidl_cmake_export_typesupport_targets-extras.cmake
[5.584s] -- Up-to-date: /home/robot/Desktop/Session09/Johnny-Answers-Session09/install/cpp_turtle/share/cpp_turtle/cmake/rosidl_cmake_export_typesupport_libraries-extras.cmake
[5.585s] -- Up-to-date: /home/robot/Desktop/Session09/Johnny-Answers-Session09/install/cpp_turtle/share/cpp_turtle/cmake/cpp_turtleConfig.cmake
[5.585s] -- Up-to-date: /home/robot/Desktop/Session09/Johnny-Answers-Session09/install/cpp_turtle/share/cpp_turtle/cmake/cpp_turtleConfig-version.cmake
[5.585s] -- Up-to-date: /home/robot/Desktop/Session09/Johnny-Answers-Session09/install/cpp_turtle/share/cpp_turtle/package.xml
[5.586s] Invoked command in '/home/robot/Desktop/Session09/Johnny-Answers-Session09/build/cpp_turtle' returned '0': CMAKE_PREFIX_PATH=/opt/ros/humble /usr/bin/cmake --install /home/robot/Desktop/Session09/Johnny-Answers-Session09/build/cpp_turtle
