[0.214s] DEBUG:colcon:Command line arguments: ['/usr/bin/colcon', 'build']
[0.214s] DEBUG:colcon:Parsed command line arguments: Namespace(log_base=None, log_level=None, verb_name='build', build_base='build', install_base='install', merge_install=False, symlink_install=False, test_result_base=None, continue_on_error=False, executor='parallel', parallel_workers=6, event_handlers=None, ignore_user_meta=False, metas=['./colcon.meta'], base_paths=['.'], packages_ignore=None, packages_ignore_regex=None, paths=None, packages_up_to=None, packages_up_to_regex=None, packages_above=None, packages_above_and_dependencies=None, packages_above_depth=None, packages_select_by_dep=None, packages_skip_by_dep=None, packages_skip_up_to=None, packages_select_build_failed=False, packages_skip_build_finished=False, packages_select_test_failures=False, packages_skip_test_passed=False, packages_select=None, packages_skip=None, packages_select_regex=None, packages_skip_regex=None, packages_start=None, packages_end=None, allow_overriding=[], cmake_args=None, cmake_target=None, cmake_target_skip_unavailable=False, cmake_clean_cache=False, cmake_clean_first=False, cmake_force_configure=False, ament_cmake_args=None, catkin_cmake_args=None, catkin_skip_building_tests=False, verb_parser=<colcon_defaults.argument_parser.defaults.DefaultArgumentsDecorator object at 0x75df90b04a00>, verb_extension=<colcon_core.verb.build.BuildVerb object at 0x75df90b04220>, main=<bound method BuildVerb.main of <colcon_core.verb.build.BuildVerb object at 0x75df90b04220>>)
[0.552s] Level 1:colcon.colcon_core.package_discovery:discover_packages(colcon_meta) check parameters
[0.552s] Level 1:colcon.colcon_core.package_discovery:discover_packages(recursive) check parameters
[0.552s] Level 1:colcon.colcon_core.package_discovery:discover_packages(ignore) check parameters
[0.552s] Level 1:colcon.colcon_core.package_discovery:discover_packages(path) check parameters
[0.552s] Level 1:colcon.colcon_core.package_discovery:discover_packages(colcon_meta) discover
[0.553s] Level 1:colcon.colcon_core.package_discovery:discover_packages(recursive) discover
[0.553s] INFO:colcon.colcon_core.package_discovery:Crawling recursively for packages in '/home/robot/Desktop/Session09/Johnny-Answers-Session09'
[0.553s] Level 1:colcon.colcon_core.package_identification:_identify(.) by extensions ['ignore', 'ignore_ament_install']
[0.553s] Level 1:colcon.colcon_core.package_identification:_identify(.) by extension 'ignore'
[0.553s] Level 1:colcon.colcon_core.package_identification:_identify(.) by extension 'ignore_ament_install'
[0.553s] Level 1:colcon.colcon_core.package_identification:_identify(.) by extensions ['colcon_pkg']
[0.554s] Level 1:colcon.colcon_core.package_identification:_identify(.) by extension 'colcon_pkg'
[0.554s] Level 1:colcon.colcon_core.package_identification:_identify(.) by extensions ['colcon_meta']
[0.554s] Level 1:colcon.colcon_core.package_identification:_identify(.) by extension 'colcon_meta'
[0.554s] Level 1:colcon.colcon_core.package_identification:_identify(.) by extensions ['ros']
[0.554s] Level 1:colcon.colcon_core.package_identification:_identify(.) by extension 'ros'
[0.579s] Level 1:colcon.colcon_core.package_identification:_identify(.) by extensions ['cmake', 'python']
[0.579s] Level 1:colcon.colcon_core.package_identification:_identify(.) by extension 'cmake'
[0.579s] Level 1:colcon.colcon_core.package_identification:_identify(.) by extension 'python'
[0.579s] Level 1:colcon.colcon_core.package_identification:_identify(.) by extensions ['python_setup_py']
[0.579s] Level 1:colcon.colcon_core.package_identification:_identify(.) by extension 'python_setup_py'
[0.579s] Level 1:colcon.colcon_core.package_identification:_identify(build) by extensions ['ignore', 'ignore_ament_install']
[0.580s] Level 1:colcon.colcon_core.package_identification:_identify(build) by extension 'ignore'
[0.580s] Level 1:colcon.colcon_core.package_identification:_identify(build) ignored
[0.580s] Level 1:colcon.colcon_core.package_identification:_identify(install) by extensions ['ignore', 'ignore_ament_install']
[0.580s] Level 1:colcon.colcon_core.package_identification:_identify(install) by extension 'ignore'
[0.580s] Level 1:colcon.colcon_core.package_identification:_identify(install) ignored
[0.581s] Level 1:colcon.colcon_core.package_identification:_identify(log) by extensions ['ignore', 'ignore_ament_install']
[0.581s] Level 1:colcon.colcon_core.package_identification:_identify(log) by extension 'ignore'
[0.581s] Level 1:colcon.colcon_core.package_identification:_identify(log) ignored
[0.581s] Level 1:colcon.colcon_core.package_identification:_identify(src) by extensions ['ignore', 'ignore_ament_install']
[0.581s] Level 1:colcon.colcon_core.package_identification:_identify(src) by extension 'ignore'
[0.581s] Level 1:colcon.colcon_core.package_identification:_identify(src) by extension 'ignore_ament_install'
[0.581s] Level 1:colcon.colcon_core.package_identification:_identify(src) by extensions ['colcon_pkg']
[0.581s] Level 1:colcon.colcon_core.package_identification:_identify(src) by extension 'colcon_pkg'
[0.582s] Level 1:colcon.colcon_core.package_identification:_identify(src) by extensions ['colcon_meta']
[0.582s] Level 1:colcon.colcon_core.package_identification:_identify(src) by extension 'colcon_meta'
[0.582s] Level 1:colcon.colcon_core.package_identification:_identify(src) by extensions ['ros']
[0.582s] Level 1:colcon.colcon_core.package_identification:_identify(src) by extension 'ros'
[0.582s] Level 1:colcon.colcon_core.package_identification:_identify(src) by extensions ['cmake', 'python']
[0.582s] Level 1:colcon.colcon_core.package_identification:_identify(src) by extension 'cmake'
[0.582s] Level 1:colcon.colcon_core.package_identification:_identify(src) by extension 'python'
[0.582s] Level 1:colcon.colcon_core.package_identification:_identify(src) by extensions ['python_setup_py']
[0.582s] Level 1:colcon.colcon_core.package_identification:_identify(src) by extension 'python_setup_py'
[0.583s] Level 1:colcon.colcon_core.package_identification:_identify(src/cpp_turtle) by extensions ['ignore', 'ignore_ament_install']
[0.583s] Level 1:colcon.colcon_core.package_identification:_identify(src/cpp_turtle) by extension 'ignore'
[0.583s] Level 1:colcon.colcon_core.package_identification:_identify(src/cpp_turtle) by extension 'ignore_ament_install'
[0.583s] Level 1:colcon.colcon_core.package_identification:_identify(src/cpp_turtle) by extensions ['colcon_pkg']
[0.583s] Level 1:colcon.colcon_core.package_identification:_identify(src/cpp_turtle) by extension 'colcon_pkg'
[0.583s] Level 1:colcon.colcon_core.package_identification:_identify(src/cpp_turtle) by extensions ['colcon_meta']
[0.583s] Level 1:colcon.colcon_core.package_identification:_identify(src/cpp_turtle) by extension 'colcon_meta'
[0.583s] Level 1:colcon.colcon_core.package_identification:_identify(src/cpp_turtle) by extensions ['ros']
[0.584s] Level 1:colcon.colcon_core.package_identification:_identify(src/cpp_turtle) by extension 'ros'
[0.588s] DEBUG:colcon.colcon_core.package_identification:Package 'src/cpp_turtle' with type 'ros.ament_cmake' and name 'cpp_turtle'
[0.588s] Level 1:colcon.colcon_core.package_discovery:discover_packages(recursive) using defaults
[0.589s] Level 1:colcon.colcon_core.package_discovery:discover_packages(ignore) discover
[0.589s] Level 1:colcon.colcon_core.package_discovery:discover_packages(ignore) using defaults
[0.589s] Level 1:colcon.colcon_core.package_discovery:discover_packages(path) discover
[0.589s] Level 1:colcon.colcon_core.package_discovery:discover_packages(path) using defaults
[0.623s] Level 1:colcon.colcon_core.package_discovery:discover_packages(prefix_path) check parameters
[0.623s] Level 1:colcon.colcon_core.package_discovery:discover_packages(prefix_path) discover
[0.627s] DEBUG:colcon.colcon_installed_package_information.package_discovery:Found 1 installed packages in /home/robot/Desktop/Session09/Johnny-Answers-Session09/install
[0.632s] DEBUG:colcon.colcon_installed_package_information.package_discovery:Found 384 installed packages in /opt/ros/humble
[0.636s] Level 1:colcon.colcon_core.package_discovery:discover_packages(prefix_path) using defaults
[0.759s] Level 5:colcon.colcon_core.verb:set package 'cpp_turtle' build argument 'cmake_args' from command line to 'None'
[0.759s] Level 5:colcon.colcon_core.verb:set package 'cpp_turtle' build argument 'cmake_target' from command line to 'None'
[0.759s] Level 5:colcon.colcon_core.verb:set package 'cpp_turtle' build argument 'cmake_target_skip_unavailable' from command line to 'False'
[0.759s] Level 5:colcon.colcon_core.verb:set package 'cpp_turtle' build argument 'cmake_clean_cache' from command line to 'False'
[0.760s] Level 5:colcon.colcon_core.verb:set package 'cpp_turtle' build argument 'cmake_clean_first' from command line to 'False'
[0.760s] Level 5:colcon.colcon_core.verb:set package 'cpp_turtle' build argument 'cmake_force_configure' from command line to 'False'
[0.760s] Level 5:colcon.colcon_core.verb:set package 'cpp_turtle' build argument 'ament_cmake_args' from command line to 'None'
[0.760s] Level 5:colcon.colcon_core.verb:set package 'cpp_turtle' build argument 'catkin_cmake_args' from command line to 'None'
[0.760s] Level 5:colcon.colcon_core.verb:set package 'cpp_turtle' build argument 'catkin_skip_building_tests' from command line to 'False'
[0.760s] DEBUG:colcon.colcon_core.verb:Building package 'cpp_turtle' with the following arguments: {'ament_cmake_args': None, 'build_base': '/home/robot/Desktop/Session09/Johnny-Answers-Session09/build/cpp_turtle', 'catkin_cmake_args': None, 'catkin_skip_building_tests': False, 'cmake_args': None, 'cmake_clean_cache': False, 'cmake_clean_first': False, 'cmake_force_configure': False, 'cmake_target': None, 'cmake_target_skip_unavailable': False, 'install_base': '/home/robot/Desktop/Session09/Johnny-Answers-Session09/install/cpp_turtle', 'merge_install': False, 'path': '/home/robot/Desktop/Session09/Johnny-Answers-Session09/src/cpp_turtle', 'symlink_install': False, 'test_result_base': None}
[0.760s] INFO:colcon.colcon_core.executor:Executing jobs using 'parallel' executor
[0.762s] DEBUG:colcon.colcon_parallel_executor.executor.parallel:run_until_complete
[0.763s] INFO:colcon.colcon_ros.task.ament_cmake.build:Building ROS package in '/home/robot/Desktop/Session09/Johnny-Answers-Session09/src/cpp_turtle' with build type 'ament_cmake'
[0.763s] INFO:colcon.colcon_cmake.task.cmake.build:Building CMake package in '/home/robot/Desktop/Session09/Johnny-Answers-Session09/src/cpp_turtle'
[0.769s] INFO:colcon.colcon_core.plugin_system:Skipping extension 'colcon_core.shell.bat': Not used on non-Windows systems
[0.770s] INFO:colcon.colcon_core.shell:Skip shell extension 'powershell' for command environment: Not usable outside of PowerShell
[0.770s] DEBUG:colcon.colcon_core.shell:Skip shell extension 'dsv' for command environment
[0.799s] DEBUG:colcon.colcon_core.event_handler.log_command:Invoking command in '/home/robot/Desktop/Session09/Johnny-Answers-Session09/build/cpp_turtle': CMAKE_PREFIX_PATH=${CMAKE_PREFIX_PATH}:/opt/ros/humble /usr/bin/cmake --build /home/robot/Desktop/Session09/Johnny-Answers-Session09/build/cpp_turtle -- -j6 -l6
[26.858s] DEBUG:colcon.colcon_core.event_handler.log_command:Invoked command in '/home/robot/Desktop/Session09/Johnny-Answers-Session09/build/cpp_turtle' returned '0': CMAKE_PREFIX_PATH=${CMAKE_PREFIX_PATH}:/opt/ros/humble /usr/bin/cmake --build /home/robot/Desktop/Session09/Johnny-Answers-Session09/build/cpp_turtle -- -j6 -l6
[27.500s] DEBUG:colcon.colcon_core.event_handler.log_command:Invoking command in '/home/robot/Desktop/Session09/Johnny-Answers-Session09/build/cpp_turtle': CMAKE_PREFIX_PATH=${CMAKE_PREFIX_PATH}:/opt/ros/humble /usr/bin/cmake --install /home/robot/Desktop/Session09/Johnny-Answers-Session09/build/cpp_turtle
[27.690s] Level 1:colcon.colcon_core.environment:create_environment_scripts_only(cpp_turtle)
[27.693s] DEBUG:colcon.colcon_core.event_handler.log_command:Invoked command in '/home/robot/Desktop/Session09/Johnny-Answers-Session09/build/cpp_turtle' returned '0': CMAKE_PREFIX_PATH=${CMAKE_PREFIX_PATH}:/opt/ros/humble /usr/bin/cmake --install /home/robot/Desktop/Session09/Johnny-Answers-Session09/build/cpp_turtle
[27.697s] Level 1:colcon.colcon_core.environment:checking '/home/robot/Desktop/Session09/Johnny-Answers-Session09/install/cpp_turtle' for CMake module files
[27.700s] Level 1:colcon.colcon_core.environment:checking '/home/robot/Desktop/Session09/Johnny-Answers-Session09/install/cpp_turtle' for CMake config files
[27.702s] Level 1:colcon.colcon_core.shell:create_environment_hook('cpp_turtle', 'cmake_prefix_path')
[27.702s] INFO:colcon.colcon_core.shell:Creating environment hook '/home/robot/Desktop/Session09/Johnny-Answers-Session09/install/cpp_turtle/share/cpp_turtle/hook/cmake_prefix_path.ps1'
[27.703s] INFO:colcon.colcon_core.shell:Creating environment descriptor '/home/robot/Desktop/Session09/Johnny-Answers-Session09/install/cpp_turtle/share/cpp_turtle/hook/cmake_prefix_path.dsv'
[27.704s] INFO:colcon.colcon_core.shell:Creating environment hook '/home/robot/Desktop/Session09/Johnny-Answers-Session09/install/cpp_turtle/share/cpp_turtle/hook/cmake_prefix_path.sh'
[27.706s] Level 1:colcon.colcon_core.environment:checking '/home/robot/Desktop/Session09/Johnny-Answers-Session09/install/cpp_turtle/lib'
[27.706s] Level 1:colcon.colcon_core.shell:create_environment_hook('cpp_turtle', 'ld_library_path_lib')
[27.707s] INFO:colcon.colcon_core.shell:Creating environment hook '/home/robot/Desktop/Session09/Johnny-Answers-Session09/install/cpp_turtle/share/cpp_turtle/hook/ld_library_path_lib.ps1'
[27.708s] INFO:colcon.colcon_core.shell:Creating environment descriptor '/home/robot/Desktop/Session09/Johnny-Answers-Session09/install/cpp_turtle/share/cpp_turtle/hook/ld_library_path_lib.dsv'
[27.709s] INFO:colcon.colcon_core.shell:Creating environment hook '/home/robot/Desktop/Session09/Johnny-Answers-Session09/install/cpp_turtle/share/cpp_turtle/hook/ld_library_path_lib.sh'
[27.711s] Level 1:colcon.colcon_core.environment:checking '/home/robot/Desktop/Session09/Johnny-Answers-Session09/install/cpp_turtle/bin'
[27.711s] Level 1:colcon.colcon_core.environment:checking '/home/robot/Desktop/Session09/Johnny-Answers-Session09/install/cpp_turtle/lib/pkgconfig/cpp_turtle.pc'
[27.711s] Level 1:colcon.colcon_core.environment:checking '/home/robot/Desktop/Session09/Johnny-Answers-Session09/install/cpp_turtle/lib/python3.10/site-packages'
[27.712s] Level 1:colcon.colcon_core.environment:checking '/home/robot/Desktop/Session09/Johnny-Answers-Session09/install/cpp_turtle/bin'
[27.712s] INFO:colcon.colcon_core.shell:Creating package script '/home/robot/Desktop/Session09/Johnny-Answers-Session09/install/cpp_turtle/share/cpp_turtle/package.ps1'
[27.714s] INFO:colcon.colcon_core.shell:Creating package descriptor '/home/robot/Desktop/Session09/Johnny-Answers-Session09/install/cpp_turtle/share/cpp_turtle/package.dsv'
[27.715s] INFO:colcon.colcon_core.shell:Creating package script '/home/robot/Desktop/Session09/Johnny-Answers-Session09/install/cpp_turtle/share/cpp_turtle/package.sh'
[27.717s] INFO:colcon.colcon_core.shell:Creating package script '/home/robot/Desktop/Session09/Johnny-Answers-Session09/install/cpp_turtle/share/cpp_turtle/package.bash'
[27.724s] INFO:colcon.colcon_core.shell:Creating package script '/home/robot/Desktop/Session09/Johnny-Answers-Session09/install/cpp_turtle/share/cpp_turtle/package.zsh'
[27.726s] Level 1:colcon.colcon_core.environment:create_file_with_runtime_dependencies(/home/robot/Desktop/Session09/Johnny-Answers-Session09/install/cpp_turtle/share/colcon-core/packages/cpp_turtle)
[28.274s] Level 1:colcon.colcon_core.environment:create_environment_scripts_only(cpp_turtle)
[28.275s] Level 1:colcon.colcon_core.environment:checking '/home/robot/Desktop/Session09/Johnny-Answers-Session09/install/cpp_turtle' for CMake module files
[28.277s] Level 1:colcon.colcon_core.environment:checking '/home/robot/Desktop/Session09/Johnny-Answers-Session09/install/cpp_turtle' for CMake config files
[28.278s] Level 1:colcon.colcon_core.shell:create_environment_hook('cpp_turtle', 'cmake_prefix_path')
[28.279s] INFO:colcon.colcon_core.shell:Creating environment hook '/home/robot/Desktop/Session09/Johnny-Answers-Session09/install/cpp_turtle/share/cpp_turtle/hook/cmake_prefix_path.ps1'
[28.281s] INFO:colcon.colcon_core.shell:Creating environment descriptor '/home/robot/Desktop/Session09/Johnny-Answers-Session09/install/cpp_turtle/share/cpp_turtle/hook/cmake_prefix_path.dsv'
[28.282s] INFO:colcon.colcon_core.shell:Creating environment hook '/home/robot/Desktop/Session09/Johnny-Answers-Session09/install/cpp_turtle/share/cpp_turtle/hook/cmake_prefix_path.sh'
[28.283s] Level 1:colcon.colcon_core.environment:checking '/home/robot/Desktop/Session09/Johnny-Answers-Session09/install/cpp_turtle/lib'
[28.284s] Level 1:colcon.colcon_core.shell:create_environment_hook('cpp_turtle', 'ld_library_path_lib')
[28.284s] INFO:colcon.colcon_core.shell:Creating environment hook '/home/robot/Desktop/Session09/Johnny-Answers-Session09/install/cpp_turtle/share/cpp_turtle/hook/ld_library_path_lib.ps1'
[28.285s] INFO:colcon.colcon_core.shell:Creating environment descriptor '/home/robot/Desktop/Session09/Johnny-Answers-Session09/install/cpp_turtle/share/cpp_turtle/hook/ld_library_path_lib.dsv'
[28.286s] INFO:colcon.colcon_core.shell:Creating environment hook '/home/robot/Desktop/Session09/Johnny-Answers-Session09/install/cpp_turtle/share/cpp_turtle/hook/ld_library_path_lib.sh'
[28.287s] Level 1:colcon.colcon_core.environment:checking '/home/robot/Desktop/Session09/Johnny-Answers-Session09/install/cpp_turtle/bin'
[28.287s] Level 1:colcon.colcon_core.environment:checking '/home/robot/Desktop/Session09/Johnny-Answers-Session09/install/cpp_turtle/lib/pkgconfig/cpp_turtle.pc'
[28.288s] Level 1:colcon.colcon_core.environment:checking '/home/robot/Desktop/Session09/Johnny-Answers-Session09/install/cpp_turtle/lib/python3.10/site-packages'
[28.288s] Level 1:colcon.colcon_core.environment:checking '/home/robot/Desktop/Session09/Johnny-Answers-Session09/install/cpp_turtle/bin'
[28.289s] INFO:colcon.colcon_core.shell:Creating package script '/home/robot/Desktop/Session09/Johnny-Answers-Session09/install/cpp_turtle/share/cpp_turtle/package.ps1'
[28.290s] INFO:colcon.colcon_core.shell:Creating package descriptor '/home/robot/Desktop/Session09/Johnny-Answers-Session09/install/cpp_turtle/share/cpp_turtle/package.dsv'
[28.291s] INFO:colcon.colcon_core.shell:Creating package script '/home/robot/Desktop/Session09/Johnny-Answers-Session09/install/cpp_turtle/share/cpp_turtle/package.sh'
[28.292s] INFO:colcon.colcon_core.shell:Creating package script '/home/robot/Desktop/Session09/Johnny-Answers-Session09/install/cpp_turtle/share/cpp_turtle/package.bash'
[28.293s] INFO:colcon.colcon_core.shell:Creating package script '/home/robot/Desktop/Session09/Johnny-Answers-Session09/install/cpp_turtle/share/cpp_turtle/package.zsh'
[28.294s] Level 1:colcon.colcon_core.environment:create_file_with_runtime_dependencies(/home/robot/Desktop/Session09/Johnny-Answers-Session09/install/cpp_turtle/share/colcon-core/packages/cpp_turtle)
[28.296s] DEBUG:colcon.colcon_parallel_executor.executor.parallel:closing loop
[28.296s] DEBUG:colcon.colcon_parallel_executor.executor.parallel:loop closed
[28.296s] DEBUG:colcon.colcon_parallel_executor.executor.parallel:run_until_complete finished with '0'
[28.296s] DEBUG:colcon.colcon_core.event_reactor:joining thread
[28.310s] INFO:colcon.colcon_core.plugin_system:Skipping extension 'colcon_notification.desktop_notification.terminal_notifier': Not used on non-Darwin systems
[28.310s] INFO:colcon.colcon_core.plugin_system:Skipping extension 'colcon_notification.desktop_notification.win32': Not used on non-Windows systems
[28.311s] INFO:colcon.colcon_notification.desktop_notification:Sending desktop notification using 'notify2'
[28.364s] DEBUG:colcon.colcon_core.event_reactor:joined thread
[28.365s] INFO:colcon.colcon_core.shell:Creating prefix script '/home/robot/Desktop/Session09/Johnny-Answers-Session09/install/local_setup.ps1'
[28.367s] INFO:colcon.colcon_core.shell:Creating prefix util module '/home/robot/Desktop/Session09/Johnny-Answers-Session09/install/_local_setup_util_ps1.py'
[28.369s] INFO:colcon.colcon_core.shell:Creating prefix chain script '/home/robot/Desktop/Session09/Johnny-Answers-Session09/install/setup.ps1'
[28.371s] INFO:colcon.colcon_core.shell:Creating prefix script '/home/robot/Desktop/Session09/Johnny-Answers-Session09/install/local_setup.sh'
[28.373s] INFO:colcon.colcon_core.shell:Creating prefix util module '/home/robot/Desktop/Session09/Johnny-Answers-Session09/install/_local_setup_util_sh.py'
[28.374s] INFO:colcon.colcon_core.shell:Creating prefix chain script '/home/robot/Desktop/Session09/Johnny-Answers-Session09/install/setup.sh'
[28.376s] INFO:colcon.colcon_core.shell:Creating prefix script '/home/robot/Desktop/Session09/Johnny-Answers-Session09/install/local_setup.bash'
[28.377s] INFO:colcon.colcon_core.shell:Creating prefix chain script '/home/robot/Desktop/Session09/Johnny-Answers-Session09/install/setup.bash'
[28.380s] INFO:colcon.colcon_core.shell:Creating prefix script '/home/robot/Desktop/Session09/Johnny-Answers-Session09/install/local_setup.zsh'
[28.381s] INFO:colcon.colcon_core.shell:Creating prefix chain script '/home/robot/Desktop/Session09/Johnny-Answers-Session09/install/setup.zsh'
