[0.036s] Invoking command in '/home/robot/Desktop/Session09/Johnny-Answers-Session09/build/cpp_turtle': CMAKE_PREFIX_PATH=${CMAKE_PREFIX_PATH}:/opt/ros/humble /usr/bin/cmake --build /home/robot/Desktop/Session09/Johnny-Answers-Session09/build/cpp_turtle -- -j6 -l6
[0.238s] [  2%] Built target cpp_turtle__cpp
[0.238s] [ 10%] Built target cpp_turtle__rosidl_generator_c
[0.251s] [ 14%] Built target initNode
[0.351s] [ 22%] Built target cpp_turtle__rosidl_typesupport_cpp
[0.351s] [ 30%] Built target cpp_turtle__rosidl_typesupport_fastrtps_cpp
[0.415s] [ 38%] Built target cpp_turtle__rosidl_typesupport_introspection_c
[0.417s] [ 38%] Built target ament_cmake_python_copy_cpp_turtle
[0.418s] [ 46%] Built target cpp_turtle__rosidl_typesupport_fastrtps_c
[0.490s] [ 55%] Built target cpp_turtle__rosidl_typesupport_introspection_cpp
[0.526s] [35m[1mConsolidate compiler generated dependencies of target robot_driver[0m
[0.554s] [ 63%] Built target cpp_turtle__rosidl_typesupport_c
[0.554s] [ 67%] Built target lap_time_action_client
[0.556s] [35m[1mConsolidate compiler generated dependencies of target wall_finder[0m
[0.623s] [ 69%] [32mBuilding CXX object CMakeFiles/robot_driver.dir/src/robot_driver.cpp.o[0m
[0.651s] [ 73%] Built target lap_time_action_server
[0.693s] [ 77%] Built target wall_finder
[0.747s] [ 77%] Built target cpp_turtle
[0.856s] [ 79%] Built target cpp_turtle__py
[1.061s] [ 85%] Built target cpp_turtle__rosidl_generator_py
[1.247s] [ 89%] Built target cpp_turtle__rosidl_typesupport_fastrtps_c__pyext
[1.309s] [ 93%] Built target cpp_turtle__rosidl_typesupport_introspection_c__pyext
[1.404s] [ 97%] Built target cpp_turtle__rosidl_typesupport_c__pyext
[1.461s] running egg_info
[1.462s] writing cpp_turtle.egg-info/PKG-INFO
[1.462s] writing dependency_links to cpp_turtle.egg-info/dependency_links.txt
[1.462s] writing top-level names to cpp_turtle.egg-info/top_level.txt
[1.470s] reading manifest file 'cpp_turtle.egg-info/SOURCES.txt'
[1.482s] writing manifest file 'cpp_turtle.egg-info/SOURCES.txt'
[1.544s] [ 97%] Built target ament_cmake_python_build_cpp_turtle_egg
[24.899s] [100%] [32m[1mLinking CXX executable robot_driver[0m
[26.349s] [100%] Built target robot_driver
[26.418s] Invoked command in '/home/robot/Desktop/Session09/Johnny-Answers-Session09/build/cpp_turtle' returned '0': CMAKE_PREFIX_PATH=${CMAKE_PREFIX_PATH}:/opt/ros/humble /usr/bin/cmake --build /home/robot/Desktop/Session09/Johnny-Answers-Session09/build/cpp_turtle -- -j6 -l6
[27.056s] Invoking command in '/home/robot/Desktop/Session09/Johnny-Answers-Session09/build/cpp_turtle': CMAKE_PREFIX_PATH=${CMAKE_PREFIX_PATH}:/opt/ros/humble /usr/bin/cmake --install /home/robot/Desktop/Session09/Johnny-Answers-Session09/build/cpp_turtle
[27.080s] -- Install configuration: ""
[27.082s] -- Up-to-date: /home/robot/Desktop/Session09/Johnny-Answers-Session09/install/cpp_turtle/lib/cpp_turtle/initNode
[27.082s] -- Up-to-date: /home/robot/Desktop/Session09/Johnny-Answers-Session09/install/cpp_turtle/share/ament_index/resource_index/rosidl_interfaces/cpp_turtle
[27.082s] -- Up-to-date: /home/robot/Desktop/Session09/Johnny-Answers-Session09/install/cpp_turtle/include/cpp_turtle/cpp_turtle
[27.082s] -- Up-to-date: /home/robot/Desktop/Session09/Johnny-Answers-Session09/install/cpp_turtle/include/cpp_turtle/cpp_turtle/msg
[27.082s] -- Up-to-date: /home/robot/Desktop/Session09/Johnny-Answers-Session09/install/cpp_turtle/include/cpp_turtle/cpp_turtle/msg/rosidl_generator_c__visibility_control.h
[27.083s] -- Up-to-date: /home/robot/Desktop/Session09/Johnny-Answers-Session09/install/cpp_turtle/include/cpp_turtle/cpp_turtle/action
[27.083s] -- Up-to-date: /home/robot/Desktop/Session09/Johnny-Answers-Session09/install/cpp_turtle/include/cpp_turtle/cpp_turtle/action/measure_lap_time.h
[27.083s] -- Up-to-date: /home/robot/Desktop/Session09/Johnny-Answers-Session09/install/cpp_turtle/include/cpp_turtle/cpp_turtle/action/detail
[27.083s] -- Up-to-date: /home/robot/Desktop/Session09/Johnny-Answers-Session09/install/cpp_turtle/include/cpp_turtle/cpp_turtle/action/detail/measure_lap_time__functions.h
[27.083s] -- Up-to-date: /home/robot/Desktop/Session09/Johnny-Answers-Session09/install/cpp_turtle/include/cpp_turtle/cpp_turtle/action/detail/measure_lap_time__struct.h
[27.083s] -- Up-to-date: /home/robot/Desktop/Session09/Johnny-Answers-Session09/install/cpp_turtle/include/cpp_turtle/cpp_turtle/action/detail/measure_lap_time__type_support.h
[27.083s] -- Up-to-date: /home/robot/Desktop/Session09/Johnny-Answers-Session09/install/cpp_turtle/include/cpp_turtle/cpp_turtle/action/detail/measure_lap_time__functions.c
[27.084s] -- Up-to-date: /home/robot/Desktop/Session09/Johnny-Answers-Session09/install/cpp_turtle/include/cpp_turtle/cpp_turtle/srv
[27.084s] -- Up-to-date: /home/robot/Desktop/Session09/Johnny-Answers-Session09/install/cpp_turtle/include/cpp_turtle/cpp_turtle/srv/find_wall.h
[27.084s] -- Up-to-date: /home/robot/Desktop/Session09/Johnny-Answers-Session09/install/cpp_turtle/include/cpp_turtle/cpp_turtle/srv/detail
[27.085s] -- Up-to-date: /home/robot/Desktop/Session09/Johnny-Answers-Session09/install/cpp_turtle/include/cpp_turtle/cpp_turtle/srv/detail/find_wall__functions.c
[27.085s] -- Up-to-date: /home/robot/Desktop/Session09/Johnny-Answers-Session09/install/cpp_turtle/include/cpp_turtle/cpp_turtle/srv/detail/find_wall__type_support.h
[27.085s] -- Up-to-date: /home/robot/Desktop/Session09/Johnny-Answers-Session09/install/cpp_turtle/include/cpp_turtle/cpp_turtle/srv/detail/find_wall__functions.h
[27.085s] -- Up-to-date: /home/robot/Desktop/Session09/Johnny-Answers-Session09/install/cpp_turtle/include/cpp_turtle/cpp_turtle/srv/detail/find_wall__struct.h
[27.085s] -- Up-to-date: /home/robot/Desktop/Session09/Johnny-Answers-Session09/install/cpp_turtle/share/cpp_turtle/environment/library_path.sh
[27.085s] -- Up-to-date: /home/robot/Desktop/Session09/Johnny-Answers-Session09/install/cpp_turtle/share/cpp_turtle/environment/library_path.dsv
[27.086s] -- Up-to-date: /home/robot/Desktop/Session09/Johnny-Answers-Session09/install/cpp_turtle/lib/libcpp_turtle__rosidl_generator_c.so
[27.086s] -- Up-to-date: /home/robot/Desktop/Session09/Johnny-Answers-Session09/install/cpp_turtle/include/cpp_turtle/cpp_turtle
[27.086s] -- Up-to-date: /home/robot/Desktop/Session09/Johnny-Answers-Session09/install/cpp_turtle/include/cpp_turtle/cpp_turtle/msg
[27.086s] -- Up-to-date: /home/robot/Desktop/Session09/Johnny-Answers-Session09/install/cpp_turtle/include/cpp_turtle/cpp_turtle/msg/rosidl_typesupport_fastrtps_c__visibility_control.h
[27.087s] -- Up-to-date: /home/robot/Desktop/Session09/Johnny-Answers-Session09/install/cpp_turtle/include/cpp_turtle/cpp_turtle/action
[27.087s] -- Up-to-date: /home/robot/Desktop/Session09/Johnny-Answers-Session09/install/cpp_turtle/include/cpp_turtle/cpp_turtle/action/detail
[27.087s] -- Up-to-date: /home/robot/Desktop/Session09/Johnny-Answers-Session09/install/cpp_turtle/include/cpp_turtle/cpp_turtle/action/detail/measure_lap_time__rosidl_typesupport_fastrtps_c.h
[27.087s] -- Up-to-date: /home/robot/Desktop/Session09/Johnny-Answers-Session09/install/cpp_turtle/include/cpp_turtle/cpp_turtle/srv
[27.088s] -- Up-to-date: /home/robot/Desktop/Session09/Johnny-Answers-Session09/install/cpp_turtle/include/cpp_turtle/cpp_turtle/srv/detail
[27.088s] -- Up-to-date: /home/robot/Desktop/Session09/Johnny-Answers-Session09/install/cpp_turtle/include/cpp_turtle/cpp_turtle/srv/detail/find_wall__rosidl_typesupport_fastrtps_c.h
[27.088s] -- Up-to-date: /home/robot/Desktop/Session09/Johnny-Answers-Session09/install/cpp_turtle/lib/libcpp_turtle__rosidl_typesupport_fastrtps_c.so
[27.088s] -- Up-to-date: /home/robot/Desktop/Session09/Johnny-Answers-Session09/install/cpp_turtle/include/cpp_turtle/cpp_turtle
[27.088s] -- Up-to-date: /home/robot/Desktop/Session09/Johnny-Answers-Session09/install/cpp_turtle/include/cpp_turtle/cpp_turtle/msg
[27.088s] -- Up-to-date: /home/robot/Desktop/Session09/Johnny-Answers-Session09/install/cpp_turtle/include/cpp_turtle/cpp_turtle/msg/rosidl_typesupport_introspection_c__visibility_control.h
[27.089s] -- Up-to-date: /home/robot/Desktop/Session09/Johnny-Answers-Session09/install/cpp_turtle/include/cpp_turtle/cpp_turtle/action
[27.089s] -- Up-to-date: /home/robot/Desktop/Session09/Johnny-Answers-Session09/install/cpp_turtle/include/cpp_turtle/cpp_turtle/action/detail
[27.089s] -- Up-to-date: /home/robot/Desktop/Session09/Johnny-Answers-Session09/install/cpp_turtle/include/cpp_turtle/cpp_turtle/action/detail/measure_lap_time__type_support.c
[27.089s] -- Up-to-date: /home/robot/Desktop/Session09/Johnny-Answers-Session09/install/cpp_turtle/include/cpp_turtle/cpp_turtle/action/detail/measure_lap_time__rosidl_typesupport_introspection_c.h
[27.090s] -- Up-to-date: /home/robot/Desktop/Session09/Johnny-Answers-Session09/install/cpp_turtle/include/cpp_turtle/cpp_turtle/srv
[27.090s] -- Up-to-date: /home/robot/Desktop/Session09/Johnny-Answers-Session09/install/cpp_turtle/include/cpp_turtle/cpp_turtle/srv/detail
[27.091s] -- Up-to-date: /home/robot/Desktop/Session09/Johnny-Answers-Session09/install/cpp_turtle/include/cpp_turtle/cpp_turtle/srv/detail/find_wall__rosidl_typesupport_introspection_c.h
[27.092s] -- Up-to-date: /home/robot/Desktop/Session09/Johnny-Answers-Session09/install/cpp_turtle/include/cpp_turtle/cpp_turtle/srv/detail/find_wall__type_support.c
[27.092s] -- Up-to-date: /home/robot/Desktop/Session09/Johnny-Answers-Session09/install/cpp_turtle/lib/libcpp_turtle__rosidl_typesupport_introspection_c.so
[27.092s] -- Up-to-date: /home/robot/Desktop/Session09/Johnny-Answers-Session09/install/cpp_turtle/lib/libcpp_turtle__rosidl_typesupport_c.so
[27.092s] -- Up-to-date: /home/robot/Desktop/Session09/Johnny-Answers-Session09/install/cpp_turtle/include/cpp_turtle/cpp_turtle
[27.093s] -- Up-to-date: /home/robot/Desktop/Session09/Johnny-Answers-Session09/install/cpp_turtle/include/cpp_turtle/cpp_turtle/action
[27.093s] -- Up-to-date: /home/robot/Desktop/Session09/Johnny-Answers-Session09/install/cpp_turtle/include/cpp_turtle/cpp_turtle/action/detail
[27.093s] -- Up-to-date: /home/robot/Desktop/Session09/Johnny-Answers-Session09/install/cpp_turtle/include/cpp_turtle/cpp_turtle/action/detail/measure_lap_time__traits.hpp
[27.094s] -- Up-to-date: /home/robot/Desktop/Session09/Johnny-Answers-Session09/install/cpp_turtle/include/cpp_turtle/cpp_turtle/action/detail/measure_lap_time__builder.hpp
[27.094s] -- Up-to-date: /home/robot/Desktop/Session09/Johnny-Answers-Session09/install/cpp_turtle/include/cpp_turtle/cpp_turtle/action/detail/measure_lap_time__struct.hpp
[27.094s] -- Up-to-date: /home/robot/Desktop/Session09/Johnny-Answers-Session09/install/cpp_turtle/include/cpp_turtle/cpp_turtle/action/measure_lap_time.hpp
[27.094s] -- Up-to-date: /home/robot/Desktop/Session09/Johnny-Answers-Session09/install/cpp_turtle/include/cpp_turtle/cpp_turtle/srv
[27.095s] -- Up-to-date: /home/robot/Desktop/Session09/Johnny-Answers-Session09/install/cpp_turtle/include/cpp_turtle/cpp_turtle/srv/detail
[27.095s] -- Up-to-date: /home/robot/Desktop/Session09/Johnny-Answers-Session09/install/cpp_turtle/include/cpp_turtle/cpp_turtle/srv/detail/find_wall__builder.hpp
[27.095s] -- Up-to-date: /home/robot/Desktop/Session09/Johnny-Answers-Session09/install/cpp_turtle/include/cpp_turtle/cpp_turtle/srv/detail/find_wall__struct.hpp
[27.095s] -- Up-to-date: /home/robot/Desktop/Session09/Johnny-Answers-Session09/install/cpp_turtle/include/cpp_turtle/cpp_turtle/srv/detail/find_wall__traits.hpp
[27.095s] -- Up-to-date: /home/robot/Desktop/Session09/Johnny-Answers-Session09/install/cpp_turtle/include/cpp_turtle/cpp_turtle/srv/find_wall.hpp
[27.096s] -- Up-to-date: /home/robot/Desktop/Session09/Johnny-Answers-Session09/install/cpp_turtle/include/cpp_turtle/cpp_turtle
[27.096s] -- Up-to-date: /home/robot/Desktop/Session09/Johnny-Answers-Session09/install/cpp_turtle/include/cpp_turtle/cpp_turtle/msg
[27.096s] -- Up-to-date: /home/robot/Desktop/Session09/Johnny-Answers-Session09/install/cpp_turtle/include/cpp_turtle/cpp_turtle/msg/rosidl_typesupport_fastrtps_cpp__visibility_control.h
[27.096s] -- Up-to-date: /home/robot/Desktop/Session09/Johnny-Answers-Session09/install/cpp_turtle/include/cpp_turtle/cpp_turtle/action
[27.098s] -- Up-to-date: /home/robot/Desktop/Session09/Johnny-Answers-Session09/install/cpp_turtle/include/cpp_turtle/cpp_turtle/action/detail
[27.099s] -- Up-to-date: /home/robot/Desktop/Session09/Johnny-Answers-Session09/install/cpp_turtle/include/cpp_turtle/cpp_turtle/action/detail/measure_lap_time__rosidl_typesupport_fastrtps_cpp.hpp
[27.099s] -- Up-to-date: /home/robot/Desktop/Session09/Johnny-Answers-Session09/install/cpp_turtle/include/cpp_turtle/cpp_turtle/action/detail/dds_fastrtps
[27.099s] -- Up-to-date: /home/robot/Desktop/Session09/Johnny-Answers-Session09/install/cpp_turtle/include/cpp_turtle/cpp_turtle/srv
[27.100s] -- Up-to-date: /home/robot/Desktop/Session09/Johnny-Answers-Session09/install/cpp_turtle/include/cpp_turtle/cpp_turtle/srv/detail
[27.100s] -- Up-to-date: /home/robot/Desktop/Session09/Johnny-Answers-Session09/install/cpp_turtle/include/cpp_turtle/cpp_turtle/srv/detail/find_wall__rosidl_typesupport_fastrtps_cpp.hpp
[27.100s] -- Up-to-date: /home/robot/Desktop/Session09/Johnny-Answers-Session09/install/cpp_turtle/include/cpp_turtle/cpp_turtle/srv/detail/dds_fastrtps
[27.100s] -- Up-to-date: /home/robot/Desktop/Session09/Johnny-Answers-Session09/install/cpp_turtle/lib/libcpp_turtle__rosidl_typesupport_fastrtps_cpp.so
[27.100s] -- Up-to-date: /home/robot/Desktop/Session09/Johnny-Answers-Session09/install/cpp_turtle/include/cpp_turtle/cpp_turtle
[27.100s] -- Up-to-date: /home/robot/Desktop/Session09/Johnny-Answers-Session09/install/cpp_turtle/include/cpp_turtle/cpp_turtle/action
[27.101s] -- Up-to-date: /home/robot/Desktop/Session09/Johnny-Answers-Session09/install/cpp_turtle/include/cpp_turtle/cpp_turtle/action/detail
[27.101s] -- Up-to-date: /home/robot/Desktop/Session09/Johnny-Answers-Session09/install/cpp_turtle/include/cpp_turtle/cpp_turtle/action/detail/measure_lap_time__rosidl_typesupport_introspection_cpp.hpp
[27.101s] -- Up-to-date: /home/robot/Desktop/Session09/Johnny-Answers-Session09/install/cpp_turtle/include/cpp_turtle/cpp_turtle/action/detail/measure_lap_time__type_support.cpp
[27.101s] -- Up-to-date: /home/robot/Desktop/Session09/Johnny-Answers-Session09/install/cpp_turtle/include/cpp_turtle/cpp_turtle/srv
[27.101s] -- Up-to-date: /home/robot/Desktop/Session09/Johnny-Answers-Session09/install/cpp_turtle/include/cpp_turtle/cpp_turtle/srv/detail
[27.102s] -- Up-to-date: /home/robot/Desktop/Session09/Johnny-Answers-Session09/install/cpp_turtle/include/cpp_turtle/cpp_turtle/srv/detail/find_wall__rosidl_typesupport_introspection_cpp.hpp
[27.102s] -- Up-to-date: /home/robot/Desktop/Session09/Johnny-Answers-Session09/install/cpp_turtle/include/cpp_turtle/cpp_turtle/srv/detail/find_wall__type_support.cpp
[27.102s] -- Up-to-date: /home/robot/Desktop/Session09/Johnny-Answers-Session09/install/cpp_turtle/lib/libcpp_turtle__rosidl_typesupport_introspection_cpp.so
[27.102s] -- Up-to-date: /home/robot/Desktop/Session09/Johnny-Answers-Session09/install/cpp_turtle/lib/libcpp_turtle__rosidl_typesupport_cpp.so
[27.102s] -- Up-to-date: /home/robot/Desktop/Session09/Johnny-Answers-Session09/install/cpp_turtle/share/cpp_turtle/environment/pythonpath.sh
[27.102s] -- Up-to-date: /home/robot/Desktop/Session09/Johnny-Answers-Session09/install/cpp_turtle/share/cpp_turtle/environment/pythonpath.dsv
[27.103s] -- Up-to-date: /home/robot/Desktop/Session09/Johnny-Answers-Session09/install/cpp_turtle/local/lib/python3.10/dist-packages/cpp_turtle-0.0.0-py3.10.egg-info
[27.103s] -- Installing: /home/robot/Desktop/Session09/Johnny-Answers-Session09/install/cpp_turtle/local/lib/python3.10/dist-packages/cpp_turtle-0.0.0-py3.10.egg-info/SOURCES.txt
[27.103s] -- Installing: /home/robot/Desktop/Session09/Johnny-Answers-Session09/install/cpp_turtle/local/lib/python3.10/dist-packages/cpp_turtle-0.0.0-py3.10.egg-info/PKG-INFO
[27.103s] -- Installing: /home/robot/Desktop/Session09/Johnny-Answers-Session09/install/cpp_turtle/local/lib/python3.10/dist-packages/cpp_turtle-0.0.0-py3.10.egg-info/dependency_links.txt
[27.104s] -- Installing: /home/robot/Desktop/Session09/Johnny-Answers-Session09/install/cpp_turtle/local/lib/python3.10/dist-packages/cpp_turtle-0.0.0-py3.10.egg-info/top_level.txt
[27.107s] -- Up-to-date: /home/robot/Desktop/Session09/Johnny-Answers-Session09/install/cpp_turtle/local/lib/python3.10/dist-packages/cpp_turtle
[27.107s] -- Up-to-date: /home/robot/Desktop/Session09/Johnny-Answers-Session09/install/cpp_turtle/local/lib/python3.10/dist-packages/cpp_turtle/cpp_turtle_s__rosidl_typesupport_introspection_c.cpython-310-x86_64-linux-gnu.so
[27.107s] -- Up-to-date: /home/robot/Desktop/Session09/Johnny-Answers-Session09/install/cpp_turtle/local/lib/python3.10/dist-packages/cpp_turtle/cpp_turtle_s__rosidl_typesupport_c.cpython-310-x86_64-linux-gnu.so
[27.107s] -- Up-to-date: /home/robot/Desktop/Session09/Johnny-Answers-Session09/install/cpp_turtle/local/lib/python3.10/dist-packages/cpp_turtle/cpp_turtle_s__rosidl_typesupport_fastrtps_c.cpython-310-x86_64-linux-gnu.so
[27.108s] -- Up-to-date: /home/robot/Desktop/Session09/Johnny-Answers-Session09/install/cpp_turtle/local/lib/python3.10/dist-packages/cpp_turtle/_cpp_turtle_s.ep.rosidl_typesupport_fastrtps_c.c
[27.108s] -- Up-to-date: /home/robot/Desktop/Session09/Johnny-Answers-Session09/install/cpp_turtle/local/lib/python3.10/dist-packages/cpp_turtle/libcpp_turtle__rosidl_generator_py.so
[27.108s] -- Up-to-date: /home/robot/Desktop/Session09/Johnny-Answers-Session09/install/cpp_turtle/local/lib/python3.10/dist-packages/cpp_turtle/_cpp_turtle_s.ep.rosidl_typesupport_introspection_c.c
[27.108s] -- Up-to-date: /home/robot/Desktop/Session09/Johnny-Answers-Session09/install/cpp_turtle/local/lib/python3.10/dist-packages/cpp_turtle/action
[27.109s] -- Up-to-date: /home/robot/Desktop/Session09/Johnny-Answers-Session09/install/cpp_turtle/local/lib/python3.10/dist-packages/cpp_turtle/action/_measure_lap_time_s.c
[27.109s] -- Up-to-date: /home/robot/Desktop/Session09/Johnny-Answers-Session09/install/cpp_turtle/local/lib/python3.10/dist-packages/cpp_turtle/action/_measure_lap_time.py
[27.110s] -- Up-to-date: /home/robot/Desktop/Session09/Johnny-Answers-Session09/install/cpp_turtle/local/lib/python3.10/dist-packages/cpp_turtle/action/__init__.py
[27.110s] -- Up-to-date: /home/robot/Desktop/Session09/Johnny-Answers-Session09/install/cpp_turtle/local/lib/python3.10/dist-packages/cpp_turtle/__init__.py
[27.110s] -- Up-to-date: /home/robot/Desktop/Session09/Johnny-Answers-Session09/install/cpp_turtle/local/lib/python3.10/dist-packages/cpp_turtle/srv
[27.110s] -- Up-to-date: /home/robot/Desktop/Session09/Johnny-Answers-Session09/install/cpp_turtle/local/lib/python3.10/dist-packages/cpp_turtle/srv/_find_wall.py
[27.110s] -- Up-to-date: /home/robot/Desktop/Session09/Johnny-Answers-Session09/install/cpp_turtle/local/lib/python3.10/dist-packages/cpp_turtle/srv/_find_wall_s.c
[27.111s] -- Up-to-date: /home/robot/Desktop/Session09/Johnny-Answers-Session09/install/cpp_turtle/local/lib/python3.10/dist-packages/cpp_turtle/srv/__init__.py
[27.111s] -- Up-to-date: /home/robot/Desktop/Session09/Johnny-Answers-Session09/install/cpp_turtle/local/lib/python3.10/dist-packages/cpp_turtle/_cpp_turtle_s.ep.rosidl_typesupport_c.c
[27.197s] Listing '/home/robot/Desktop/Session09/Johnny-Answers-Session09/install/cpp_turtle/local/lib/python3.10/dist-packages/cpp_turtle'...
[27.198s] Listing '/home/robot/Desktop/Session09/Johnny-Answers-Session09/install/cpp_turtle/local/lib/python3.10/dist-packages/cpp_turtle/action'...
[27.198s] Listing '/home/robot/Desktop/Session09/Johnny-Answers-Session09/install/cpp_turtle/local/lib/python3.10/dist-packages/cpp_turtle/srv'...
[27.205s] -- Up-to-date: /home/robot/Desktop/Session09/Johnny-Answers-Session09/install/cpp_turtle/local/lib/python3.10/dist-packages/cpp_turtle/cpp_turtle_s__rosidl_typesupport_fastrtps_c.cpython-310-x86_64-linux-gnu.so
[27.206s] -- Up-to-date: /home/robot/Desktop/Session09/Johnny-Answers-Session09/install/cpp_turtle/local/lib/python3.10/dist-packages/cpp_turtle/cpp_turtle_s__rosidl_typesupport_introspection_c.cpython-310-x86_64-linux-gnu.so
[27.207s] -- Up-to-date: /home/robot/Desktop/Session09/Johnny-Answers-Session09/install/cpp_turtle/local/lib/python3.10/dist-packages/cpp_turtle/cpp_turtle_s__rosidl_typesupport_c.cpython-310-x86_64-linux-gnu.so
[27.208s] -- Up-to-date: /home/robot/Desktop/Session09/Johnny-Answers-Session09/install/cpp_turtle/lib/libcpp_turtle__rosidl_generator_py.so
[27.210s] -- Up-to-date: /home/robot/Desktop/Session09/Johnny-Answers-Session09/install/cpp_turtle/share/cpp_turtle/action/MeasureLapTime.idl
[27.211s] -- Up-to-date: /home/robot/Desktop/Session09/Johnny-Answers-Session09/install/cpp_turtle/share/cpp_turtle/srv/FindWall.idl
[27.211s] -- Up-to-date: /home/robot/Desktop/Session09/Johnny-Answers-Session09/install/cpp_turtle/share/cpp_turtle/action/MeasureLapTime.action
[27.211s] -- Up-to-date: /home/robot/Desktop/Session09/Johnny-Answers-Session09/install/cpp_turtle/share/cpp_turtle/srv/FindWall.srv
[27.211s] -- Up-to-date: /home/robot/Desktop/Session09/Johnny-Answers-Session09/install/cpp_turtle/share/cpp_turtle/srv/FindWall_Request.msg
[27.211s] -- Up-to-date: /home/robot/Desktop/Session09/Johnny-Answers-Session09/install/cpp_turtle/share/cpp_turtle/srv/FindWall_Response.msg
[27.212s] -- Up-to-date: /home/robot/Desktop/Session09/Johnny-Answers-Session09/install/cpp_turtle/lib/cpp_turtle/lap_time_action_client
[27.213s] -- Up-to-date: /home/robot/Desktop/Session09/Johnny-Answers-Session09/install/cpp_turtle/lib/cpp_turtle/lap_time_action_server
[27.215s] -- Installing: /home/robot/Desktop/Session09/Johnny-Answers-Session09/install/cpp_turtle/lib/cpp_turtle/robot_driver
[27.248s] -- Set runtime path of "/home/robot/Desktop/Session09/Johnny-Answers-Session09/install/cpp_turtle/lib/cpp_turtle/robot_driver" to ""
[27.248s] -- Up-to-date: /home/robot/Desktop/Session09/Johnny-Answers-Session09/install/cpp_turtle/lib/cpp_turtle/wall_finder
[27.248s] -- Up-to-date: /home/robot/Desktop/Session09/Johnny-Answers-Session09/install/cpp_turtle/share/cpp_turtle/launch
[27.249s] -- Up-to-date: /home/robot/Desktop/Session09/Johnny-Answers-Session09/install/cpp_turtle/share/cpp_turtle/launch/cpp_turtle_launch.py
[27.249s] -- Up-to-date: /home/robot/Desktop/Session09/Johnny-Answers-Session09/install/cpp_turtle/share/ament_index/resource_index/package_run_dependencies/cpp_turtle
[27.249s] -- Up-to-date: /home/robot/Desktop/Session09/Johnny-Answers-Session09/install/cpp_turtle/share/ament_index/resource_index/parent_prefix_path/cpp_turtle
[27.249s] -- Up-to-date: /home/robot/Desktop/Session09/Johnny-Answers-Session09/install/cpp_turtle/share/cpp_turtle/environment/ament_prefix_path.sh
[27.249s] -- Up-to-date: /home/robot/Desktop/Session09/Johnny-Answers-Session09/install/cpp_turtle/share/cpp_turtle/environment/ament_prefix_path.dsv
[27.249s] -- Up-to-date: /home/robot/Desktop/Session09/Johnny-Answers-Session09/install/cpp_turtle/share/cpp_turtle/environment/path.sh
[27.250s] -- Up-to-date: /home/robot/Desktop/Session09/Johnny-Answers-Session09/install/cpp_turtle/share/cpp_turtle/environment/path.dsv
[27.250s] -- Up-to-date: /home/robot/Desktop/Session09/Johnny-Answers-Session09/install/cpp_turtle/share/cpp_turtle/local_setup.bash
[27.250s] -- Up-to-date: /home/robot/Desktop/Session09/Johnny-Answers-Session09/install/cpp_turtle/share/cpp_turtle/local_setup.sh
[27.250s] -- Up-to-date: /home/robot/Desktop/Session09/Johnny-Answers-Session09/install/cpp_turtle/share/cpp_turtle/local_setup.zsh
[27.250s] -- Up-to-date: /home/robot/Desktop/Session09/Johnny-Answers-Session09/install/cpp_turtle/share/cpp_turtle/local_setup.dsv
[27.250s] -- Installing: /home/robot/Desktop/Session09/Johnny-Answers-Session09/install/cpp_turtle/share/cpp_turtle/package.dsv
[27.250s] -- Up-to-date: /home/robot/Desktop/Session09/Johnny-Answers-Session09/install/cpp_turtle/share/ament_index/resource_index/packages/cpp_turtle
[27.252s] -- Up-to-date: /home/robot/Desktop/Session09/Johnny-Answers-Session09/install/cpp_turtle/share/cpp_turtle/cmake/export_cpp_turtle__rosidl_generator_cExport.cmake
[27.253s] -- Up-to-date: /home/robot/Desktop/Session09/Johnny-Answers-Session09/install/cpp_turtle/share/cpp_turtle/cmake/export_cpp_turtle__rosidl_generator_cExport-noconfig.cmake
[27.255s] -- Up-to-date: /home/robot/Desktop/Session09/Johnny-Answers-Session09/install/cpp_turtle/share/cpp_turtle/cmake/export_cpp_turtle__rosidl_typesupport_fastrtps_cExport.cmake
[27.255s] -- Up-to-date: /home/robot/Desktop/Session09/Johnny-Answers-Session09/install/cpp_turtle/share/cpp_turtle/cmake/export_cpp_turtle__rosidl_typesupport_fastrtps_cExport-noconfig.cmake
[27.257s] -- Up-to-date: /home/robot/Desktop/Session09/Johnny-Answers-Session09/install/cpp_turtle/share/cpp_turtle/cmake/cpp_turtle__rosidl_typesupport_introspection_cExport.cmake
[27.257s] -- Up-to-date: /home/robot/Desktop/Session09/Johnny-Answers-Session09/install/cpp_turtle/share/cpp_turtle/cmake/cpp_turtle__rosidl_typesupport_introspection_cExport-noconfig.cmake
[27.263s] -- Up-to-date: /home/robot/Desktop/Session09/Johnny-Answers-Session09/install/cpp_turtle/share/cpp_turtle/cmake/cpp_turtle__rosidl_typesupport_cExport.cmake
[27.263s] -- Up-to-date: /home/robot/Desktop/Session09/Johnny-Answers-Session09/install/cpp_turtle/share/cpp_turtle/cmake/cpp_turtle__rosidl_typesupport_cExport-noconfig.cmake
[27.263s] -- Up-to-date: /home/robot/Desktop/Session09/Johnny-Answers-Session09/install/cpp_turtle/share/cpp_turtle/cmake/export_cpp_turtle__rosidl_generator_cppExport.cmake
[27.265s] -- Up-to-date: /home/robot/Desktop/Session09/Johnny-Answers-Session09/install/cpp_turtle/share/cpp_turtle/cmake/export_cpp_turtle__rosidl_typesupport_fastrtps_cppExport.cmake
[27.265s] -- Up-to-date: /home/robot/Desktop/Session09/Johnny-Answers-Session09/install/cpp_turtle/share/cpp_turtle/cmake/export_cpp_turtle__rosidl_typesupport_fastrtps_cppExport-noconfig.cmake
[27.266s] -- Up-to-date: /home/robot/Desktop/Session09/Johnny-Answers-Session09/install/cpp_turtle/share/cpp_turtle/cmake/cpp_turtle__rosidl_typesupport_introspection_cppExport.cmake
[27.266s] -- Up-to-date: /home/robot/Desktop/Session09/Johnny-Answers-Session09/install/cpp_turtle/share/cpp_turtle/cmake/cpp_turtle__rosidl_typesupport_introspection_cppExport-noconfig.cmake
[27.267s] -- Up-to-date: /home/robot/Desktop/Session09/Johnny-Answers-Session09/install/cpp_turtle/share/cpp_turtle/cmake/cpp_turtle__rosidl_typesupport_cppExport.cmake
[27.268s] -- Up-to-date: /home/robot/Desktop/Session09/Johnny-Answers-Session09/install/cpp_turtle/share/cpp_turtle/cmake/cpp_turtle__rosidl_typesupport_cppExport-noconfig.cmake
[27.274s] -- Up-to-date: /home/robot/Desktop/Session09/Johnny-Answers-Session09/install/cpp_turtle/share/cpp_turtle/cmake/export_cpp_turtle__rosidl_generator_pyExport.cmake
[27.274s] -- Up-to-date: /home/robot/Desktop/Session09/Johnny-Answers-Session09/install/cpp_turtle/share/cpp_turtle/cmake/export_cpp_turtle__rosidl_generator_pyExport-noconfig.cmake
[27.274s] -- Up-to-date: /home/robot/Desktop/Session09/Johnny-Answers-Session09/install/cpp_turtle/share/cpp_turtle/cmake/rosidl_cmake-extras.cmake
[27.275s] -- Up-to-date: /home/robot/Desktop/Session09/Johnny-Answers-Session09/install/cpp_turtle/share/cpp_turtle/cmake/ament_cmake_export_dependencies-extras.cmake
[27.275s] -- Up-to-date: /home/robot/Desktop/Session09/Johnny-Answers-Session09/install/cpp_turtle/share/cpp_turtle/cmake/ament_cmake_export_include_directories-extras.cmake
[27.275s] -- Up-to-date: /home/robot/Desktop/Session09/Johnny-Answers-Session09/install/cpp_turtle/share/cpp_turtle/cmake/ament_cmake_export_libraries-extras.cmake
[27.275s] -- Up-to-date: /home/robot/Desktop/Session09/Johnny-Answers-Session09/install/cpp_turtle/share/cpp_turtle/cmake/ament_cmake_export_targets-extras.cmake
[27.275s] -- Up-to-date: /home/robot/Desktop/Session09/Johnny-Answers-Session09/install/cpp_turtle/share/cpp_turtle/cmake/rosidl_cmake_export_typesupport_targets-extras.cmake
[27.275s] -- Up-to-date: /home/robot/Desktop/Session09/Johnny-Answers-Session09/install/cpp_turtle/share/cpp_turtle/cmake/rosidl_cmake_export_typesupport_libraries-extras.cmake
[27.276s] -- Up-to-date: /home/robot/Desktop/Session09/Johnny-Answers-Session09/install/cpp_turtle/share/cpp_turtle/cmake/cpp_turtleConfig.cmake
[27.276s] -- Up-to-date: /home/robot/Desktop/Session09/Johnny-Answers-Session09/install/cpp_turtle/share/cpp_turtle/cmake/cpp_turtleConfig-version.cmake
[27.276s] -- Up-to-date: /home/robot/Desktop/Session09/Johnny-Answers-Session09/install/cpp_turtle/share/cpp_turtle/package.xml
[27.281s] Invoked command in '/home/robot/Desktop/Session09/Johnny-Answers-Session09/build/cpp_turtle' returned '0': CMAKE_PREFIX_PATH=${CMAKE_PREFIX_PATH}:/opt/ros/humble /usr/bin/cmake --install /home/robot/Desktop/Session09/Johnny-Answers-Session09/build/cpp_turtle
