[0.222s] DEBUG:colcon:Command line arguments: ['/usr/bin/colcon', 'build']
[0.222s] DEBUG:colcon:Parsed command line arguments: Namespace(log_base=None, log_level=None, verb_name='build', build_base='build', install_base='install', merge_install=False, symlink_install=False, test_result_base=None, continue_on_error=False, executor='parallel', parallel_workers=6, event_handlers=None, ignore_user_meta=False, metas=['./colcon.meta'], base_paths=['.'], packages_ignore=None, packages_ignore_regex=None, paths=None, packages_up_to=None, packages_up_to_regex=None, packages_above=None, packages_above_and_dependencies=None, packages_above_depth=None, packages_select_by_dep=None, packages_skip_by_dep=None, packages_skip_up_to=None, packages_select_build_failed=False, packages_skip_build_finished=False, packages_select_test_failures=False, packages_skip_test_passed=False, packages_select=None, packages_skip=None, packages_select_regex=None, packages_skip_regex=None, packages_start=None, packages_end=None, allow_overriding=[], cmake_args=None, cmake_target=None, cmake_target_skip_unavailable=False, cmake_clean_cache=False, cmake_clean_first=False, cmake_force_configure=False, ament_cmake_args=None, catkin_cmake_args=None, catkin_skip_building_tests=False, verb_parser=<colcon_defaults.argument_parser.defaults.DefaultArgumentsDecorator object at 0x79612ab50a30>, verb_extension=<colcon_core.verb.build.BuildVerb object at 0x79612ab50250>, main=<bound method BuildVerb.main of <colcon_core.verb.build.BuildVerb object at 0x79612ab50250>>)
[0.581s] Level 1:colcon.colcon_core.package_discovery:discover_packages(colcon_meta) check parameters
[0.581s] Level 1:colcon.colcon_core.package_discovery:discover_packages(recursive) check parameters
[0.581s] Level 1:colcon.colcon_core.package_discovery:discover_packages(ignore) check parameters
[0.581s] Level 1:colcon.colcon_core.package_discovery:discover_packages(path) check parameters
[0.581s] Level 1:colcon.colcon_core.package_discovery:discover_packages(colcon_meta) discover
[0.582s] Level 1:colcon.colcon_core.package_discovery:discover_packages(recursive) discover
[0.582s] INFO:colcon.colcon_core.package_discovery:Crawling recursively for packages in '/home/robot/Desktop/Session09/Johnny-Answers-Session09'
[0.582s] Level 1:colcon.colcon_core.package_identification:_identify(.) by extensions ['ignore', 'ignore_ament_install']
[0.582s] Level 1:colcon.colcon_core.package_identification:_identify(.) by extension 'ignore'
[0.582s] Level 1:colcon.colcon_core.package_identification:_identify(.) by extension 'ignore_ament_install'
[0.582s] Level 1:colcon.colcon_core.package_identification:_identify(.) by extensions ['colcon_pkg']
[0.583s] Level 1:colcon.colcon_core.package_identification:_identify(.) by extension 'colcon_pkg'
[0.583s] Level 1:colcon.colcon_core.package_identification:_identify(.) by extensions ['colcon_meta']
[0.583s] Level 1:colcon.colcon_core.package_identification:_identify(.) by extension 'colcon_meta'
[0.583s] Level 1:colcon.colcon_core.package_identification:_identify(.) by extensions ['ros']
[0.583s] Level 1:colcon.colcon_core.package_identification:_identify(.) by extension 'ros'
[0.606s] Level 1:colcon.colcon_core.package_identification:_identify(.) by extensions ['cmake', 'python']
[0.606s] Level 1:colcon.colcon_core.package_identification:_identify(.) by extension 'cmake'
[0.606s] Level 1:colcon.colcon_core.package_identification:_identify(.) by extension 'python'
[0.606s] Level 1:colcon.colcon_core.package_identification:_identify(.) by extensions ['python_setup_py']
[0.607s] Level 1:colcon.colcon_core.package_identification:_identify(.) by extension 'python_setup_py'
[0.607s] Level 1:colcon.colcon_core.package_identification:_identify(build) by extensions ['ignore', 'ignore_ament_install']
[0.607s] Level 1:colcon.colcon_core.package_identification:_identify(build) by extension 'ignore'
[0.607s] Level 1:colcon.colcon_core.package_identification:_identify(build) ignored
[0.608s] Level 1:colcon.colcon_core.package_identification:_identify(install) by extensions ['ignore', 'ignore_ament_install']
[0.608s] Level 1:colcon.colcon_core.package_identification:_identify(install) by extension 'ignore'
[0.608s] Level 1:colcon.colcon_core.package_identification:_identify(install) ignored
[0.608s] Level 1:colcon.colcon_core.package_identification:_identify(log) by extensions ['ignore', 'ignore_ament_install']
[0.608s] Level 1:colcon.colcon_core.package_identification:_identify(log) by extension 'ignore'
[0.609s] Level 1:colcon.colcon_core.package_identification:_identify(log) ignored
[0.609s] Level 1:colcon.colcon_core.package_identification:_identify(src) by extensions ['ignore', 'ignore_ament_install']
[0.609s] Level 1:colcon.colcon_core.package_identification:_identify(src) by extension 'ignore'
[0.609s] Level 1:colcon.colcon_core.package_identification:_identify(src) by extension 'ignore_ament_install'
[0.609s] Level 1:colcon.colcon_core.package_identification:_identify(src) by extensions ['colcon_pkg']
[0.609s] Level 1:colcon.colcon_core.package_identification:_identify(src) by extension 'colcon_pkg'
[0.609s] Level 1:colcon.colcon_core.package_identification:_identify(src) by extensions ['colcon_meta']
[0.609s] Level 1:colcon.colcon_core.package_identification:_identify(src) by extension 'colcon_meta'
[0.610s] Level 1:colcon.colcon_core.package_identification:_identify(src) by extensions ['ros']
[0.610s] Level 1:colcon.colcon_core.package_identification:_identify(src) by extension 'ros'
[0.610s] Level 1:colcon.colcon_core.package_identification:_identify(src) by extensions ['cmake', 'python']
[0.610s] Level 1:colcon.colcon_core.package_identification:_identify(src) by extension 'cmake'
[0.610s] Level 1:colcon.colcon_core.package_identification:_identify(src) by extension 'python'
[0.610s] Level 1:colcon.colcon_core.package_identification:_identify(src) by extensions ['python_setup_py']
[0.610s] Level 1:colcon.colcon_core.package_identification:_identify(src) by extension 'python_setup_py'
[0.610s] Level 1:colcon.colcon_core.package_identification:_identify(src/cpp_turtle) by extensions ['ignore', 'ignore_ament_install']
[0.611s] Level 1:colcon.colcon_core.package_identification:_identify(src/cpp_turtle) by extension 'ignore'
[0.611s] Level 1:colcon.colcon_core.package_identification:_identify(src/cpp_turtle) by extension 'ignore_ament_install'
[0.611s] Level 1:colcon.colcon_core.package_identification:_identify(src/cpp_turtle) by extensions ['colcon_pkg']
[0.611s] Level 1:colcon.colcon_core.package_identification:_identify(src/cpp_turtle) by extension 'colcon_pkg'
[0.611s] Level 1:colcon.colcon_core.package_identification:_identify(src/cpp_turtle) by extensions ['colcon_meta']
[0.611s] Level 1:colcon.colcon_core.package_identification:_identify(src/cpp_turtle) by extension 'colcon_meta'
[0.611s] Level 1:colcon.colcon_core.package_identification:_identify(src/cpp_turtle) by extensions ['ros']
[0.611s] Level 1:colcon.colcon_core.package_identification:_identify(src/cpp_turtle) by extension 'ros'
[0.616s] DEBUG:colcon.colcon_core.package_identification:Package 'src/cpp_turtle' with type 'ros.ament_cmake' and name 'cpp_turtle'
[0.616s] Level 1:colcon.colcon_core.package_discovery:discover_packages(recursive) using defaults
[0.616s] Level 1:colcon.colcon_core.package_discovery:discover_packages(ignore) discover
[0.616s] Level 1:colcon.colcon_core.package_discovery:discover_packages(ignore) using defaults
[0.616s] Level 1:colcon.colcon_core.package_discovery:discover_packages(path) discover
[0.616s] Level 1:colcon.colcon_core.package_discovery:discover_packages(path) using defaults
[0.651s] Level 1:colcon.colcon_core.package_discovery:discover_packages(prefix_path) check parameters
[0.652s] Level 1:colcon.colcon_core.package_discovery:discover_packages(prefix_path) discover
[0.655s] DEBUG:colcon.colcon_installed_package_information.package_discovery:Found 1 installed packages in /home/robot/Desktop/Session09/Johnny-Answers-Session09/install
[0.660s] DEBUG:colcon.colcon_installed_package_information.package_discovery:Found 384 installed packages in /opt/ros/humble
[0.664s] Level 1:colcon.colcon_core.package_discovery:discover_packages(prefix_path) using defaults
[0.786s] Level 5:colcon.colcon_core.verb:set package 'cpp_turtle' build argument 'cmake_args' from command line to 'None'
[0.786s] Level 5:colcon.colcon_core.verb:set package 'cpp_turtle' build argument 'cmake_target' from command line to 'None'
[0.787s] Level 5:colcon.colcon_core.verb:set package 'cpp_turtle' build argument 'cmake_target_skip_unavailable' from command line to 'False'
[0.787s] Level 5:colcon.colcon_core.verb:set package 'cpp_turtle' build argument 'cmake_clean_cache' from command line to 'False'
[0.787s] Level 5:colcon.colcon_core.verb:set package 'cpp_turtle' build argument 'cmake_clean_first' from command line to 'False'
[0.787s] Level 5:colcon.colcon_core.verb:set package 'cpp_turtle' build argument 'cmake_force_configure' from command line to 'False'
[0.787s] Level 5:colcon.colcon_core.verb:set package 'cpp_turtle' build argument 'ament_cmake_args' from command line to 'None'
[0.787s] Level 5:colcon.colcon_core.verb:set package 'cpp_turtle' build argument 'catkin_cmake_args' from command line to 'None'
[0.787s] Level 5:colcon.colcon_core.verb:set package 'cpp_turtle' build argument 'catkin_skip_building_tests' from command line to 'False'
[0.787s] DEBUG:colcon.colcon_core.verb:Building package 'cpp_turtle' with the following arguments: {'ament_cmake_args': None, 'build_base': '/home/robot/Desktop/Session09/Johnny-Answers-Session09/build/cpp_turtle', 'catkin_cmake_args': None, 'catkin_skip_building_tests': False, 'cmake_args': None, 'cmake_clean_cache': False, 'cmake_clean_first': False, 'cmake_force_configure': False, 'cmake_target': None, 'cmake_target_skip_unavailable': False, 'install_base': '/home/robot/Desktop/Session09/Johnny-Answers-Session09/install/cpp_turtle', 'merge_install': False, 'path': '/home/robot/Desktop/Session09/Johnny-Answers-Session09/src/cpp_turtle', 'symlink_install': False, 'test_result_base': None}
[0.787s] INFO:colcon.colcon_core.executor:Executing jobs using 'parallel' executor
[0.790s] DEBUG:colcon.colcon_parallel_executor.executor.parallel:run_until_complete
[0.791s] INFO:colcon.colcon_ros.task.ament_cmake.build:Building ROS package in '/home/robot/Desktop/Session09/Johnny-Answers-Session09/src/cpp_turtle' with build type 'ament_cmake'
[0.791s] INFO:colcon.colcon_cmake.task.cmake.build:Building CMake package in '/home/robot/Desktop/Session09/Johnny-Answers-Session09/src/cpp_turtle'
[0.795s] INFO:colcon.colcon_core.plugin_system:Skipping extension 'colcon_core.shell.bat': Not used on non-Windows systems
[0.796s] INFO:colcon.colcon_core.shell:Skip shell extension 'powershell' for command environment: Not usable outside of PowerShell
[0.796s] DEBUG:colcon.colcon_core.shell:Skip shell extension 'dsv' for command environment
[0.848s] DEBUG:colcon.colcon_core.event_handler.log_command:Invoking command in '/home/robot/Desktop/Session09/Johnny-Answers-Session09/build/cpp_turtle': CMAKE_PREFIX_PATH=${CMAKE_PREFIX_PATH}:/opt/ros/humble /usr/bin/cmake --build /home/robot/Desktop/Session09/Johnny-Answers-Session09/build/cpp_turtle -- -j6 -l6
[27.400s] DEBUG:colcon.colcon_core.event_handler.log_command:Invoked command in '/home/robot/Desktop/Session09/Johnny-Answers-Session09/build/cpp_turtle' returned '0': CMAKE_PREFIX_PATH=${CMAKE_PREFIX_PATH}:/opt/ros/humble /usr/bin/cmake --build /home/robot/Desktop/Session09/Johnny-Answers-Session09/build/cpp_turtle -- -j6 -l6
[28.051s] DEBUG:colcon.colcon_core.event_handler.log_command:Invoking command in '/home/robot/Desktop/Session09/Johnny-Answers-Session09/build/cpp_turtle': CMAKE_PREFIX_PATH=${CMAKE_PREFIX_PATH}:/opt/ros/humble /usr/bin/cmake --install /home/robot/Desktop/Session09/Johnny-Answers-Session09/build/cpp_turtle
[28.234s] Level 1:colcon.colcon_core.environment:create_environment_scripts_only(cpp_turtle)
[28.234s] DEBUG:colcon.colcon_core.event_handler.log_command:Invoked command in '/home/robot/Desktop/Session09/Johnny-Answers-Session09/build/cpp_turtle' returned '0': CMAKE_PREFIX_PATH=${CMAKE_PREFIX_PATH}:/opt/ros/humble /usr/bin/cmake --install /home/robot/Desktop/Session09/Johnny-Answers-Session09/build/cpp_turtle
[28.241s] Level 1:colcon.colcon_core.environment:checking '/home/robot/Desktop/Session09/Johnny-Answers-Session09/install/cpp_turtle' for CMake module files
[28.243s] Level 1:colcon.colcon_core.environment:checking '/home/robot/Desktop/Session09/Johnny-Answers-Session09/install/cpp_turtle' for CMake config files
[28.245s] Level 1:colcon.colcon_core.shell:create_environment_hook('cpp_turtle', 'cmake_prefix_path')
[28.246s] INFO:colcon.colcon_core.shell:Creating environment hook '/home/robot/Desktop/Session09/Johnny-Answers-Session09/install/cpp_turtle/share/cpp_turtle/hook/cmake_prefix_path.ps1'
[28.247s] INFO:colcon.colcon_core.shell:Creating environment descriptor '/home/robot/Desktop/Session09/Johnny-Answers-Session09/install/cpp_turtle/share/cpp_turtle/hook/cmake_prefix_path.dsv'
[28.249s] INFO:colcon.colcon_core.shell:Creating environment hook '/home/robot/Desktop/Session09/Johnny-Answers-Session09/install/cpp_turtle/share/cpp_turtle/hook/cmake_prefix_path.sh'
[28.252s] Level 1:colcon.colcon_core.environment:checking '/home/robot/Desktop/Session09/Johnny-Answers-Session09/install/cpp_turtle/lib'
[28.253s] Level 1:colcon.colcon_core.shell:create_environment_hook('cpp_turtle', 'ld_library_path_lib')
[28.253s] INFO:colcon.colcon_core.shell:Creating environment hook '/home/robot/Desktop/Session09/Johnny-Answers-Session09/install/cpp_turtle/share/cpp_turtle/hook/ld_library_path_lib.ps1'
[28.255s] INFO:colcon.colcon_core.shell:Creating environment descriptor '/home/robot/Desktop/Session09/Johnny-Answers-Session09/install/cpp_turtle/share/cpp_turtle/hook/ld_library_path_lib.dsv'
[28.257s] INFO:colcon.colcon_core.shell:Creating environment hook '/home/robot/Desktop/Session09/Johnny-Answers-Session09/install/cpp_turtle/share/cpp_turtle/hook/ld_library_path_lib.sh'
[28.258s] Level 1:colcon.colcon_core.environment:checking '/home/robot/Desktop/Session09/Johnny-Answers-Session09/install/cpp_turtle/bin'
[28.258s] Level 1:colcon.colcon_core.environment:checking '/home/robot/Desktop/Session09/Johnny-Answers-Session09/install/cpp_turtle/lib/pkgconfig/cpp_turtle.pc'
[28.258s] Level 1:colcon.colcon_core.environment:checking '/home/robot/Desktop/Session09/Johnny-Answers-Session09/install/cpp_turtle/lib/python3.10/site-packages'
[28.259s] Level 1:colcon.colcon_core.environment:checking '/home/robot/Desktop/Session09/Johnny-Answers-Session09/install/cpp_turtle/bin'
[28.259s] INFO:colcon.colcon_core.shell:Creating package script '/home/robot/Desktop/Session09/Johnny-Answers-Session09/install/cpp_turtle/share/cpp_turtle/package.ps1'
[28.261s] INFO:colcon.colcon_core.shell:Creating package descriptor '/home/robot/Desktop/Session09/Johnny-Answers-Session09/install/cpp_turtle/share/cpp_turtle/package.dsv'
[28.262s] INFO:colcon.colcon_core.shell:Creating package script '/home/robot/Desktop/Session09/Johnny-Answers-Session09/install/cpp_turtle/share/cpp_turtle/package.sh'
[28.264s] INFO:colcon.colcon_core.shell:Creating package script '/home/robot/Desktop/Session09/Johnny-Answers-Session09/install/cpp_turtle/share/cpp_turtle/package.bash'
[28.265s] INFO:colcon.colcon_core.shell:Creating package script '/home/robot/Desktop/Session09/Johnny-Answers-Session09/install/cpp_turtle/share/cpp_turtle/package.zsh'
[28.267s] Level 1:colcon.colcon_core.environment:create_file_with_runtime_dependencies(/home/robot/Desktop/Session09/Johnny-Answers-Session09/install/cpp_turtle/share/colcon-core/packages/cpp_turtle)
[28.796s] Level 1:colcon.colcon_core.environment:create_environment_scripts_only(cpp_turtle)
[28.797s] Level 1:colcon.colcon_core.environment:checking '/home/robot/Desktop/Session09/Johnny-Answers-Session09/install/cpp_turtle' for CMake module files
[28.799s] Level 1:colcon.colcon_core.environment:checking '/home/robot/Desktop/Session09/Johnny-Answers-Session09/install/cpp_turtle' for CMake config files
[28.801s] Level 1:colcon.colcon_core.shell:create_environment_hook('cpp_turtle', 'cmake_prefix_path')
[28.802s] INFO:colcon.colcon_core.shell:Creating environment hook '/home/robot/Desktop/Session09/Johnny-Answers-Session09/install/cpp_turtle/share/cpp_turtle/hook/cmake_prefix_path.ps1'
[28.804s] INFO:colcon.colcon_core.shell:Creating environment descriptor '/home/robot/Desktop/Session09/Johnny-Answers-Session09/install/cpp_turtle/share/cpp_turtle/hook/cmake_prefix_path.dsv'
[28.805s] INFO:colcon.colcon_core.shell:Creating environment hook '/home/robot/Desktop/Session09/Johnny-Answers-Session09/install/cpp_turtle/share/cpp_turtle/hook/cmake_prefix_path.sh'
[28.806s] Level 1:colcon.colcon_core.environment:checking '/home/robot/Desktop/Session09/Johnny-Answers-Session09/install/cpp_turtle/lib'
[28.806s] Level 1:colcon.colcon_core.shell:create_environment_hook('cpp_turtle', 'ld_library_path_lib')
[28.807s] INFO:colcon.colcon_core.shell:Creating environment hook '/home/robot/Desktop/Session09/Johnny-Answers-Session09/install/cpp_turtle/share/cpp_turtle/hook/ld_library_path_lib.ps1'
[28.807s] INFO:colcon.colcon_core.shell:Creating environment descriptor '/home/robot/Desktop/Session09/Johnny-Answers-Session09/install/cpp_turtle/share/cpp_turtle/hook/ld_library_path_lib.dsv'
[28.809s] INFO:colcon.colcon_core.shell:Creating environment hook '/home/robot/Desktop/Session09/Johnny-Answers-Session09/install/cpp_turtle/share/cpp_turtle/hook/ld_library_path_lib.sh'
[28.810s] Level 1:colcon.colcon_core.environment:checking '/home/robot/Desktop/Session09/Johnny-Answers-Session09/install/cpp_turtle/bin'
[28.810s] Level 1:colcon.colcon_core.environment:checking '/home/robot/Desktop/Session09/Johnny-Answers-Session09/install/cpp_turtle/lib/pkgconfig/cpp_turtle.pc'
[28.810s] Level 1:colcon.colcon_core.environment:checking '/home/robot/Desktop/Session09/Johnny-Answers-Session09/install/cpp_turtle/lib/python3.10/site-packages'
[28.811s] Level 1:colcon.colcon_core.environment:checking '/home/robot/Desktop/Session09/Johnny-Answers-Session09/install/cpp_turtle/bin'
[28.811s] INFO:colcon.colcon_core.shell:Creating package script '/home/robot/Desktop/Session09/Johnny-Answers-Session09/install/cpp_turtle/share/cpp_turtle/package.ps1'
[28.813s] INFO:colcon.colcon_core.shell:Creating package descriptor '/home/robot/Desktop/Session09/Johnny-Answers-Session09/install/cpp_turtle/share/cpp_turtle/package.dsv'
[28.814s] INFO:colcon.colcon_core.shell:Creating package script '/home/robot/Desktop/Session09/Johnny-Answers-Session09/install/cpp_turtle/share/cpp_turtle/package.sh'
[28.815s] INFO:colcon.colcon_core.shell:Creating package script '/home/robot/Desktop/Session09/Johnny-Answers-Session09/install/cpp_turtle/share/cpp_turtle/package.bash'
[28.816s] INFO:colcon.colcon_core.shell:Creating package script '/home/robot/Desktop/Session09/Johnny-Answers-Session09/install/cpp_turtle/share/cpp_turtle/package.zsh'
[28.818s] Level 1:colcon.colcon_core.environment:create_file_with_runtime_dependencies(/home/robot/Desktop/Session09/Johnny-Answers-Session09/install/cpp_turtle/share/colcon-core/packages/cpp_turtle)
[28.820s] DEBUG:colcon.colcon_parallel_executor.executor.parallel:closing loop
[28.821s] DEBUG:colcon.colcon_parallel_executor.executor.parallel:loop closed
[28.821s] DEBUG:colcon.colcon_parallel_executor.executor.parallel:run_until_complete finished with '0'
[28.821s] DEBUG:colcon.colcon_core.event_reactor:joining thread
[28.833s] INFO:colcon.colcon_core.plugin_system:Skipping extension 'colcon_notification.desktop_notification.terminal_notifier': Not used on non-Darwin systems
[28.833s] INFO:colcon.colcon_core.plugin_system:Skipping extension 'colcon_notification.desktop_notification.win32': Not used on non-Windows systems
[28.833s] INFO:colcon.colcon_notification.desktop_notification:Sending desktop notification using 'notify2'
[28.877s] DEBUG:colcon.colcon_core.event_reactor:joined thread
[28.878s] INFO:colcon.colcon_core.shell:Creating prefix script '/home/robot/Desktop/Session09/Johnny-Answers-Session09/install/local_setup.ps1'
[28.880s] INFO:colcon.colcon_core.shell:Creating prefix util module '/home/robot/Desktop/Session09/Johnny-Answers-Session09/install/_local_setup_util_ps1.py'
[28.886s] INFO:colcon.colcon_core.shell:Creating prefix chain script '/home/robot/Desktop/Session09/Johnny-Answers-Session09/install/setup.ps1'
[28.888s] INFO:colcon.colcon_core.shell:Creating prefix script '/home/robot/Desktop/Session09/Johnny-Answers-Session09/install/local_setup.sh'
[28.890s] INFO:colcon.colcon_core.shell:Creating prefix util module '/home/robot/Desktop/Session09/Johnny-Answers-Session09/install/_local_setup_util_sh.py'
[28.891s] INFO:colcon.colcon_core.shell:Creating prefix chain script '/home/robot/Desktop/Session09/Johnny-Answers-Session09/install/setup.sh'
[28.894s] INFO:colcon.colcon_core.shell:Creating prefix script '/home/robot/Desktop/Session09/Johnny-Answers-Session09/install/local_setup.bash'
[28.895s] INFO:colcon.colcon_core.shell:Creating prefix chain script '/home/robot/Desktop/Session09/Johnny-Answers-Session09/install/setup.bash'
[28.897s] INFO:colcon.colcon_core.shell:Creating prefix script '/home/robot/Desktop/Session09/Johnny-Answers-Session09/install/local_setup.zsh'
[28.899s] INFO:colcon.colcon_core.shell:Creating prefix chain script '/home/robot/Desktop/Session09/Johnny-Answers-Session09/install/setup.zsh'
