[0.027s] Invoking command in '/home/robot/Desktop/Session09/Johnny-Answers-Session09/build/cpp_turtle': CMAKE_PREFIX_PATH=/opt/ros/humble /usr/bin/cmake --build /home/robot/Desktop/Session09/Johnny-Answers-Session09/build/cpp_turtle -- -j6 -l6
[0.083s] -- Found ament_cmake: 1.3.9 (/opt/ros/humble/share/ament_cmake/cmake)
[0.320s] -- Found ament_lint_auto: 0.12.11 (/opt/ros/humble/share/ament_lint_auto/cmake)
[0.450s] -- Found rosidl_default_generators: 1.2.0 (/opt/ros/humble/share/rosidl_default_generators/cmake)
[0.456s] -- Using all available rosidl_typesupport_c: rosidl_typesupport_fastrtps_c;rosidl_typesupport_introspection_c
[0.469s] -- Found rosidl_adapter: 3.1.5 (/opt/ros/humble/share/rosidl_adapter/cmake)
[0.546s] -- Using all available rosidl_typesupport_cpp: rosidl_typesupport_fastrtps_cpp;rosidl_typesupport_introspection_cpp
[1.168s] -- Found ament_cmake_ros: 0.10.0 (/opt/ros/humble/share/ament_cmake_ros/cmake)
[1.560s] -- Using all available rosidl_typesupport_c: rosidl_typesupport_fastrtps_c;rosidl_typesupport_introspection_c
[2.052s] -- Using all available rosidl_typesupport_cpp: rosidl_typesupport_fastrtps_cpp;rosidl_typesupport_introspection_cpp
[2.097s] -- Found PythonInterp: /usr/bin/python3 (found suitable version "3.10.12", minimum required is "3.6") 
[2.099s] -- Found python_cmake_module: 0.10.0 (/opt/ros/humble/share/python_cmake_module/cmake)
[2.151s] -- Found PythonLibs: /usr/lib/x86_64-linux-gnu/libpython3.10.so (found suitable version "3.10.12", minimum required is "3.5") 
[2.151s] -- Using PYTHON_EXECUTABLE: /usr/bin/python3
[2.152s] -- Using PYTHON_INCLUDE_DIRS: /usr/include/python3.10
[2.152s] -- Using PYTHON_LIBRARIES: /usr/lib/x86_64-linux-gnu/libpython3.10.so
[2.196s] -- Found PythonExtra: .so  
[2.280s] -- Added test 'cppcheck' to perform static code analysis on C / C++ code
[2.281s] -- Configured cppcheck include dirs: $<BUILD_INTERFACE:/home/robot/Desktop/Session09/Johnny-Answers-Session09/src/cpp_turtle/include>
[2.281s] -- Configured cppcheck exclude dirs and/or files: 
[2.282s] -- Added test 'lint_cmake' to check CMake code style
[2.285s] -- Added test 'uncrustify' to check C / C++ code style
[2.285s] -- Configured uncrustify additional arguments: 
[2.287s] -- Added test 'xmllint' to check XML markup files
[2.295s] -- Configuring done
[2.383s] -- Generating done
[2.390s] -- Build files have been written to: /home/robot/Desktop/Session09/Johnny-Answers-Session09/build/cpp_turtle
[2.464s] [35m[1mConsolidate compiler generated dependencies of target initNode[0m
[2.469s] [  2%] [34m[1mGenerating C code for ROS interfaces[0m
[2.503s] [  4%] [34m[1mGenerating C++ code for ROS interfaces[0m
[2.521s] [  7%] [32mBuilding CXX object CMakeFiles/initNode.dir/src/initNode.cpp.o[0m
[2.545s] [  7%] Built target ament_cmake_python_copy_cpp_turtle
[2.733s] [  9%] [32m[1mLinking CXX executable initNode[0m
[2.905s] [  9%] Built target initNode
[3.325s] running egg_info
[3.325s] creating cpp_turtle.egg-info
[3.325s] writing cpp_turtle.egg-info/PKG-INFO
[3.326s] writing dependency_links to cpp_turtle.egg-info/dependency_links.txt
[3.326s] writing top-level names to cpp_turtle.egg-info/top_level.txt
[3.326s] writing manifest file 'cpp_turtle.egg-info/SOURCES.txt'
[3.330s] reading manifest file 'cpp_turtle.egg-info/SOURCES.txt'
[3.331s] writing manifest file 'cpp_turtle.egg-info/SOURCES.txt'
[3.408s] [  9%] Built target ament_cmake_python_build_cpp_turtle_egg
[3.548s] [  9%] Built target cpp_turtle__cpp
[3.574s] [ 12%] [34m[1mGenerating C++ type support dispatch for ROS interfaces[0m
[3.583s] [ 14%] [34m[1mGenerating C++ type support for eProsima Fast-RTPS[0m
[3.621s] [ 17%] [32mBuilding C object CMakeFiles/cpp_turtle__rosidl_generator_c.dir/rosidl_generator_c/cpp_turtle/srv/detail/find_wall__functions.c.o[0m
[3.621s] [ 19%] [34m[1mGenerating C++ introspection for ROS interfaces[0m
[3.622s] [ 21%] [32mBuilding C object CMakeFiles/cpp_turtle__rosidl_generator_c.dir/rosidl_generator_c/cpp_turtle/action/detail/measure_lap_time__functions.c.o[0m
[4.010s] [ 24%] [32m[1mLinking C shared library libcpp_turtle__rosidl_generator_c.so[0m
[4.190s] [ 24%] Built target cpp_turtle__rosidl_generator_c
[4.254s] [ 26%] [34m[1mGenerating C type support for eProsima Fast-RTPS[0m
[4.254s] [ 29%] [34m[1mGenerating C introspection for ROS interfaces[0m
[4.308s] [ 31%] [34m[1mGenerating C type support dispatch for ROS interfaces[0m
[4.370s] [ 34%] [32mBuilding CXX object CMakeFiles/cpp_turtle__rosidl_typesupport_cpp.dir/rosidl_typesupport_cpp/cpp_turtle/action/measure_lap_time__type_support.cpp.o[0m
[5.012s] [ 36%] [32mBuilding CXX object CMakeFiles/cpp_turtle__rosidl_typesupport_introspection_cpp.dir/rosidl_typesupport_introspection_cpp/cpp_turtle/action/detail/measure_lap_time__type_support.cpp.o[0m
[5.080s] [ 39%] [32mBuilding CXX object CMakeFiles/cpp_turtle__rosidl_typesupport_fastrtps_cpp.dir/rosidl_typesupport_fastrtps_cpp/cpp_turtle/action/detail/dds_fastrtps/measure_lap_time__type_support.cpp.o[0m
[5.774s] [ 41%] [32mBuilding CXX object CMakeFiles/cpp_turtle__rosidl_typesupport_c.dir/rosidl_typesupport_c/cpp_turtle/action/measure_lap_time__type_support.cpp.o[0m
[5.775s] [ 43%] [32mBuilding C object CMakeFiles/cpp_turtle__rosidl_typesupport_introspection_c.dir/rosidl_typesupport_introspection_c/cpp_turtle/action/detail/measure_lap_time__type_support.c.o[0m
[5.812s] [ 46%] [32mBuilding CXX object CMakeFiles/cpp_turtle__rosidl_typesupport_fastrtps_c.dir/rosidl_typesupport_fastrtps_c/cpp_turtle/action/detail/measure_lap_time__type_support_c.cpp.o[0m
[6.143s] [ 48%] [32mBuilding CXX object CMakeFiles/cpp_turtle__rosidl_typesupport_c.dir/rosidl_typesupport_c/cpp_turtle/srv/find_wall__type_support.cpp.o[0m
[6.368s] [ 51%] [32mBuilding C object CMakeFiles/cpp_turtle__rosidl_typesupport_introspection_c.dir/rosidl_typesupport_introspection_c/cpp_turtle/srv/detail/find_wall__type_support.c.o[0m
[6.603s] [ 53%] [32m[1mLinking CXX shared library libcpp_turtle__rosidl_typesupport_c.so[0m
[6.692s] [ 56%] [32m[1mLinking C shared library libcpp_turtle__rosidl_typesupport_introspection_c.so[0m
[6.732s] [ 58%] [32mBuilding CXX object CMakeFiles/cpp_turtle__rosidl_typesupport_cpp.dir/rosidl_typesupport_cpp/cpp_turtle/srv/find_wall__type_support.cpp.o[0m
[6.842s] [ 58%] Built target cpp_turtle__rosidl_typesupport_introspection_c
[6.919s] [ 58%] Built target cpp_turtle__rosidl_typesupport_c
[6.999s] [ 60%] [32mBuilding CXX object CMakeFiles/cpp_turtle__rosidl_typesupport_fastrtps_cpp.dir/rosidl_typesupport_fastrtps_cpp/cpp_turtle/srv/detail/dds_fastrtps/find_wall__type_support.cpp.o[0m
[7.004s] [ 63%] [32mBuilding CXX object CMakeFiles/cpp_turtle__rosidl_typesupport_fastrtps_c.dir/rosidl_typesupport_fastrtps_c/cpp_turtle/srv/detail/find_wall__type_support_c.cpp.o[0m
[8.473s] [ 65%] [32mBuilding CXX object CMakeFiles/cpp_turtle__rosidl_typesupport_introspection_cpp.dir/rosidl_typesupport_introspection_cpp/cpp_turtle/srv/detail/find_wall__type_support.cpp.o[0m
[8.667s] [ 68%] [32m[1mLinking CXX shared library libcpp_turtle__rosidl_typesupport_cpp.so[0m
[8.865s] [ 68%] Built target cpp_turtle__rosidl_typesupport_cpp
[9.009s] [ 70%] [32m[1mLinking CXX shared library libcpp_turtle__rosidl_typesupport_fastrtps_cpp.so[0m
[9.114s] [ 73%] [32m[1mLinking CXX shared library libcpp_turtle__rosidl_typesupport_fastrtps_c.so[0m
[9.232s] [ 73%] Built target cpp_turtle__rosidl_typesupport_fastrtps_cpp
[9.301s] [ 73%] Built target cpp_turtle__rosidl_typesupport_fastrtps_c
[9.367s] [ 75%] [32m[1mLinking CXX shared library libcpp_turtle__rosidl_typesupport_introspection_cpp.so[0m
[9.531s] [ 75%] Built target cpp_turtle__rosidl_typesupport_introspection_cpp
[9.589s] [ 75%] Built target cpp_turtle
[9.650s] [ 78%] [34m[1mGenerating Python code for ROS interfaces[0m
[11.045s] [ 78%] Built target cpp_turtle__py
[11.105s] [ 80%] [32mBuilding C object CMakeFiles/cpp_turtle__rosidl_generator_py.dir/rosidl_generator_py/cpp_turtle/action/_measure_lap_time_s.c.o[0m
[11.105s] [ 82%] [32mBuilding C object CMakeFiles/cpp_turtle__rosidl_generator_py.dir/rosidl_generator_py/cpp_turtle/srv/_find_wall_s.c.o[0m
[11.402s] [ 85%] [32m[1mLinking C shared library rosidl_generator_py/cpp_turtle/libcpp_turtle__rosidl_generator_py.so[0m
[11.505s] [ 85%] Built target cpp_turtle__rosidl_generator_py
[11.573s] [ 87%] [32mBuilding C object CMakeFiles/cpp_turtle__rosidl_typesupport_c__pyext.dir/rosidl_generator_py/cpp_turtle/_cpp_turtle_s.ep.rosidl_typesupport_c.c.o[0m
[11.574s] [ 90%] [32mBuilding C object CMakeFiles/cpp_turtle__rosidl_typesupport_fastrtps_c__pyext.dir/rosidl_generator_py/cpp_turtle/_cpp_turtle_s.ep.rosidl_typesupport_fastrtps_c.c.o[0m
[11.575s] [ 92%] [32mBuilding C object CMakeFiles/cpp_turtle__rosidl_typesupport_introspection_c__pyext.dir/rosidl_generator_py/cpp_turtle/_cpp_turtle_s.ep.rosidl_typesupport_introspection_c.c.o[0m
[11.861s] [ 95%] [32m[1mLinking C shared library rosidl_generator_py/cpp_turtle/cpp_turtle_s__rosidl_typesupport_fastrtps_c.cpython-310-x86_64-linux-gnu.so[0m
[11.878s] [ 97%] [32m[1mLinking C shared library rosidl_generator_py/cpp_turtle/cpp_turtle_s__rosidl_typesupport_c.cpython-310-x86_64-linux-gnu.so[0m
[11.890s] [100%] [32m[1mLinking C shared library rosidl_generator_py/cpp_turtle/cpp_turtle_s__rosidl_typesupport_introspection_c.cpython-310-x86_64-linux-gnu.so[0m
[11.980s] [100%] Built target cpp_turtle__rosidl_typesupport_fastrtps_c__pyext
[12.008s] [100%] Built target cpp_turtle__rosidl_typesupport_c__pyext
[12.011s] [100%] Built target cpp_turtle__rosidl_typesupport_introspection_c__pyext
[12.037s] Invoked command in '/home/robot/Desktop/Session09/Johnny-Answers-Session09/build/cpp_turtle' returned '0': CMAKE_PREFIX_PATH=/opt/ros/humble /usr/bin/cmake --build /home/robot/Desktop/Session09/Johnny-Answers-Session09/build/cpp_turtle -- -j6 -l6
[12.489s] Invoking command in '/home/robot/Desktop/Session09/Johnny-Answers-Session09/build/cpp_turtle': CMAKE_PREFIX_PATH=/opt/ros/humble /usr/bin/cmake --install /home/robot/Desktop/Session09/Johnny-Answers-Session09/build/cpp_turtle
[12.509s] -- Install configuration: ""
[12.510s] -- Installing: /home/robot/Desktop/Session09/Johnny-Answers-Session09/install/cpp_turtle/lib/cpp_turtle/initNode
[12.511s] -- Installing: /home/robot/Desktop/Session09/Johnny-Answers-Session09/install/cpp_turtle/share/ament_index/resource_index/rosidl_interfaces/cpp_turtle
[12.511s] -- Installing: /home/robot/Desktop/Session09/Johnny-Answers-Session09/install/cpp_turtle/include/cpp_turtle/cpp_turtle
[12.512s] -- Installing: /home/robot/Desktop/Session09/Johnny-Answers-Session09/install/cpp_turtle/include/cpp_turtle/cpp_turtle/msg
[12.512s] -- Installing: /home/robot/Desktop/Session09/Johnny-Answers-Session09/install/cpp_turtle/include/cpp_turtle/cpp_turtle/msg/rosidl_generator_c__visibility_control.h
[12.512s] -- Installing: /home/robot/Desktop/Session09/Johnny-Answers-Session09/install/cpp_turtle/include/cpp_turtle/cpp_turtle/action
[12.512s] -- Installing: /home/robot/Desktop/Session09/Johnny-Answers-Session09/install/cpp_turtle/include/cpp_turtle/cpp_turtle/action/measure_lap_time.h
[12.512s] -- Installing: /home/robot/Desktop/Session09/Johnny-Answers-Session09/install/cpp_turtle/include/cpp_turtle/cpp_turtle/action/detail
[12.513s] -- Installing: /home/robot/Desktop/Session09/Johnny-Answers-Session09/install/cpp_turtle/include/cpp_turtle/cpp_turtle/action/detail/measure_lap_time__functions.h
[12.515s] -- Installing: /home/robot/Desktop/Session09/Johnny-Answers-Session09/install/cpp_turtle/include/cpp_turtle/cpp_turtle/action/detail/measure_lap_time__struct.h
[12.515s] -- Installing: /home/robot/Desktop/Session09/Johnny-Answers-Session09/install/cpp_turtle/include/cpp_turtle/cpp_turtle/action/detail/measure_lap_time__type_support.h
[12.516s] -- Installing: /home/robot/Desktop/Session09/Johnny-Answers-Session09/install/cpp_turtle/include/cpp_turtle/cpp_turtle/action/detail/measure_lap_time__functions.c
[12.517s] -- Installing: /home/robot/Desktop/Session09/Johnny-Answers-Session09/install/cpp_turtle/include/cpp_turtle/cpp_turtle/srv
[12.517s] -- Installing: /home/robot/Desktop/Session09/Johnny-Answers-Session09/install/cpp_turtle/include/cpp_turtle/cpp_turtle/srv/find_wall.h
[12.517s] -- Installing: /home/robot/Desktop/Session09/Johnny-Answers-Session09/install/cpp_turtle/include/cpp_turtle/cpp_turtle/srv/detail
[12.517s] -- Installing: /home/robot/Desktop/Session09/Johnny-Answers-Session09/install/cpp_turtle/include/cpp_turtle/cpp_turtle/srv/detail/find_wall__functions.c
[12.517s] -- Installing: /home/robot/Desktop/Session09/Johnny-Answers-Session09/install/cpp_turtle/include/cpp_turtle/cpp_turtle/srv/detail/find_wall__type_support.h
[12.518s] -- Installing: /home/robot/Desktop/Session09/Johnny-Answers-Session09/install/cpp_turtle/include/cpp_turtle/cpp_turtle/srv/detail/find_wall__functions.h
[12.519s] -- Installing: /home/robot/Desktop/Session09/Johnny-Answers-Session09/install/cpp_turtle/include/cpp_turtle/cpp_turtle/srv/detail/find_wall__struct.h
[12.520s] -- Installing: /home/robot/Desktop/Session09/Johnny-Answers-Session09/install/cpp_turtle/share/cpp_turtle/environment/library_path.sh
[12.520s] -- Installing: /home/robot/Desktop/Session09/Johnny-Answers-Session09/install/cpp_turtle/share/cpp_turtle/environment/library_path.dsv
[12.520s] -- Installing: /home/robot/Desktop/Session09/Johnny-Answers-Session09/install/cpp_turtle/lib/libcpp_turtle__rosidl_generator_c.so
[12.520s] -- Set runtime path of "/home/robot/Desktop/Session09/Johnny-Answers-Session09/install/cpp_turtle/lib/libcpp_turtle__rosidl_generator_c.so" to ""
[12.520s] -- Up-to-date: /home/robot/Desktop/Session09/Johnny-Answers-Session09/install/cpp_turtle/include/cpp_turtle/cpp_turtle
[12.521s] -- Up-to-date: /home/robot/Desktop/Session09/Johnny-Answers-Session09/install/cpp_turtle/include/cpp_turtle/cpp_turtle/msg
[12.521s] -- Installing: /home/robot/Desktop/Session09/Johnny-Answers-Session09/install/cpp_turtle/include/cpp_turtle/cpp_turtle/msg/rosidl_typesupport_fastrtps_c__visibility_control.h
[12.521s] -- Up-to-date: /home/robot/Desktop/Session09/Johnny-Answers-Session09/install/cpp_turtle/include/cpp_turtle/cpp_turtle/action
[12.521s] -- Up-to-date: /home/robot/Desktop/Session09/Johnny-Answers-Session09/install/cpp_turtle/include/cpp_turtle/cpp_turtle/action/detail
[12.522s] -- Installing: /home/robot/Desktop/Session09/Johnny-Answers-Session09/install/cpp_turtle/include/cpp_turtle/cpp_turtle/action/detail/measure_lap_time__rosidl_typesupport_fastrtps_c.h
[12.522s] -- Up-to-date: /home/robot/Desktop/Session09/Johnny-Answers-Session09/install/cpp_turtle/include/cpp_turtle/cpp_turtle/srv
[12.522s] -- Up-to-date: /home/robot/Desktop/Session09/Johnny-Answers-Session09/install/cpp_turtle/include/cpp_turtle/cpp_turtle/srv/detail
[12.522s] -- Installing: /home/robot/Desktop/Session09/Johnny-Answers-Session09/install/cpp_turtle/include/cpp_turtle/cpp_turtle/srv/detail/find_wall__rosidl_typesupport_fastrtps_c.h
[12.522s] -- Installing: /home/robot/Desktop/Session09/Johnny-Answers-Session09/install/cpp_turtle/lib/libcpp_turtle__rosidl_typesupport_fastrtps_c.so
[12.523s] -- Set runtime path of "/home/robot/Desktop/Session09/Johnny-Answers-Session09/install/cpp_turtle/lib/libcpp_turtle__rosidl_typesupport_fastrtps_c.so" to ""
[12.524s] -- Up-to-date: /home/robot/Desktop/Session09/Johnny-Answers-Session09/install/cpp_turtle/include/cpp_turtle/cpp_turtle
[12.524s] -- Up-to-date: /home/robot/Desktop/Session09/Johnny-Answers-Session09/install/cpp_turtle/include/cpp_turtle/cpp_turtle/msg
[12.524s] -- Installing: /home/robot/Desktop/Session09/Johnny-Answers-Session09/install/cpp_turtle/include/cpp_turtle/cpp_turtle/msg/rosidl_typesupport_introspection_c__visibility_control.h
[12.524s] -- Up-to-date: /home/robot/Desktop/Session09/Johnny-Answers-Session09/install/cpp_turtle/include/cpp_turtle/cpp_turtle/action
[12.524s] -- Up-to-date: /home/robot/Desktop/Session09/Johnny-Answers-Session09/install/cpp_turtle/include/cpp_turtle/cpp_turtle/action/detail
[12.524s] -- Installing: /home/robot/Desktop/Session09/Johnny-Answers-Session09/install/cpp_turtle/include/cpp_turtle/cpp_turtle/action/detail/measure_lap_time__type_support.c
[12.525s] -- Installing: /home/robot/Desktop/Session09/Johnny-Answers-Session09/install/cpp_turtle/include/cpp_turtle/cpp_turtle/action/detail/measure_lap_time__rosidl_typesupport_introspection_c.h
[12.525s] -- Up-to-date: /home/robot/Desktop/Session09/Johnny-Answers-Session09/install/cpp_turtle/include/cpp_turtle/cpp_turtle/srv
[12.525s] -- Up-to-date: /home/robot/Desktop/Session09/Johnny-Answers-Session09/install/cpp_turtle/include/cpp_turtle/cpp_turtle/srv/detail
[12.525s] -- Installing: /home/robot/Desktop/Session09/Johnny-Answers-Session09/install/cpp_turtle/include/cpp_turtle/cpp_turtle/srv/detail/find_wall__rosidl_typesupport_introspection_c.h
[12.525s] -- Installing: /home/robot/Desktop/Session09/Johnny-Answers-Session09/install/cpp_turtle/include/cpp_turtle/cpp_turtle/srv/detail/find_wall__type_support.c
[12.526s] -- Installing: /home/robot/Desktop/Session09/Johnny-Answers-Session09/install/cpp_turtle/lib/libcpp_turtle__rosidl_typesupport_introspection_c.so
[12.526s] -- Set runtime path of "/home/robot/Desktop/Session09/Johnny-Answers-Session09/install/cpp_turtle/lib/libcpp_turtle__rosidl_typesupport_introspection_c.so" to ""
[12.526s] -- Installing: /home/robot/Desktop/Session09/Johnny-Answers-Session09/install/cpp_turtle/lib/libcpp_turtle__rosidl_typesupport_c.so
[12.527s] -- Set runtime path of "/home/robot/Desktop/Session09/Johnny-Answers-Session09/install/cpp_turtle/lib/libcpp_turtle__rosidl_typesupport_c.so" to ""
[12.527s] -- Up-to-date: /home/robot/Desktop/Session09/Johnny-Answers-Session09/install/cpp_turtle/include/cpp_turtle/cpp_turtle
[12.527s] -- Up-to-date: /home/robot/Desktop/Session09/Johnny-Answers-Session09/install/cpp_turtle/include/cpp_turtle/cpp_turtle/action
[12.527s] -- Up-to-date: /home/robot/Desktop/Session09/Johnny-Answers-Session09/install/cpp_turtle/include/cpp_turtle/cpp_turtle/action/detail
[12.528s] -- Installing: /home/robot/Desktop/Session09/Johnny-Answers-Session09/install/cpp_turtle/include/cpp_turtle/cpp_turtle/action/detail/measure_lap_time__traits.hpp
[12.528s] -- Installing: /home/robot/Desktop/Session09/Johnny-Answers-Session09/install/cpp_turtle/include/cpp_turtle/cpp_turtle/action/detail/measure_lap_time__builder.hpp
[12.528s] -- Installing: /home/robot/Desktop/Session09/Johnny-Answers-Session09/install/cpp_turtle/include/cpp_turtle/cpp_turtle/action/detail/measure_lap_time__struct.hpp
[12.529s] -- Installing: /home/robot/Desktop/Session09/Johnny-Answers-Session09/install/cpp_turtle/include/cpp_turtle/cpp_turtle/action/measure_lap_time.hpp
[12.529s] -- Up-to-date: /home/robot/Desktop/Session09/Johnny-Answers-Session09/install/cpp_turtle/include/cpp_turtle/cpp_turtle/srv
[12.529s] -- Up-to-date: /home/robot/Desktop/Session09/Johnny-Answers-Session09/install/cpp_turtle/include/cpp_turtle/cpp_turtle/srv/detail
[12.530s] -- Installing: /home/robot/Desktop/Session09/Johnny-Answers-Session09/install/cpp_turtle/include/cpp_turtle/cpp_turtle/srv/detail/find_wall__builder.hpp
[12.530s] -- Installing: /home/robot/Desktop/Session09/Johnny-Answers-Session09/install/cpp_turtle/include/cpp_turtle/cpp_turtle/srv/detail/find_wall__struct.hpp
[12.531s] -- Installing: /home/robot/Desktop/Session09/Johnny-Answers-Session09/install/cpp_turtle/include/cpp_turtle/cpp_turtle/srv/detail/find_wall__traits.hpp
[12.532s] -- Installing: /home/robot/Desktop/Session09/Johnny-Answers-Session09/install/cpp_turtle/include/cpp_turtle/cpp_turtle/srv/find_wall.hpp
[12.532s] -- Up-to-date: /home/robot/Desktop/Session09/Johnny-Answers-Session09/install/cpp_turtle/include/cpp_turtle/cpp_turtle
[12.532s] -- Up-to-date: /home/robot/Desktop/Session09/Johnny-Answers-Session09/install/cpp_turtle/include/cpp_turtle/cpp_turtle/msg
[12.532s] -- Installing: /home/robot/Desktop/Session09/Johnny-Answers-Session09/install/cpp_turtle/include/cpp_turtle/cpp_turtle/msg/rosidl_typesupport_fastrtps_cpp__visibility_control.h
[12.532s] -- Up-to-date: /home/robot/Desktop/Session09/Johnny-Answers-Session09/install/cpp_turtle/include/cpp_turtle/cpp_turtle/action
[12.532s] -- Up-to-date: /home/robot/Desktop/Session09/Johnny-Answers-Session09/install/cpp_turtle/include/cpp_turtle/cpp_turtle/action/detail
[12.532s] -- Installing: /home/robot/Desktop/Session09/Johnny-Answers-Session09/install/cpp_turtle/include/cpp_turtle/cpp_turtle/action/detail/measure_lap_time__rosidl_typesupport_fastrtps_cpp.hpp
[12.533s] -- Installing: /home/robot/Desktop/Session09/Johnny-Answers-Session09/install/cpp_turtle/include/cpp_turtle/cpp_turtle/action/detail/dds_fastrtps
[12.533s] -- Up-to-date: /home/robot/Desktop/Session09/Johnny-Answers-Session09/install/cpp_turtle/include/cpp_turtle/cpp_turtle/srv
[12.534s] -- Up-to-date: /home/robot/Desktop/Session09/Johnny-Answers-Session09/install/cpp_turtle/include/cpp_turtle/cpp_turtle/srv/detail
[12.534s] -- Installing: /home/robot/Desktop/Session09/Johnny-Answers-Session09/install/cpp_turtle/include/cpp_turtle/cpp_turtle/srv/detail/find_wall__rosidl_typesupport_fastrtps_cpp.hpp
[12.535s] -- Installing: /home/robot/Desktop/Session09/Johnny-Answers-Session09/install/cpp_turtle/include/cpp_turtle/cpp_turtle/srv/detail/dds_fastrtps
[12.535s] -- Installing: /home/robot/Desktop/Session09/Johnny-Answers-Session09/install/cpp_turtle/lib/libcpp_turtle__rosidl_typesupport_fastrtps_cpp.so
[12.535s] -- Set runtime path of "/home/robot/Desktop/Session09/Johnny-Answers-Session09/install/cpp_turtle/lib/libcpp_turtle__rosidl_typesupport_fastrtps_cpp.so" to ""
[12.535s] -- Up-to-date: /home/robot/Desktop/Session09/Johnny-Answers-Session09/install/cpp_turtle/include/cpp_turtle/cpp_turtle
[12.535s] -- Up-to-date: /home/robot/Desktop/Session09/Johnny-Answers-Session09/install/cpp_turtle/include/cpp_turtle/cpp_turtle/action
[12.535s] -- Up-to-date: /home/robot/Desktop/Session09/Johnny-Answers-Session09/install/cpp_turtle/include/cpp_turtle/cpp_turtle/action/detail
[12.536s] -- Installing: /home/robot/Desktop/Session09/Johnny-Answers-Session09/install/cpp_turtle/include/cpp_turtle/cpp_turtle/action/detail/measure_lap_time__rosidl_typesupport_introspection_cpp.hpp
[12.537s] -- Installing: /home/robot/Desktop/Session09/Johnny-Answers-Session09/install/cpp_turtle/include/cpp_turtle/cpp_turtle/action/detail/measure_lap_time__type_support.cpp
[12.537s] -- Up-to-date: /home/robot/Desktop/Session09/Johnny-Answers-Session09/install/cpp_turtle/include/cpp_turtle/cpp_turtle/srv
[12.538s] -- Up-to-date: /home/robot/Desktop/Session09/Johnny-Answers-Session09/install/cpp_turtle/include/cpp_turtle/cpp_turtle/srv/detail
[12.538s] -- Installing: /home/robot/Desktop/Session09/Johnny-Answers-Session09/install/cpp_turtle/include/cpp_turtle/cpp_turtle/srv/detail/find_wall__rosidl_typesupport_introspection_cpp.hpp
[12.538s] -- Installing: /home/robot/Desktop/Session09/Johnny-Answers-Session09/install/cpp_turtle/include/cpp_turtle/cpp_turtle/srv/detail/find_wall__type_support.cpp
[12.538s] -- Installing: /home/robot/Desktop/Session09/Johnny-Answers-Session09/install/cpp_turtle/lib/libcpp_turtle__rosidl_typesupport_introspection_cpp.so
[12.538s] -- Set runtime path of "/home/robot/Desktop/Session09/Johnny-Answers-Session09/install/cpp_turtle/lib/libcpp_turtle__rosidl_typesupport_introspection_cpp.so" to ""
[12.539s] -- Installing: /home/robot/Desktop/Session09/Johnny-Answers-Session09/install/cpp_turtle/lib/libcpp_turtle__rosidl_typesupport_cpp.so
[12.539s] -- Set runtime path of "/home/robot/Desktop/Session09/Johnny-Answers-Session09/install/cpp_turtle/lib/libcpp_turtle__rosidl_typesupport_cpp.so" to ""
[12.539s] -- Installing: /home/robot/Desktop/Session09/Johnny-Answers-Session09/install/cpp_turtle/share/cpp_turtle/environment/pythonpath.sh
[12.540s] -- Installing: /home/robot/Desktop/Session09/Johnny-Answers-Session09/install/cpp_turtle/share/cpp_turtle/environment/pythonpath.dsv
[12.540s] -- Installing: /home/robot/Desktop/Session09/Johnny-Answers-Session09/install/cpp_turtle/local/lib/python3.10/dist-packages/cpp_turtle-0.0.0-py3.10.egg-info
[12.540s] -- Installing: /home/robot/Desktop/Session09/Johnny-Answers-Session09/install/cpp_turtle/local/lib/python3.10/dist-packages/cpp_turtle-0.0.0-py3.10.egg-info/SOURCES.txt
[12.541s] -- Installing: /home/robot/Desktop/Session09/Johnny-Answers-Session09/install/cpp_turtle/local/lib/python3.10/dist-packages/cpp_turtle-0.0.0-py3.10.egg-info/PKG-INFO
[12.541s] -- Installing: /home/robot/Desktop/Session09/Johnny-Answers-Session09/install/cpp_turtle/local/lib/python3.10/dist-packages/cpp_turtle-0.0.0-py3.10.egg-info/dependency_links.txt
[12.541s] -- Installing: /home/robot/Desktop/Session09/Johnny-Answers-Session09/install/cpp_turtle/local/lib/python3.10/dist-packages/cpp_turtle-0.0.0-py3.10.egg-info/top_level.txt
[12.542s] -- Installing: /home/robot/Desktop/Session09/Johnny-Answers-Session09/install/cpp_turtle/local/lib/python3.10/dist-packages/cpp_turtle
[12.542s] -- Installing: /home/robot/Desktop/Session09/Johnny-Answers-Session09/install/cpp_turtle/local/lib/python3.10/dist-packages/cpp_turtle/cpp_turtle_s__rosidl_typesupport_introspection_c.cpython-310-x86_64-linux-gnu.so
[12.542s] -- Installing: /home/robot/Desktop/Session09/Johnny-Answers-Session09/install/cpp_turtle/local/lib/python3.10/dist-packages/cpp_turtle/cpp_turtle_s__rosidl_typesupport_c.cpython-310-x86_64-linux-gnu.so
[12.543s] -- Installing: /home/robot/Desktop/Session09/Johnny-Answers-Session09/install/cpp_turtle/local/lib/python3.10/dist-packages/cpp_turtle/cpp_turtle_s__rosidl_typesupport_fastrtps_c.cpython-310-x86_64-linux-gnu.so
[12.543s] -- Installing: /home/robot/Desktop/Session09/Johnny-Answers-Session09/install/cpp_turtle/local/lib/python3.10/dist-packages/cpp_turtle/_cpp_turtle_s.ep.rosidl_typesupport_fastrtps_c.c
[12.544s] -- Installing: /home/robot/Desktop/Session09/Johnny-Answers-Session09/install/cpp_turtle/local/lib/python3.10/dist-packages/cpp_turtle/libcpp_turtle__rosidl_generator_py.so
[12.544s] -- Installing: /home/robot/Desktop/Session09/Johnny-Answers-Session09/install/cpp_turtle/local/lib/python3.10/dist-packages/cpp_turtle/_cpp_turtle_s.ep.rosidl_typesupport_introspection_c.c
[12.545s] -- Installing: /home/robot/Desktop/Session09/Johnny-Answers-Session09/install/cpp_turtle/local/lib/python3.10/dist-packages/cpp_turtle/action
[12.545s] -- Installing: /home/robot/Desktop/Session09/Johnny-Answers-Session09/install/cpp_turtle/local/lib/python3.10/dist-packages/cpp_turtle/action/_measure_lap_time_s.c
[12.549s] -- Installing: /home/robot/Desktop/Session09/Johnny-Answers-Session09/install/cpp_turtle/local/lib/python3.10/dist-packages/cpp_turtle/action/_measure_lap_time.py
[12.549s] -- Installing: /home/robot/Desktop/Session09/Johnny-Answers-Session09/install/cpp_turtle/local/lib/python3.10/dist-packages/cpp_turtle/action/__init__.py
[12.549s] -- Installing: /home/robot/Desktop/Session09/Johnny-Answers-Session09/install/cpp_turtle/local/lib/python3.10/dist-packages/cpp_turtle/__init__.py
[12.550s] -- Installing: /home/robot/Desktop/Session09/Johnny-Answers-Session09/install/cpp_turtle/local/lib/python3.10/dist-packages/cpp_turtle/srv
[12.550s] -- Installing: /home/robot/Desktop/Session09/Johnny-Answers-Session09/install/cpp_turtle/local/lib/python3.10/dist-packages/cpp_turtle/srv/_find_wall.py
[12.551s] -- Installing: /home/robot/Desktop/Session09/Johnny-Answers-Session09/install/cpp_turtle/local/lib/python3.10/dist-packages/cpp_turtle/srv/_find_wall_s.c
[12.551s] -- Installing: /home/robot/Desktop/Session09/Johnny-Answers-Session09/install/cpp_turtle/local/lib/python3.10/dist-packages/cpp_turtle/srv/__init__.py
[12.551s] -- Installing: /home/robot/Desktop/Session09/Johnny-Answers-Session09/install/cpp_turtle/local/lib/python3.10/dist-packages/cpp_turtle/_cpp_turtle_s.ep.rosidl_typesupport_c.c
[12.646s] Listing '/home/robot/Desktop/Session09/Johnny-Answers-Session09/install/cpp_turtle/local/lib/python3.10/dist-packages/cpp_turtle'...
[12.647s] Compiling '/home/robot/Desktop/Session09/Johnny-Answers-Session09/install/cpp_turtle/local/lib/python3.10/dist-packages/cpp_turtle/__init__.py'...
[12.647s] Listing '/home/robot/Desktop/Session09/Johnny-Answers-Session09/install/cpp_turtle/local/lib/python3.10/dist-packages/cpp_turtle/action'...
[12.647s] Compiling '/home/robot/Desktop/Session09/Johnny-Answers-Session09/install/cpp_turtle/local/lib/python3.10/dist-packages/cpp_turtle/action/__init__.py'...
[12.647s] Compiling '/home/robot/Desktop/Session09/Johnny-Answers-Session09/install/cpp_turtle/local/lib/python3.10/dist-packages/cpp_turtle/action/_measure_lap_time.py'...
[12.647s] Listing '/home/robot/Desktop/Session09/Johnny-Answers-Session09/install/cpp_turtle/local/lib/python3.10/dist-packages/cpp_turtle/srv'...
[12.648s] Compiling '/home/robot/Desktop/Session09/Johnny-Answers-Session09/install/cpp_turtle/local/lib/python3.10/dist-packages/cpp_turtle/srv/__init__.py'...
[12.648s] Compiling '/home/robot/Desktop/Session09/Johnny-Answers-Session09/install/cpp_turtle/local/lib/python3.10/dist-packages/cpp_turtle/srv/_find_wall.py'...
[12.656s] -- Installing: /home/robot/Desktop/Session09/Johnny-Answers-Session09/install/cpp_turtle/local/lib/python3.10/dist-packages/cpp_turtle/cpp_turtle_s__rosidl_typesupport_fastrtps_c.cpython-310-x86_64-linux-gnu.so
[12.657s] -- Set runtime path of "/home/robot/Desktop/Session09/Johnny-Answers-Session09/install/cpp_turtle/local/lib/python3.10/dist-packages/cpp_turtle/cpp_turtle_s__rosidl_typesupport_fastrtps_c.cpython-310-x86_64-linux-gnu.so" to ""
[12.659s] -- Installing: /home/robot/Desktop/Session09/Johnny-Answers-Session09/install/cpp_turtle/local/lib/python3.10/dist-packages/cpp_turtle/cpp_turtle_s__rosidl_typesupport_introspection_c.cpython-310-x86_64-linux-gnu.so
[12.660s] -- Set runtime path of "/home/robot/Desktop/Session09/Johnny-Answers-Session09/install/cpp_turtle/local/lib/python3.10/dist-packages/cpp_turtle/cpp_turtle_s__rosidl_typesupport_introspection_c.cpython-310-x86_64-linux-gnu.so" to ""
[12.661s] -- Installing: /home/robot/Desktop/Session09/Johnny-Answers-Session09/install/cpp_turtle/local/lib/python3.10/dist-packages/cpp_turtle/cpp_turtle_s__rosidl_typesupport_c.cpython-310-x86_64-linux-gnu.so
[12.662s] -- Set runtime path of "/home/robot/Desktop/Session09/Johnny-Answers-Session09/install/cpp_turtle/local/lib/python3.10/dist-packages/cpp_turtle/cpp_turtle_s__rosidl_typesupport_c.cpython-310-x86_64-linux-gnu.so" to ""
[12.662s] -- Installing: /home/robot/Desktop/Session09/Johnny-Answers-Session09/install/cpp_turtle/lib/libcpp_turtle__rosidl_generator_py.so
[12.664s] -- Set runtime path of "/home/robot/Desktop/Session09/Johnny-Answers-Session09/install/cpp_turtle/lib/libcpp_turtle__rosidl_generator_py.so" to ""
[12.664s] -- Installing: /home/robot/Desktop/Session09/Johnny-Answers-Session09/install/cpp_turtle/share/cpp_turtle/action/MeasureLapTime.idl
[12.665s] -- Installing: /home/robot/Desktop/Session09/Johnny-Answers-Session09/install/cpp_turtle/share/cpp_turtle/srv/FindWall.idl
[12.665s] -- Installing: /home/robot/Desktop/Session09/Johnny-Answers-Session09/install/cpp_turtle/share/cpp_turtle/action/MeasureLapTime.action
[12.666s] -- Installing: /home/robot/Desktop/Session09/Johnny-Answers-Session09/install/cpp_turtle/share/cpp_turtle/srv/FindWall.srv
[12.666s] -- Installing: /home/robot/Desktop/Session09/Johnny-Answers-Session09/install/cpp_turtle/share/cpp_turtle/srv/FindWall_Request.msg
[12.666s] -- Installing: /home/robot/Desktop/Session09/Johnny-Answers-Session09/install/cpp_turtle/share/cpp_turtle/srv/FindWall_Response.msg
[12.669s] -- Installing: /home/robot/Desktop/Session09/Johnny-Answers-Session09/install/cpp_turtle/share/ament_index/resource_index/package_run_dependencies/cpp_turtle
[12.670s] -- Up-to-date: /home/robot/Desktop/Session09/Johnny-Answers-Session09/install/cpp_turtle/share/ament_index/resource_index/parent_prefix_path/cpp_turtle
[12.670s] -- Up-to-date: /home/robot/Desktop/Session09/Johnny-Answers-Session09/install/cpp_turtle/share/cpp_turtle/environment/ament_prefix_path.sh
[12.670s] -- Installing: /home/robot/Desktop/Session09/Johnny-Answers-Session09/install/cpp_turtle/share/cpp_turtle/environment/ament_prefix_path.dsv
[12.670s] -- Up-to-date: /home/robot/Desktop/Session09/Johnny-Answers-Session09/install/cpp_turtle/share/cpp_turtle/environment/path.sh
[12.671s] -- Installing: /home/robot/Desktop/Session09/Johnny-Answers-Session09/install/cpp_turtle/share/cpp_turtle/environment/path.dsv
[12.671s] -- Up-to-date: /home/robot/Desktop/Session09/Johnny-Answers-Session09/install/cpp_turtle/share/cpp_turtle/local_setup.bash
[12.672s] -- Installing: /home/robot/Desktop/Session09/Johnny-Answers-Session09/install/cpp_turtle/share/cpp_turtle/local_setup.sh
[12.672s] -- Up-to-date: /home/robot/Desktop/Session09/Johnny-Answers-Session09/install/cpp_turtle/share/cpp_turtle/local_setup.zsh
[12.672s] -- Installing: /home/robot/Desktop/Session09/Johnny-Answers-Session09/install/cpp_turtle/share/cpp_turtle/local_setup.dsv
[12.672s] -- Installing: /home/robot/Desktop/Session09/Johnny-Answers-Session09/install/cpp_turtle/share/cpp_turtle/package.dsv
[12.672s] -- Up-to-date: /home/robot/Desktop/Session09/Johnny-Answers-Session09/install/cpp_turtle/share/ament_index/resource_index/packages/cpp_turtle
[12.673s] -- Installing: /home/robot/Desktop/Session09/Johnny-Answers-Session09/install/cpp_turtle/share/cpp_turtle/cmake/export_cpp_turtle__rosidl_generator_cExport.cmake
[12.673s] -- Installing: /home/robot/Desktop/Session09/Johnny-Answers-Session09/install/cpp_turtle/share/cpp_turtle/cmake/export_cpp_turtle__rosidl_generator_cExport-noconfig.cmake
[12.673s] -- Installing: /home/robot/Desktop/Session09/Johnny-Answers-Session09/install/cpp_turtle/share/cpp_turtle/cmake/export_cpp_turtle__rosidl_typesupport_fastrtps_cExport.cmake
[12.674s] -- Installing: /home/robot/Desktop/Session09/Johnny-Answers-Session09/install/cpp_turtle/share/cpp_turtle/cmake/export_cpp_turtle__rosidl_typesupport_fastrtps_cExport-noconfig.cmake
[12.674s] -- Installing: /home/robot/Desktop/Session09/Johnny-Answers-Session09/install/cpp_turtle/share/cpp_turtle/cmake/cpp_turtle__rosidl_typesupport_introspection_cExport.cmake
[12.675s] -- Installing: /home/robot/Desktop/Session09/Johnny-Answers-Session09/install/cpp_turtle/share/cpp_turtle/cmake/cpp_turtle__rosidl_typesupport_introspection_cExport-noconfig.cmake
[12.675s] -- Installing: /home/robot/Desktop/Session09/Johnny-Answers-Session09/install/cpp_turtle/share/cpp_turtle/cmake/cpp_turtle__rosidl_typesupport_cExport.cmake
[12.677s] -- Installing: /home/robot/Desktop/Session09/Johnny-Answers-Session09/install/cpp_turtle/share/cpp_turtle/cmake/cpp_turtle__rosidl_typesupport_cExport-noconfig.cmake
[12.677s] -- Installing: /home/robot/Desktop/Session09/Johnny-Answers-Session09/install/cpp_turtle/share/cpp_turtle/cmake/export_cpp_turtle__rosidl_generator_cppExport.cmake
[12.677s] -- Installing: /home/robot/Desktop/Session09/Johnny-Answers-Session09/install/cpp_turtle/share/cpp_turtle/cmake/export_cpp_turtle__rosidl_typesupport_fastrtps_cppExport.cmake
[12.677s] -- Installing: /home/robot/Desktop/Session09/Johnny-Answers-Session09/install/cpp_turtle/share/cpp_turtle/cmake/export_cpp_turtle__rosidl_typesupport_fastrtps_cppExport-noconfig.cmake
[12.678s] -- Installing: /home/robot/Desktop/Session09/Johnny-Answers-Session09/install/cpp_turtle/share/cpp_turtle/cmake/cpp_turtle__rosidl_typesupport_introspection_cppExport.cmake
[12.679s] -- Installing: /home/robot/Desktop/Session09/Johnny-Answers-Session09/install/cpp_turtle/share/cpp_turtle/cmake/cpp_turtle__rosidl_typesupport_introspection_cppExport-noconfig.cmake
[12.679s] -- Installing: /home/robot/Desktop/Session09/Johnny-Answers-Session09/install/cpp_turtle/share/cpp_turtle/cmake/cpp_turtle__rosidl_typesupport_cppExport.cmake
[12.679s] -- Installing: /home/robot/Desktop/Session09/Johnny-Answers-Session09/install/cpp_turtle/share/cpp_turtle/cmake/cpp_turtle__rosidl_typesupport_cppExport-noconfig.cmake
[12.679s] -- Installing: /home/robot/Desktop/Session09/Johnny-Answers-Session09/install/cpp_turtle/share/cpp_turtle/cmake/export_cpp_turtle__rosidl_generator_pyExport.cmake
[12.679s] -- Installing: /home/robot/Desktop/Session09/Johnny-Answers-Session09/install/cpp_turtle/share/cpp_turtle/cmake/export_cpp_turtle__rosidl_generator_pyExport-noconfig.cmake
[12.681s] -- Installing: /home/robot/Desktop/Session09/Johnny-Answers-Session09/install/cpp_turtle/share/cpp_turtle/cmake/rosidl_cmake-extras.cmake
[12.681s] -- Installing: /home/robot/Desktop/Session09/Johnny-Answers-Session09/install/cpp_turtle/share/cpp_turtle/cmake/ament_cmake_export_dependencies-extras.cmake
[12.681s] -- Installing: /home/robot/Desktop/Session09/Johnny-Answers-Session09/install/cpp_turtle/share/cpp_turtle/cmake/ament_cmake_export_include_directories-extras.cmake
[12.682s] -- Installing: /home/robot/Desktop/Session09/Johnny-Answers-Session09/install/cpp_turtle/share/cpp_turtle/cmake/ament_cmake_export_libraries-extras.cmake
[12.682s] -- Installing: /home/robot/Desktop/Session09/Johnny-Answers-Session09/install/cpp_turtle/share/cpp_turtle/cmake/ament_cmake_export_targets-extras.cmake
[12.683s] -- Installing: /home/robot/Desktop/Session09/Johnny-Answers-Session09/install/cpp_turtle/share/cpp_turtle/cmake/rosidl_cmake_export_typesupport_targets-extras.cmake
[12.683s] -- Installing: /home/robot/Desktop/Session09/Johnny-Answers-Session09/install/cpp_turtle/share/cpp_turtle/cmake/rosidl_cmake_export_typesupport_libraries-extras.cmake
[12.683s] -- Installing: /home/robot/Desktop/Session09/Johnny-Answers-Session09/install/cpp_turtle/share/cpp_turtle/cmake/cpp_turtleConfig.cmake
[12.684s] -- Up-to-date: /home/robot/Desktop/Session09/Johnny-Answers-Session09/install/cpp_turtle/share/cpp_turtle/cmake/cpp_turtleConfig-version.cmake
[12.684s] -- Installing: /home/robot/Desktop/Session09/Johnny-Answers-Session09/install/cpp_turtle/share/cpp_turtle/package.xml
[12.688s] Invoked command in '/home/robot/Desktop/Session09/Johnny-Answers-Session09/build/cpp_turtle' returned '0': CMAKE_PREFIX_PATH=/opt/ros/humble /usr/bin/cmake --install /home/robot/Desktop/Session09/Johnny-Answers-Session09/build/cpp_turtle
