[0.026s] Invoking command in '/home/robot/Desktop/Session09/Johnny-Answers-Session09/build/cpp_turtle': CMAKE_PREFIX_PATH=/opt/ros/humble /usr/bin/cmake --build /home/robot/Desktop/Session09/Johnny-Answers-Session09/build/cpp_turtle -- -j6 -l6
[0.102s] -- Found ament_cmake: 1.3.9 (/opt/ros/humble/share/ament_cmake/cmake)
[0.356s] -- Found ament_lint_auto: 0.12.11 (/opt/ros/humble/share/ament_lint_auto/cmake)
[0.488s] -- Found rosidl_default_generators: 1.2.0 (/opt/ros/humble/share/rosidl_default_generators/cmake)
[0.491s] -- Using all available rosidl_typesupport_c: rosidl_typesupport_fastrtps_c;rosidl_typesupport_introspection_c
[0.498s] -- Found rosidl_adapter: 3.1.5 (/opt/ros/humble/share/rosidl_adapter/cmake)
[0.560s] -- Using all available rosidl_typesupport_cpp: rosidl_typesupport_fastrtps_cpp;rosidl_typesupport_introspection_cpp
[1.163s] -- Found ament_cmake_ros: 0.10.0 (/opt/ros/humble/share/ament_cmake_ros/cmake)
[1.555s] -- Using all available rosidl_typesupport_c: rosidl_typesupport_fastrtps_c;rosidl_typesupport_introspection_c
[2.063s] -- Using all available rosidl_typesupport_cpp: rosidl_typesupport_fastrtps_cpp;rosidl_typesupport_introspection_cpp
[2.110s] -- Found python_cmake_module: 0.10.0 (/opt/ros/humble/share/python_cmake_module/cmake)
[2.157s] -- Using PYTHON_EXECUTABLE: /usr/bin/python3
[2.157s] -- Using PYTHON_INCLUDE_DIRS: /usr/include/python3.10
[2.158s] -- Using PYTHON_LIBRARIES: /usr/lib/x86_64-linux-gnu/libpython3.10.so
[2.194s] -- Found rclcpp: 16.0.9 (/opt/ros/humble/share/rclcpp/cmake)
[2.293s] -- Found rmw_implementation_cmake: 6.1.2 (/opt/ros/humble/share/rmw_implementation_cmake/cmake)
[2.297s] -- Found rmw_fastrtps_cpp: 6.2.6 (/opt/ros/humble/share/rmw_fastrtps_cpp/cmake)
[2.544s] -- Using RMW implementation 'rmw_fastrtps_cpp' as default
[2.883s] -- Found rclcpp_action: 16.0.9 (/opt/ros/humble/share/rclcpp_action/cmake)
[2.955s] -- Found geometry_msgs: 4.2.4 (/opt/ros/humble/share/geometry_msgs/cmake)
[3.044s] -- Found sensor_msgs: 4.2.4 (/opt/ros/humble/share/sensor_msgs/cmake)
[3.230s] -- Found nav_msgs: 4.2.4 (/opt/ros/humble/share/nav_msgs/cmake)
[3.446s] -- Added test 'cppcheck' to perform static code analysis on C / C++ code
[3.464s] -- Configured cppcheck include dirs: /home/robot/Desktop/Session09/Johnny-Answers-Session09/src/cpp_turtle/include;$<BUILD_INTERFACE:/home/robot/Desktop/Session09/Johnny-Answers-Session09/src/cpp_turtle/include>
[3.465s] -- Configured cppcheck exclude dirs and/or files: 
[3.465s] -- Added test 'flake8' to check Python code syntax and style conventions
[3.466s] -- Added test 'lint_cmake' to check CMake code style
[3.467s] -- Added test 'pep257' to check Python code against some of the docstring style conventions in PEP 257
[3.471s] -- Added test 'uncrustify' to check C / C++ code style
[3.471s] -- Configured uncrustify additional arguments: 
[3.471s] -- Added test 'xmllint' to check XML markup files
[3.480s] [31mCMake Error at /opt/ros/humble/share/ament_cmake_core/cmake/environment_hooks/ament_environment_hooks.cmake:29 (message):
[3.480s]   ament_environment_hooks() must be called before
[3.480s]   ament_generate_package_environment() (which is invoked by ament_package())
[3.481s] Call Stack (most recent call first):
[3.481s]   /opt/ros/humble/share/ament_cmake_core/cmake/environment_hooks/ament_cmake_environment_hooks_package_hook.cmake:20 (ament_environment_hooks)
[3.481s]   /opt/ros/humble/share/ament_cmake_core/cmake/core/ament_execute_extensions.cmake:48 (include)
[3.481s]   /opt/ros/humble/share/ament_cmake_core/cmake/core/ament_package.cmake:66 (ament_execute_extensions)
[3.481s]   CMakeLists.txt:106 (ament_package)
[3.482s] 
[3.482s] [0m
[3.482s] -- Configuring incomplete, errors occurred!
[3.482s] See also "/home/robot/Desktop/Session09/Johnny-Answers-Session09/build/cpp_turtle/CMakeFiles/CMakeOutput.log".
[3.497s] gmake: *** [Makefile:1127: cmake_check_build_system] Error 1
[3.505s] Invoked command in '/home/robot/Desktop/Session09/Johnny-Answers-Session09/build/cpp_turtle' returned '2': CMAKE_PREFIX_PATH=/opt/ros/humble /usr/bin/cmake --build /home/robot/Desktop/Session09/Johnny-Answers-Session09/build/cpp_turtle -- -j6 -l6
