[0.223s] DEBUG:colcon:Command line arguments: ['/usr/bin/colcon', 'build']
[0.223s] DEBUG:colcon:Parsed command line arguments: Namespace(log_base=None, log_level=None, verb_name='build', build_base='build', install_base='install', merge_install=False, symlink_install=False, test_result_base=None, continue_on_error=False, executor='parallel', parallel_workers=6, event_handlers=None, ignore_user_meta=False, metas=['./colcon.meta'], base_paths=['.'], packages_ignore=None, packages_ignore_regex=None, paths=None, packages_up_to=None, packages_up_to_regex=None, packages_above=None, packages_above_and_dependencies=None, packages_above_depth=None, packages_select_by_dep=None, packages_skip_by_dep=None, packages_skip_up_to=None, packages_select_build_failed=False, packages_skip_build_finished=False, packages_select_test_failures=False, packages_skip_test_passed=False, packages_select=None, packages_skip=None, packages_select_regex=None, packages_skip_regex=None, packages_start=None, packages_end=None, allow_overriding=[], cmake_args=None, cmake_target=None, cmake_target_skip_unavailable=False, cmake_clean_cache=False, cmake_clean_first=False, cmake_force_configure=False, ament_cmake_args=None, catkin_cmake_args=None, catkin_skip_building_tests=False, verb_parser=<colcon_defaults.argument_parser.defaults.DefaultArgumentsDecorator object at 0x779966b54a00>, verb_extension=<colcon_core.verb.build.BuildVerb object at 0x779966b54220>, main=<bound method BuildVerb.main of <colcon_core.verb.build.BuildVerb object at 0x779966b54220>>)
[0.579s] Level 1:colcon.colcon_core.package_discovery:discover_packages(colcon_meta) check parameters
[0.579s] Level 1:colcon.colcon_core.package_discovery:discover_packages(recursive) check parameters
[0.579s] Level 1:colcon.colcon_core.package_discovery:discover_packages(ignore) check parameters
[0.579s] Level 1:colcon.colcon_core.package_discovery:discover_packages(path) check parameters
[0.579s] Level 1:colcon.colcon_core.package_discovery:discover_packages(colcon_meta) discover
[0.579s] Level 1:colcon.colcon_core.package_discovery:discover_packages(recursive) discover
[0.580s] INFO:colcon.colcon_core.package_discovery:Crawling recursively for packages in '/home/robot/Desktop/Session09/Johnny-Answers-Session09'
[0.580s] Level 1:colcon.colcon_core.package_identification:_identify(.) by extensions ['ignore', 'ignore_ament_install']
[0.580s] Level 1:colcon.colcon_core.package_identification:_identify(.) by extension 'ignore'
[0.580s] Level 1:colcon.colcon_core.package_identification:_identify(.) by extension 'ignore_ament_install'
[0.580s] Level 1:colcon.colcon_core.package_identification:_identify(.) by extensions ['colcon_pkg']
[0.581s] Level 1:colcon.colcon_core.package_identification:_identify(.) by extension 'colcon_pkg'
[0.581s] Level 1:colcon.colcon_core.package_identification:_identify(.) by extensions ['colcon_meta']
[0.581s] Level 1:colcon.colcon_core.package_identification:_identify(.) by extension 'colcon_meta'
[0.581s] Level 1:colcon.colcon_core.package_identification:_identify(.) by extensions ['ros']
[0.581s] Level 1:colcon.colcon_core.package_identification:_identify(.) by extension 'ros'
[0.604s] Level 1:colcon.colcon_core.package_identification:_identify(.) by extensions ['cmake', 'python']
[0.604s] Level 1:colcon.colcon_core.package_identification:_identify(.) by extension 'cmake'
[0.604s] Level 1:colcon.colcon_core.package_identification:_identify(.) by extension 'python'
[0.604s] Level 1:colcon.colcon_core.package_identification:_identify(.) by extensions ['python_setup_py']
[0.605s] Level 1:colcon.colcon_core.package_identification:_identify(.) by extension 'python_setup_py'
[0.605s] Level 1:colcon.colcon_core.package_identification:_identify(build) by extensions ['ignore', 'ignore_ament_install']
[0.605s] Level 1:colcon.colcon_core.package_identification:_identify(build) by extension 'ignore'
[0.605s] Level 1:colcon.colcon_core.package_identification:_identify(build) ignored
[0.605s] Level 1:colcon.colcon_core.package_identification:_identify(install) by extensions ['ignore', 'ignore_ament_install']
[0.606s] Level 1:colcon.colcon_core.package_identification:_identify(install) by extension 'ignore'
[0.606s] Level 1:colcon.colcon_core.package_identification:_identify(install) ignored
[0.606s] Level 1:colcon.colcon_core.package_identification:_identify(log) by extensions ['ignore', 'ignore_ament_install']
[0.606s] Level 1:colcon.colcon_core.package_identification:_identify(log) by extension 'ignore'
[0.606s] Level 1:colcon.colcon_core.package_identification:_identify(log) ignored
[0.607s] Level 1:colcon.colcon_core.package_identification:_identify(src) by extensions ['ignore', 'ignore_ament_install']
[0.607s] Level 1:colcon.colcon_core.package_identification:_identify(src) by extension 'ignore'
[0.607s] Level 1:colcon.colcon_core.package_identification:_identify(src) by extension 'ignore_ament_install'
[0.607s] Level 1:colcon.colcon_core.package_identification:_identify(src) by extensions ['colcon_pkg']
[0.607s] Level 1:colcon.colcon_core.package_identification:_identify(src) by extension 'colcon_pkg'
[0.607s] Level 1:colcon.colcon_core.package_identification:_identify(src) by extensions ['colcon_meta']
[0.607s] Level 1:colcon.colcon_core.package_identification:_identify(src) by extension 'colcon_meta'
[0.607s] Level 1:colcon.colcon_core.package_identification:_identify(src) by extensions ['ros']
[0.608s] Level 1:colcon.colcon_core.package_identification:_identify(src) by extension 'ros'
[0.608s] Level 1:colcon.colcon_core.package_identification:_identify(src) by extensions ['cmake', 'python']
[0.608s] Level 1:colcon.colcon_core.package_identification:_identify(src) by extension 'cmake'
[0.608s] Level 1:colcon.colcon_core.package_identification:_identify(src) by extension 'python'
[0.608s] Level 1:colcon.colcon_core.package_identification:_identify(src) by extensions ['python_setup_py']
[0.608s] Level 1:colcon.colcon_core.package_identification:_identify(src) by extension 'python_setup_py'
[0.608s] Level 1:colcon.colcon_core.package_identification:_identify(src/cpp_turtle) by extensions ['ignore', 'ignore_ament_install']
[0.609s] Level 1:colcon.colcon_core.package_identification:_identify(src/cpp_turtle) by extension 'ignore'
[0.609s] Level 1:colcon.colcon_core.package_identification:_identify(src/cpp_turtle) by extension 'ignore_ament_install'
[0.609s] Level 1:colcon.colcon_core.package_identification:_identify(src/cpp_turtle) by extensions ['colcon_pkg']
[0.609s] Level 1:colcon.colcon_core.package_identification:_identify(src/cpp_turtle) by extension 'colcon_pkg'
[0.609s] Level 1:colcon.colcon_core.package_identification:_identify(src/cpp_turtle) by extensions ['colcon_meta']
[0.609s] Level 1:colcon.colcon_core.package_identification:_identify(src/cpp_turtle) by extension 'colcon_meta'
[0.609s] Level 1:colcon.colcon_core.package_identification:_identify(src/cpp_turtle) by extensions ['ros']
[0.609s] Level 1:colcon.colcon_core.package_identification:_identify(src/cpp_turtle) by extension 'ros'
[0.614s] DEBUG:colcon.colcon_core.package_identification:Package 'src/cpp_turtle' with type 'ros.ament_cmake' and name 'cpp_turtle'
[0.614s] Level 1:colcon.colcon_core.package_discovery:discover_packages(recursive) using defaults
[0.614s] Level 1:colcon.colcon_core.package_discovery:discover_packages(ignore) discover
[0.614s] Level 1:colcon.colcon_core.package_discovery:discover_packages(ignore) using defaults
[0.614s] Level 1:colcon.colcon_core.package_discovery:discover_packages(path) discover
[0.614s] Level 1:colcon.colcon_core.package_discovery:discover_packages(path) using defaults
[0.651s] Level 1:colcon.colcon_core.package_discovery:discover_packages(prefix_path) check parameters
[0.651s] Level 1:colcon.colcon_core.package_discovery:discover_packages(prefix_path) discover
[0.656s] DEBUG:colcon.colcon_installed_package_information.package_discovery:Found 1 installed packages in /home/robot/Desktop/Session09/Johnny-Answers-Session09/install
[0.661s] DEBUG:colcon.colcon_installed_package_information.package_discovery:Found 384 installed packages in /opt/ros/humble
[0.665s] Level 1:colcon.colcon_core.package_discovery:discover_packages(prefix_path) using defaults
[0.785s] Level 5:colcon.colcon_core.verb:set package 'cpp_turtle' build argument 'cmake_args' from command line to 'None'
[0.786s] Level 5:colcon.colcon_core.verb:set package 'cpp_turtle' build argument 'cmake_target' from command line to 'None'
[0.786s] Level 5:colcon.colcon_core.verb:set package 'cpp_turtle' build argument 'cmake_target_skip_unavailable' from command line to 'False'
[0.786s] Level 5:colcon.colcon_core.verb:set package 'cpp_turtle' build argument 'cmake_clean_cache' from command line to 'False'
[0.786s] Level 5:colcon.colcon_core.verb:set package 'cpp_turtle' build argument 'cmake_clean_first' from command line to 'False'
[0.786s] Level 5:colcon.colcon_core.verb:set package 'cpp_turtle' build argument 'cmake_force_configure' from command line to 'False'
[0.786s] Level 5:colcon.colcon_core.verb:set package 'cpp_turtle' build argument 'ament_cmake_args' from command line to 'None'
[0.786s] Level 5:colcon.colcon_core.verb:set package 'cpp_turtle' build argument 'catkin_cmake_args' from command line to 'None'
[0.786s] Level 5:colcon.colcon_core.verb:set package 'cpp_turtle' build argument 'catkin_skip_building_tests' from command line to 'False'
[0.786s] DEBUG:colcon.colcon_core.verb:Building package 'cpp_turtle' with the following arguments: {'ament_cmake_args': None, 'build_base': '/home/robot/Desktop/Session09/Johnny-Answers-Session09/build/cpp_turtle', 'catkin_cmake_args': None, 'catkin_skip_building_tests': False, 'cmake_args': None, 'cmake_clean_cache': False, 'cmake_clean_first': False, 'cmake_force_configure': False, 'cmake_target': None, 'cmake_target_skip_unavailable': False, 'install_base': '/home/robot/Desktop/Session09/Johnny-Answers-Session09/install/cpp_turtle', 'merge_install': False, 'path': '/home/robot/Desktop/Session09/Johnny-Answers-Session09/src/cpp_turtle', 'symlink_install': False, 'test_result_base': None}
[0.786s] INFO:colcon.colcon_core.executor:Executing jobs using 'parallel' executor
[0.788s] DEBUG:colcon.colcon_parallel_executor.executor.parallel:run_until_complete
[0.789s] INFO:colcon.colcon_ros.task.ament_cmake.build:Building ROS package in '/home/robot/Desktop/Session09/Johnny-Answers-Session09/src/cpp_turtle' with build type 'ament_cmake'
[0.789s] INFO:colcon.colcon_cmake.task.cmake.build:Building CMake package in '/home/robot/Desktop/Session09/Johnny-Answers-Session09/src/cpp_turtle'
[0.794s] INFO:colcon.colcon_core.plugin_system:Skipping extension 'colcon_core.shell.bat': Not used on non-Windows systems
[0.795s] INFO:colcon.colcon_core.shell:Skip shell extension 'powershell' for command environment: Not usable outside of PowerShell
[0.795s] DEBUG:colcon.colcon_core.shell:Skip shell extension 'dsv' for command environment
[0.826s] DEBUG:colcon.colcon_core.event_handler.log_command:Invoking command in '/home/robot/Desktop/Session09/Johnny-Answers-Session09/build/cpp_turtle': CMAKE_PREFIX_PATH=${CMAKE_PREFIX_PATH}:/opt/ros/humble /usr/bin/cmake --build /home/robot/Desktop/Session09/Johnny-Answers-Session09/build/cpp_turtle -- -j6 -l6
[27.280s] DEBUG:colcon.colcon_core.event_handler.log_command:Invoked command in '/home/robot/Desktop/Session09/Johnny-Answers-Session09/build/cpp_turtle' returned '0': CMAKE_PREFIX_PATH=${CMAKE_PREFIX_PATH}:/opt/ros/humble /usr/bin/cmake --build /home/robot/Desktop/Session09/Johnny-Answers-Session09/build/cpp_turtle -- -j6 -l6
[27.947s] DEBUG:colcon.colcon_core.event_handler.log_command:Invoking command in '/home/robot/Desktop/Session09/Johnny-Answers-Session09/build/cpp_turtle': CMAKE_PREFIX_PATH=${CMAKE_PREFIX_PATH}:/opt/ros/humble /usr/bin/cmake --install /home/robot/Desktop/Session09/Johnny-Answers-Session09/build/cpp_turtle
[28.149s] Level 1:colcon.colcon_core.environment:create_environment_scripts_only(cpp_turtle)
[28.154s] Level 1:colcon.colcon_core.environment:checking '/home/robot/Desktop/Session09/Johnny-Answers-Session09/install/cpp_turtle' for CMake module files
[28.156s] Level 1:colcon.colcon_core.environment:checking '/home/robot/Desktop/Session09/Johnny-Answers-Session09/install/cpp_turtle' for CMake config files
[28.158s] Level 1:colcon.colcon_core.shell:create_environment_hook('cpp_turtle', 'cmake_prefix_path')
[28.159s] INFO:colcon.colcon_core.shell:Creating environment hook '/home/robot/Desktop/Session09/Johnny-Answers-Session09/install/cpp_turtle/share/cpp_turtle/hook/cmake_prefix_path.ps1'
[28.161s] INFO:colcon.colcon_core.shell:Creating environment descriptor '/home/robot/Desktop/Session09/Johnny-Answers-Session09/install/cpp_turtle/share/cpp_turtle/hook/cmake_prefix_path.dsv'
[28.162s] INFO:colcon.colcon_core.shell:Creating environment hook '/home/robot/Desktop/Session09/Johnny-Answers-Session09/install/cpp_turtle/share/cpp_turtle/hook/cmake_prefix_path.sh'
[28.164s] Level 1:colcon.colcon_core.environment:checking '/home/robot/Desktop/Session09/Johnny-Answers-Session09/install/cpp_turtle/lib'
[28.164s] Level 1:colcon.colcon_core.shell:create_environment_hook('cpp_turtle', 'ld_library_path_lib')
[28.165s] INFO:colcon.colcon_core.shell:Creating environment hook '/home/robot/Desktop/Session09/Johnny-Answers-Session09/install/cpp_turtle/share/cpp_turtle/hook/ld_library_path_lib.ps1'
[28.166s] INFO:colcon.colcon_core.shell:Creating environment descriptor '/home/robot/Desktop/Session09/Johnny-Answers-Session09/install/cpp_turtle/share/cpp_turtle/hook/ld_library_path_lib.dsv'
[28.167s] INFO:colcon.colcon_core.shell:Creating environment hook '/home/robot/Desktop/Session09/Johnny-Answers-Session09/install/cpp_turtle/share/cpp_turtle/hook/ld_library_path_lib.sh'
[28.168s] Level 1:colcon.colcon_core.environment:checking '/home/robot/Desktop/Session09/Johnny-Answers-Session09/install/cpp_turtle/bin'
[28.168s] Level 1:colcon.colcon_core.environment:checking '/home/robot/Desktop/Session09/Johnny-Answers-Session09/install/cpp_turtle/lib/pkgconfig/cpp_turtle.pc'
[28.168s] Level 1:colcon.colcon_core.environment:checking '/home/robot/Desktop/Session09/Johnny-Answers-Session09/install/cpp_turtle/lib/python3.10/site-packages'
[28.170s] Level 1:colcon.colcon_core.environment:checking '/home/robot/Desktop/Session09/Johnny-Answers-Session09/install/cpp_turtle/bin'
[28.171s] INFO:colcon.colcon_core.shell:Creating package script '/home/robot/Desktop/Session09/Johnny-Answers-Session09/install/cpp_turtle/share/cpp_turtle/package.ps1'
[28.172s] INFO:colcon.colcon_core.shell:Creating package descriptor '/home/robot/Desktop/Session09/Johnny-Answers-Session09/install/cpp_turtle/share/cpp_turtle/package.dsv'
[28.173s] INFO:colcon.colcon_core.shell:Creating package script '/home/robot/Desktop/Session09/Johnny-Answers-Session09/install/cpp_turtle/share/cpp_turtle/package.sh'
[28.175s] DEBUG:colcon.colcon_core.event_handler.log_command:Invoked command in '/home/robot/Desktop/Session09/Johnny-Answers-Session09/build/cpp_turtle' returned '0': CMAKE_PREFIX_PATH=${CMAKE_PREFIX_PATH}:/opt/ros/humble /usr/bin/cmake --install /home/robot/Desktop/Session09/Johnny-Answers-Session09/build/cpp_turtle
[28.176s] INFO:colcon.colcon_core.shell:Creating package script '/home/robot/Desktop/Session09/Johnny-Answers-Session09/install/cpp_turtle/share/cpp_turtle/package.bash'
[28.178s] INFO:colcon.colcon_core.shell:Creating package script '/home/robot/Desktop/Session09/Johnny-Answers-Session09/install/cpp_turtle/share/cpp_turtle/package.zsh'
[28.179s] Level 1:colcon.colcon_core.environment:create_file_with_runtime_dependencies(/home/robot/Desktop/Session09/Johnny-Answers-Session09/install/cpp_turtle/share/colcon-core/packages/cpp_turtle)
[28.752s] Level 1:colcon.colcon_core.environment:create_environment_scripts_only(cpp_turtle)
[28.752s] Level 1:colcon.colcon_core.environment:checking '/home/robot/Desktop/Session09/Johnny-Answers-Session09/install/cpp_turtle' for CMake module files
[28.754s] Level 1:colcon.colcon_core.environment:checking '/home/robot/Desktop/Session09/Johnny-Answers-Session09/install/cpp_turtle' for CMake config files
[28.757s] Level 1:colcon.colcon_core.shell:create_environment_hook('cpp_turtle', 'cmake_prefix_path')
[28.758s] INFO:colcon.colcon_core.shell:Creating environment hook '/home/robot/Desktop/Session09/Johnny-Answers-Session09/install/cpp_turtle/share/cpp_turtle/hook/cmake_prefix_path.ps1'
[28.759s] INFO:colcon.colcon_core.shell:Creating environment descriptor '/home/robot/Desktop/Session09/Johnny-Answers-Session09/install/cpp_turtle/share/cpp_turtle/hook/cmake_prefix_path.dsv'
[28.762s] INFO:colcon.colcon_core.shell:Creating environment hook '/home/robot/Desktop/Session09/Johnny-Answers-Session09/install/cpp_turtle/share/cpp_turtle/hook/cmake_prefix_path.sh'
[28.764s] Level 1:colcon.colcon_core.environment:checking '/home/robot/Desktop/Session09/Johnny-Answers-Session09/install/cpp_turtle/lib'
[28.764s] Level 1:colcon.colcon_core.shell:create_environment_hook('cpp_turtle', 'ld_library_path_lib')
[28.765s] INFO:colcon.colcon_core.shell:Creating environment hook '/home/robot/Desktop/Session09/Johnny-Answers-Session09/install/cpp_turtle/share/cpp_turtle/hook/ld_library_path_lib.ps1'
[28.766s] INFO:colcon.colcon_core.shell:Creating environment descriptor '/home/robot/Desktop/Session09/Johnny-Answers-Session09/install/cpp_turtle/share/cpp_turtle/hook/ld_library_path_lib.dsv'
[28.767s] INFO:colcon.colcon_core.shell:Creating environment hook '/home/robot/Desktop/Session09/Johnny-Answers-Session09/install/cpp_turtle/share/cpp_turtle/hook/ld_library_path_lib.sh'
[28.768s] Level 1:colcon.colcon_core.environment:checking '/home/robot/Desktop/Session09/Johnny-Answers-Session09/install/cpp_turtle/bin'
[28.768s] Level 1:colcon.colcon_core.environment:checking '/home/robot/Desktop/Session09/Johnny-Answers-Session09/install/cpp_turtle/lib/pkgconfig/cpp_turtle.pc'
[28.769s] Level 1:colcon.colcon_core.environment:checking '/home/robot/Desktop/Session09/Johnny-Answers-Session09/install/cpp_turtle/lib/python3.10/site-packages'
[28.770s] Level 1:colcon.colcon_core.environment:checking '/home/robot/Desktop/Session09/Johnny-Answers-Session09/install/cpp_turtle/bin'
[28.771s] INFO:colcon.colcon_core.shell:Creating package script '/home/robot/Desktop/Session09/Johnny-Answers-Session09/install/cpp_turtle/share/cpp_turtle/package.ps1'
[28.773s] INFO:colcon.colcon_core.shell:Creating package descriptor '/home/robot/Desktop/Session09/Johnny-Answers-Session09/install/cpp_turtle/share/cpp_turtle/package.dsv'
[28.774s] INFO:colcon.colcon_core.shell:Creating package script '/home/robot/Desktop/Session09/Johnny-Answers-Session09/install/cpp_turtle/share/cpp_turtle/package.sh'
[28.775s] INFO:colcon.colcon_core.shell:Creating package script '/home/robot/Desktop/Session09/Johnny-Answers-Session09/install/cpp_turtle/share/cpp_turtle/package.bash'
[28.776s] INFO:colcon.colcon_core.shell:Creating package script '/home/robot/Desktop/Session09/Johnny-Answers-Session09/install/cpp_turtle/share/cpp_turtle/package.zsh'
[28.778s] Level 1:colcon.colcon_core.environment:create_file_with_runtime_dependencies(/home/robot/Desktop/Session09/Johnny-Answers-Session09/install/cpp_turtle/share/colcon-core/packages/cpp_turtle)
[28.780s] DEBUG:colcon.colcon_parallel_executor.executor.parallel:closing loop
[28.781s] DEBUG:colcon.colcon_parallel_executor.executor.parallel:loop closed
[28.781s] DEBUG:colcon.colcon_parallel_executor.executor.parallel:run_until_complete finished with '0'
[28.782s] DEBUG:colcon.colcon_core.event_reactor:joining thread
[28.794s] INFO:colcon.colcon_core.plugin_system:Skipping extension 'colcon_notification.desktop_notification.terminal_notifier': Not used on non-Darwin systems
[28.794s] INFO:colcon.colcon_core.plugin_system:Skipping extension 'colcon_notification.desktop_notification.win32': Not used on non-Windows systems
[28.794s] INFO:colcon.colcon_notification.desktop_notification:Sending desktop notification using 'notify2'
[28.835s] DEBUG:colcon.colcon_core.event_reactor:joined thread
[28.836s] INFO:colcon.colcon_core.shell:Creating prefix script '/home/robot/Desktop/Session09/Johnny-Answers-Session09/install/local_setup.ps1'
[28.838s] INFO:colcon.colcon_core.shell:Creating prefix util module '/home/robot/Desktop/Session09/Johnny-Answers-Session09/install/_local_setup_util_ps1.py'
[28.840s] INFO:colcon.colcon_core.shell:Creating prefix chain script '/home/robot/Desktop/Session09/Johnny-Answers-Session09/install/setup.ps1'
[28.844s] INFO:colcon.colcon_core.shell:Creating prefix script '/home/robot/Desktop/Session09/Johnny-Answers-Session09/install/local_setup.sh'
[28.846s] INFO:colcon.colcon_core.shell:Creating prefix util module '/home/robot/Desktop/Session09/Johnny-Answers-Session09/install/_local_setup_util_sh.py'
[28.847s] INFO:colcon.colcon_core.shell:Creating prefix chain script '/home/robot/Desktop/Session09/Johnny-Answers-Session09/install/setup.sh'
[28.849s] INFO:colcon.colcon_core.shell:Creating prefix script '/home/robot/Desktop/Session09/Johnny-Answers-Session09/install/local_setup.bash'
[28.850s] INFO:colcon.colcon_core.shell:Creating prefix chain script '/home/robot/Desktop/Session09/Johnny-Answers-Session09/install/setup.bash'
[28.852s] INFO:colcon.colcon_core.shell:Creating prefix script '/home/robot/Desktop/Session09/Johnny-Answers-Session09/install/local_setup.zsh'
[28.853s] INFO:colcon.colcon_core.shell:Creating prefix chain script '/home/robot/Desktop/Session09/Johnny-Answers-Session09/install/setup.zsh'
